[2019-12-24 10:55:51] [INFO] [MainThread] [handlers.py:63] Request Infomations:
+-----Headers-----+
| Content-Type    | application/json 
| Authorization   | eyJ0eXAiOiJKV1QiLCJhbGciOiJIUzI1NiJ9.eyJpZCI6MSwibmlja19uYW1lIjpudWxsLCJleHAiOjE1NzY4MzI4MTV9.sQQNRJBoSPADTJuoFhLd7fMD0Jg2yjuDpjZ8v38nVQA 
| User-Agent      | PostmanRuntime/7.21.0 
| Accept          | */*             
| Cache-Control   | no-cache        
| Postman-Token   | ed8d6933-9eb7-42b3-a075-2d27d0677ade 
| Host            | 127.0.0.1:8084  
| Accept-Encoding | gzip, deflate   
| Content-Length  | 65              
| Connection      | keep-alive      
+----Arguments----+
| 'suite_name'    | '123222213'     
| 'cases'         | [33]            
| 'desc'          | '123123'        

[2019-12-24 10:55:51] [INFO] [MainThread] [handlers.py:44] Response Infomations:
+-----Headers-----+
| Content-Type    | application/json 

Body:
| {
|     "code": 1,
|     "msg": "success",
|     "data": [
|         {
|             "id": 2,
|             "add_time": "2019-12-23T18:22:07",
|             "suite_name": "123222213",
|             "creator": {
|                 "id": 1,
|                 "add_time": "2019-12-24T10:55:51.651728",
|                 "account": null,
|                 "password": null,
|                 "nick_name": null,
|                 "head_url": null,
|                 "address": null,
|                 "desc": null,
|                 "gender": null
|             },
|             "desc": "123123"
|         },
|         {
|             "id": 1,
|             "add_time": "2019-12-23T18:21:18",
|             "suite_name": "123213",
|             "creator": {
|                 "id": 1,
|                 "add_time": "2019-12-24T10:55:51.652725",
|                 "account": null,
|                 "password": null,
|                 "nick_name": null,
|                 "head_url": null,
|                 "address": null,
|                 "desc": null,
|                 "gender": null
|             },
|             "desc": "123123"
|         }
|     ]
| }
