[2019-12-03 19:14:07] [INFO] [MainThread] [handlers.py:63] Request Infomations:
+-----Headers-----+
| Content-Type    | application/json 
| Authorization   | eyJ0eXAiOiJKV1QiLCJhbGciOiJIUzI1NiJ9.eyJpZCI6MSwibmlja19uYW1lIjpudWxsLCJleHAiOjE1NzQ3NTIxNzd9.lsuunSK7H4MUPRRm-P6uWJxAqSpLvm7yJ6CS0LVBwa8 
| User-Agent      | PostmanRuntime/7.20.1 
| Accept          | */*             
| Cache-Control   | no-cache        
| Postman-Token   | afb37089-8b4a-4277-8e04-2ed571b7c239 
| Host            | 127.0.0.1:8084  
| Accept-Encoding | gzip, deflate   
| Content-Length  | 1157            
| Connection      | keep-alive      
+----Arguments----+
| 'url'           | '/v31/mem/action/login' 
| 'method'        | 'post'          
| 'headers'       | "{'Content-Type': 'application/json', 'User-Agent': 'Autoyol_107:Android_28|91AE0144CE0782302F461E04A034F098D30A00DC04FA03A781D9F3CE45', 'Accept': 'application/json;version=3.0;compress=false'}" 
| 'params'        | "{'publicCityCode': '021', 'IMEI': '06FB700B-5719-4CF0-AD14-FE68BD9B63CF', 'mobile': '13601603008', 'AppVersion': '101', 'schema': 'B', 'PublicLatitude': '31.332778', 'PublicLongitude': '121.450570', 'password': '3d4f2bf07dc1be38b20cd6e46949a1071f9d0e3d', 'deviceName': 'iPhone8,1', 'loginType': 'password', 'OS': 'IOS', 'OsVersion': '13.1.3', 'ModuleName': 'v31\\/mem\\/action\\/login', 'publicToken': '0', 'requestId': '06FB700B-5719-4CF0-AD14-FE68BD9B63CF4789275207346362241'}\n" 
| 'project'       | '6'             

[2019-12-03 19:14:07] [INFO] [MainThread] [handlers.py:44] Response Infomations:
+-----Headers-----+
| Content-Type    | application/json 

Body:
| InterfacesDebugHandler object has list index out of range
[2019-12-03 19:14:16] [INFO] [MainThread] [handlers.py:63] Request Infomations:
+-----Headers-----+
| Host            | 127.0.0.1:8084  
| Connection      | keep-alive      
| Access-Control-Request-Method | GET             
| Origin          | http://localhost:8080 
| User-Agent      | Mozilla/5.0 (Windows NT 10.0; WOW64) AppleWebKit/537.36 (KHTML, like Gecko) Chrome/78.0.3904.87 Safari/537.36 
| Access-Control-Request-Headers | authorization   
| Accept          | */*             
| Sec-Fetch-Site  | cross-site      
| Sec-Fetch-Mode  | cors            
| Referer         | http://localhost:8080/interfacesManage 
| Accept-Encoding | gzip, deflate, br 
| Accept-Language | zh-CN,zh;q=0.9  

[2019-12-03 19:14:16] [INFO] [MainThread] [handlers.py:44] Response Infomations:
+-----Headers-----+
| Content-Type    | application/json 

Body:
| DbSettingHandler object has list index out of range
[2019-12-03 19:14:16] [INFO] [MainThread] [handlers.py:63] Request Infomations:
+-----Headers-----+
| Host            | 127.0.0.1:8084  
| Connection      | keep-alive      
| Access-Control-Request-Method | GET             
| Origin          | http://localhost:8080 
| User-Agent      | Mozilla/5.0 (Windows NT 10.0; WOW64) AppleWebKit/537.36 (KHTML, like Gecko) Chrome/78.0.3904.87 Safari/537.36 
| Access-Control-Request-Headers | authorization   
| Accept          | */*             
| Sec-Fetch-Site  | cross-site      
| Sec-Fetch-Mode  | cors            
| Referer         | http://localhost:8080/interfacesManage 
| Accept-Encoding | gzip, deflate, br 
| Accept-Language | zh-CN,zh;q=0.9  

[2019-12-03 19:14:16] [INFO] [MainThread] [handlers.py:44] Response Infomations:
+-----Headers-----+
| Content-Type    | application/json 

Body:
| DbSettingHandler object has list index out of range
[2019-12-03 19:14:16] [INFO] [MainThread] [handlers.py:63] Request Infomations:
+-----Headers-----+
| Host            | 127.0.0.1:8084  
| Connection      | keep-alive      
| Accept          | application/json, text/plain, */* 
| Origin          | http://localhost:8080 
| Authorization   | eyJ0eXAiOiJKV1QiLCJhbGciOiJIUzI1NiJ9.eyJpZCI6MSwibmlja19uYW1lIjpudWxsLCJleHAiOjE1NzUwMjI1MzJ9.pTzgTRDJHyQfEiLyRTxhcDf10FBCvG0_eyP1Wv0pPzY 
| User-Agent      | Mozilla/5.0 (Windows NT 10.0; WOW64) AppleWebKit/537.36 (KHTML, like Gecko) Chrome/78.0.3904.87 Safari/537.36 
| Sec-Fetch-Site  | cross-site      
| Sec-Fetch-Mode  | cors            
| Referer         | http://localhost:8080/interfacesManage 
| Accept-Encoding | gzip, deflate, br 
| Accept-Language | zh-CN,zh;q=0.9  

[2019-12-03 19:14:16] [INFO] [MainThread] [handlers.py:44] Response Infomations:
+-----Headers-----+
| Content-Type    | application/json 

Body:
| {
|     "code": 1,
|     "msg": "数据库配置数据查询成功!",
|     "data": [
|         {
|             "id": 2,
|             "add_time": "2019-11-27T18:02:58",
|             "name": "3131",
|             "creator": {
|                 "id": 1,
|                 "add_time": "2019-12-03T19:14:16.319039",
|                 "account": null,
|                 "password": null,
|                 "nick_name": null,
|                 "head_url": null,
|                 "address": null,
|                 "desc": null,
|                 "gender": null
|             },
|             "db_type": "313",
|             "db_user": "31",
|             "db_password": "31",
|             "db_host": "31",
|             "db_port": 31,
|             "desc": "31"
|         }
|     ]
| }
[2019-12-03 19:14:16] [INFO] [MainThread] [handlers.py:63] Request Infomations:
+-----Headers-----+
| Host            | 127.0.0.1:8084  
| Connection      | keep-alive      
| Accept          | application/json, text/plain, */* 
| Origin          | http://localhost:8080 
| Authorization   | eyJ0eXAiOiJKV1QiLCJhbGciOiJIUzI1NiJ9.eyJpZCI6MSwibmlja19uYW1lIjpudWxsLCJleHAiOjE1NzUwMjI1MzJ9.pTzgTRDJHyQfEiLyRTxhcDf10FBCvG0_eyP1Wv0pPzY 
| User-Agent      | Mozilla/5.0 (Windows NT 10.0; WOW64) AppleWebKit/537.36 (KHTML, like Gecko) Chrome/78.0.3904.87 Safari/537.36 
| Sec-Fetch-Site  | cross-site      
| Sec-Fetch-Mode  | cors            
| Referer         | http://localhost:8080/interfacesManage 
| Accept-Encoding | gzip, deflate, br 
| Accept-Language | zh-CN,zh;q=0.9  
| If-None-Match   | "d0e906b89a9df77f2fe4fc4efc98f2273f1668e8" 

[2019-12-03 19:14:16] [INFO] [MainThread] [handlers.py:44] Response Infomations:
+-----Headers-----+
| Content-Type    | application/json 

Body:
| {
|     "code": 1,
|     "msg": "数据库配置数据查询成功!",
|     "data": [
|         {
|             "id": 2,
|             "add_time": "2019-11-27T18:02:58",
|             "name": "3131",
|             "creator": {
|                 "id": 1,
|                 "add_time": "2019-12-03T19:14:16.333918",
|                 "account": null,
|                 "password": null,
|                 "nick_name": null,
|                 "head_url": null,
|                 "address": null,
|                 "desc": null,
|                 "gender": null
|             },
|             "db_type": "313",
|             "db_user": "31",
|             "db_password": "31",
|             "db_host": "31",
|             "db_port": 31,
|             "desc": "31"
|         }
|     ]
| }
[2019-12-03 19:14:17] [INFO] [MainThread] [handlers.py:63] Request Infomations:
+-----Headers-----+
| Content-Type    | application/json 
| Authorization   | eyJ0eXAiOiJKV1QiLCJhbGciOiJIUzI1NiJ9.eyJpZCI6MSwibmlja19uYW1lIjpudWxsLCJleHAiOjE1NzQ3NTIxNzd9.lsuunSK7H4MUPRRm-P6uWJxAqSpLvm7yJ6CS0LVBwa8 
| User-Agent      | PostmanRuntime/7.20.1 
| Accept          | */*             
| Cache-Control   | no-cache        
| Postman-Token   | 37230155-2f25-4ea3-9a89-99018c7aa355 
| Host            | 127.0.0.1:8084  
| Accept-Encoding | gzip, deflate   
| Content-Length  | 1157            
| Connection      | keep-alive      
+----Arguments----+
| 'url'           | '/v31/mem/action/login' 
| 'method'        | 'post'          
| 'headers'       | "{'Content-Type': 'application/json', 'User-Agent': 'Autoyol_107:Android_28|91AE0144CE0782302F461E04A034F098D30A00DC04FA03A781D9F3CE45', 'Accept': 'application/json;version=3.0;compress=false'}" 
| 'params'        | "{'publicCityCode': '021', 'IMEI': '06FB700B-5719-4CF0-AD14-FE68BD9B63CF', 'mobile': '13601603008', 'AppVersion': '101', 'schema': 'B', 'PublicLatitude': '31.332778', 'PublicLongitude': '121.450570', 'password': '3d4f2bf07dc1be38b20cd6e46949a1071f9d0e3d', 'deviceName': 'iPhone8,1', 'loginType': 'password', 'OS': 'IOS', 'OsVersion': '13.1.3', 'ModuleName': 'v31\\/mem\\/action\\/login', 'publicToken': '0', 'requestId': '06FB700B-5719-4CF0-AD14-FE68BD9B63CF4789275207346362241'}\n" 
| 'project'       | '6'             

[2019-12-03 19:14:17] [INFO] [MainThread] [handlers.py:44] Response Infomations:
+-----Headers-----+
| Content-Type    | application/json 

Body:
| InterfacesDebugHandler object has list index out of range
[2019-12-03 19:14:24] [INFO] [MainThread] [handlers.py:63] Request Infomations:
+-----Headers-----+
| Host            | 127.0.0.1:8084  
| Connection      | keep-alive      
| Accept          | application/json, text/plain, */* 
| Origin          | http://localhost:8080 
| Authorization   | eyJ0eXAiOiJKV1QiLCJhbGciOiJIUzI1NiJ9.eyJpZCI6MSwibmlja19uYW1lIjpudWxsLCJleHAiOjE1NzUwMjI1MzJ9.pTzgTRDJHyQfEiLyRTxhcDf10FBCvG0_eyP1Wv0pPzY 
| User-Agent      | Mozilla/5.0 (Windows NT 10.0; WOW64) AppleWebKit/537.36 (KHTML, like Gecko) Chrome/78.0.3904.87 Safari/537.36 
| Sec-Fetch-Site  | cross-site      
| Sec-Fetch-Mode  | cors            
| Referer         | http://localhost:8080/interfacesManage 
| Accept-Encoding | gzip, deflate, br 
| Accept-Language | zh-CN,zh;q=0.9  
| If-None-Match   | "9855b8ee02919d53733171faa2cf104ffcf0b531" 

[2019-12-03 19:14:24] [INFO] [MainThread] [handlers.py:44] Response Infomations:
+-----Headers-----+
| Content-Type    | application/json 

Body:
| {
|     "code": 1,
|     "msg": "数据库配置数据查询成功!",
|     "data": [
|         {
|             "id": 2,
|             "add_time": "2019-11-27T18:02:58",
|             "name": "3131",
|             "creator": {
|                 "id": 1,
|                 "add_time": "2019-12-03T19:14:24.454397",
|                 "account": null,
|                 "password": null,
|                 "nick_name": null,
|                 "head_url": null,
|                 "address": null,
|                 "desc": null,
|                 "gender": null
|             },
|             "db_type": "313",
|             "db_user": "31",
|             "db_password": "31",
|             "db_host": "31",
|             "db_port": 31,
|             "desc": "31"
|         }
|     ]
| }
[2019-12-03 19:14:24] [INFO] [MainThread] [handlers.py:63] Request Infomations:
+-----Headers-----+
| Host            | 127.0.0.1:8084  
| Connection      | keep-alive      
| Accept          | application/json, text/plain, */* 
| Origin          | http://localhost:8080 
| Authorization   | eyJ0eXAiOiJKV1QiLCJhbGciOiJIUzI1NiJ9.eyJpZCI6MSwibmlja19uYW1lIjpudWxsLCJleHAiOjE1NzUwMjI1MzJ9.pTzgTRDJHyQfEiLyRTxhcDf10FBCvG0_eyP1Wv0pPzY 
| User-Agent      | Mozilla/5.0 (Windows NT 10.0; WOW64) AppleWebKit/537.36 (KHTML, like Gecko) Chrome/78.0.3904.87 Safari/537.36 
| Sec-Fetch-Site  | cross-site      
| Sec-Fetch-Mode  | cors            
| Referer         | http://localhost:8080/interfacesManage 
| Accept-Encoding | gzip, deflate, br 
| Accept-Language | zh-CN,zh;q=0.9  
| If-None-Match   | "9e034c9427efa69ea7b9e71960e984f8cadb35d9" 

[2019-12-03 19:14:24] [INFO] [MainThread] [handlers.py:44] Response Infomations:
+-----Headers-----+
| Content-Type    | application/json 

Body:
| {
|     "code": 1,
|     "msg": "数据库配置数据查询成功!",
|     "data": [
|         {
|             "id": 2,
|             "add_time": "2019-11-27T18:02:58",
|             "name": "3131",
|             "creator": {
|                 "id": 1,
|                 "add_time": "2019-12-03T19:14:24.472254",
|                 "account": null,
|                 "password": null,
|                 "nick_name": null,
|                 "head_url": null,
|                 "address": null,
|                 "desc": null,
|                 "gender": null
|             },
|             "db_type": "313",
|             "db_user": "31",
|             "db_password": "31",
|             "db_host": "31",
|             "db_port": 31,
|             "desc": "31"
|         }
|     ]
| }
[2019-12-03 19:14:45] [INFO] [MainThread] [handlers.py:63] Request Infomations:
+-----Headers-----+
| Content-Type    | application/json 
| Authorization   | eyJ0eXAiOiJKV1QiLCJhbGciOiJIUzI1NiJ9.eyJpZCI6MSwibmlja19uYW1lIjpudWxsLCJleHAiOjE1NzUwMjI1MzJ9.pTzgTRDJHyQfEiLyRTxhcDf10FBCvG0_eyP1Wv0pPzY 
| User-Agent      | PostmanRuntime/7.20.1 
| Accept          | */*             
| Cache-Control   | no-cache        
| Postman-Token   | 6d495e26-5e1a-4886-a01e-02a9a05f55de 
| Host            | 127.0.0.1:8084  
| Accept-Encoding | gzip, deflate   
| Content-Length  | 1157            
| Connection      | keep-alive      
+----Arguments----+
| 'url'           | '/v31/mem/action/login' 
| 'method'        | 'post'          
| 'headers'       | "{'Content-Type': 'application/json', 'User-Agent': 'Autoyol_107:Android_28|91AE0144CE0782302F461E04A034F098D30A00DC04FA03A781D9F3CE45', 'Accept': 'application/json;version=3.0;compress=false'}" 
| 'params'        | "{'publicCityCode': '021', 'IMEI': '06FB700B-5719-4CF0-AD14-FE68BD9B63CF', 'mobile': '13601603008', 'AppVersion': '101', 'schema': 'B', 'PublicLatitude': '31.332778', 'PublicLongitude': '121.450570', 'password': '3d4f2bf07dc1be38b20cd6e46949a1071f9d0e3d', 'deviceName': 'iPhone8,1', 'loginType': 'password', 'OS': 'IOS', 'OsVersion': '13.1.3', 'ModuleName': 'v31\\/mem\\/action\\/login', 'publicToken': '0', 'requestId': '06FB700B-5719-4CF0-AD14-FE68BD9B63CF4789275207346362241'}\n" 
| 'project'       | '6'             

[2019-12-03 19:14:45] [INFO] [MainThread] [handlers.py:44] Response Infomations:
+-----Headers-----+
| Content-Type    | application/json 

Body:
| {
|     "code": 1,
|     "msg": "接口请求成功",
|     "data": 0.4872255325317383
| }
