[2019-11-29 17:49:54] [INFO] [MainThread] [handlers.py:63] Request Infomations:
+-----Headers-----+
| Connection      | close           
| Host            | 127.0.0.1:63284 
| Content-Length  | 51              
| Content-Type    | application/x-www-form-urlencoded 
| Accept-Encoding | gzip            
+----Arguments----+
| 'account'       | '123456@163.com' 
| 'password'      | '123456'        

[2019-11-29 17:49:54] [INFO] [MainThread] [handlers.py:44] Response Infomations:
+-----Headers-----+
| Content-Type    | application/json 

Body:
| {
|     "code": 1,
|     "msg": "登陆成功",
|     "data": {
|         "id": 1,
|         "nick_name": "123456@163.com",
|         "token": "eyJ0eXAiOiJKV1QiLCJhbGciOiJIUzI1NiJ9.eyJpZCI6MSwibmlja19uYW1lIjpudWxsLCJleHAiOjE1NzUwMjA5OTR9.taBibmlGeQ_eI5ePD6pRzewbXVs9IajDNsWPSJ_B0WI"
|     }
| }
[2019-11-29 17:49:54] [INFO] [MainThread] [handlers.py:63] Request Infomations:
+-----Headers-----+
| Connection      | close           
| Host            | 127.0.0.1:63289 
| Content-Length  | 67              
| Content-Type    | application/x-www-form-urlencoded 
| Accept-Encoding | gzip            
+----Arguments----+
| 'account'       | '181081@163.com' 
| 'code'          | 'None'          
| 'password'      | '123456'        

[2019-11-29 17:49:54] [INFO] [MainThread] [handlers.py:44] Response Infomations:
+-----Headers-----+
| Content-Type    | application/json 

Body:
| {
|     "code": 10018,
|     "msg": "验证码失效或不正确！",
|     "data": null
| }
[2019-11-29 17:49:54] [INFO] [MainThread] [handlers.py:63] Request Infomations:
+-----Headers-----+
| Connection      | close           
| Host            | 127.0.0.1:63294 
| Content-Length  | 29              
| Content-Type    | application/x-www-form-urlencoded 
| Accept-Encoding | gzip            
+----Arguments----+
| 'account'       | '181081@163.com' 

[2019-11-29 17:49:54] [INFO] [MainThread] [handlers.py:44] Response Infomations:
+-----Headers-----+
| Content-Type    | application/json 

Body:
| {
|     "code": 1,
|     "msg": "验证码已发送，请注意接收",
|     "data": {
|         "account": "181081@163.com",
|         "VerCode": "6797"
|     }
| }
