[2019-12-17 15:03:50] [INFO] [MainThread] [handlers.py:63] Request Infomations:
+-----Headers-----+
| Host            | 127.0.0.1:8084  
| Connection      | keep-alive      
| Access-Control-Request-Method | GET             
| Origin          | http://localhost:8080 
| User-Agent      | Mozilla/5.0 (Windows NT 10.0; WOW64) AppleWebKit/537.36 (KHTML, like Gecko) Chrome/78.0.3904.87 Safari/537.36 
| Access-Control-Request-Headers | authorization   
| Accept          | */*             
| Sec-Fetch-Site  | cross-site      
| Sec-Fetch-Mode  | cors            
| Referer         | http://localhost:8080/testCaseManage 
| Accept-Encoding | gzip, deflate, br 
| Accept-Language | zh-CN,zh;q=0.9  

[2019-12-17 15:03:50] [INFO] [MainThread] [handlers.py:44] Response Infomations:
+-----Headers-----+
| Content-Type    | application/json 

Body:
| InterfacesHandler object has list index out of range
[2019-12-17 15:03:50] [INFO] [MainThread] [handlers.py:63] Request Infomations:
+-----Headers-----+
| Host            | 127.0.0.1:8084  
| Connection      | keep-alive      
| Accept          | application/json, text/plain, */* 
| Origin          | http://localhost:8080 
| Authorization   | eyJ0eXAiOiJKV1QiLCJhbGciOiJIUzI1NiJ9.eyJpZCI6MSwibmlja19uYW1lIjpudWxsLCJleHAiOjE1NzYyMjI3NTR9.KdwdPYH43DI8Qt2bY08dEz5fUhB-lnD5S3NCS2iF4fo 
| User-Agent      | Mozilla/5.0 (Windows NT 10.0; WOW64) AppleWebKit/537.36 (KHTML, like Gecko) Chrome/78.0.3904.87 Safari/537.36 
| Sec-Fetch-Site  | cross-site      
| Sec-Fetch-Mode  | cors            
| Referer         | http://localhost:8080/testCaseManage 
| Accept-Encoding | gzip, deflate, br 
| Accept-Language | zh-CN,zh;q=0.9  
| If-None-Match   | "dce3d8b4039d77cc3fb30ff3649c84996dccc84e" 

[2019-12-17 15:03:50] [INFO] [MainThread] [handlers.py:44] Response Infomations:
+-----Headers-----+
| Content-Type    | application/json 

Body:
| {
|     "code": 1,
|     "msg": "接口数据查询成功!",
|     "data": [
|         {
|             "id": 8,
|             "add_time": "2019-12-05T20:16:55",
|             "interface_name": "第三大学",
|             "url": "32131231",
|             "method": "post",
|             "headers": "{\"Accept\":\"3123131\"}",
|             "params": "{\"31312\":\"31312\"}",
|             "creator": {
|                 "id": 1,
|                 "add_time": "2019-12-17T15:03:50.823980",
|                 "account": null,
|                 "password": null,
|                 "nick_name": null,
|                 "head_url": null,
|                 "address": null,
|                 "desc": null,
|                 "gender": null
|             },
|             "project": {
|                 "id": 8,
|                 "add_time": "2019-12-17T15:03:50.823980",
|                 "name": "嘻嘻嘻嘻嘻嘻嘻嘻",
|                 "env": null,
|                 "creator": null,
|                 "desc": null
|             },
|             "desc": "打打"
|         },
|         {
|             "id": 9,
|             "add_time": "2019-12-05T20:18:19",
|             "interface_name": "打打",
|             "url": "32131231",
|             "method": "post",
|             "headers": "{\"Accept\":\"3123131\",\"Accept-Charset\":\"32123213221\"}",
|             "params": "{\"3131\":\"3122313\",\"31312\":\"31312\"}",
|             "creator": {
|                 "id": 1,
|                 "add_time": "2019-12-17T15:03:50.824969",
|                 "account": null,
|                 "password": null,
|                 "nick_name": null,
|                 "head_url": null,
|                 "address": null,
|                 "desc": null,
|                 "gender": null
|             },
|             "project": {
|                 "id": 8,
|                 "add_time": "2019-12-17T15:03:50.824969",
|                 "name": "嘻嘻嘻嘻嘻嘻嘻嘻",
|                 "env": null,
|                 "creator": null,
|                 "desc": null
|             },
|             "desc": "打打"
|         },
|         {
|             "id": 10,
|             "add_time": "2019-12-05T20:16:55",
|             "interface_name": "李四",
|             "url": "32131231",
|             "method": "post",
|             "headers": "{\"Accept\":\"3123131\"}",
|             "params": "{\"31312\":\"31312\"}",
|             "creator": {
|                 "id": 1,
|                 "add_time": "2019-12-17T15:03:50.824969",
|                 "account": null,
|                 "password": null,
|                 "nick_name": null,
|                 "head_url": null,
|                 "address": null,
|                 "desc": null,
|                 "gender": null
|             },
|             "project": {
|                 "id": 8,
|                 "add_time": "2019-12-17T15:03:50.824969",
|                 "name": "嘻嘻嘻嘻嘻嘻嘻嘻",
|                 "env": null,
|                 "creator": null,
|                 "desc": null
|             },
|             "desc": "打打"
|         },
|         {
|             "id": 11,
|             "add_time": "2019-12-05T20:16:55",
|             "interface_name": "王五",
|             "url": "32131231",
|             "method": "post",
|             "headers": "{\"Accept\":\"3123131\"}",
|             "params": "{\"31312\":\"31312\"}",
|             "creator": {
|                 "id": 1,
|                 "add_time": "2019-12-17T15:03:50.824969",
|                 "account": null,
|                 "password": null,
|                 "nick_name": null,
|                 "head_url": null,
|                 "address": null,
|                 "desc": null,
|                 "gender": null
|             },
|             "project": {
|                 "id": 8,
|                 "add_time": "2019-12-17T15:03:50.824969",
|                 "name": "嘻嘻嘻嘻嘻嘻嘻嘻",
|                 "env": null,
|                 "creator": null,
|                 "desc": null
|             },
|             "desc": "打打"
|         },
|         {
|             "id": 12,
|             "add_time": "2019-12-13T17:13:01",
|             "interface_name": "31",
|             "url": "1",
|             "method": "POST",
|             "headers": "{}",
|             "params": "{}",
|             "creator": {
|                 "id": 1,
|                 "add_time": "2019-12-17T15:03:50.824969",
|                 "account": null,
|                 "password": null,
|                 "nick_name": null,
|                 "head_url": null,
|                 "address": null,
|                 "desc": null,
|                 "gender": null
|             },
|             "project": {
|                 "id": 8,
|                 "add_time": "2019-12-17T15:03:50.824969",
|                 "name": "嘻嘻嘻嘻嘻嘻嘻嘻",
|                 "env": null,
|                 "creator": null,
|                 "desc": null
|             },
|             "desc": "3131"
|         },
|         {
|             "id": 14,
|             "add_time": "2019-12-13T17:14:05",
|             "interface_name": "无敌",
|             "url": "213132",
|             "method": "POST",
|             "headers": "{}",
|             "params": "{}",
|             "creator": {
|                 "id": 1,
|                 "add_time": "2019-12-17T15:03:50.824969",
|                 "account": null,
|                 "password": null,
|                 "nick_name": null,
|                 "head_url": null,
|                 "address": null,
|                 "desc": null,
|                 "gender": null
|             },
|             "project": {
|                 "id": 8,
|                 "add_time": "2019-12-17T15:03:50.824969",
|                 "name": "嘻嘻嘻嘻嘻嘻嘻嘻",
|                 "env": null,
|                 "creator": null,
|                 "desc": null
|             },
|             "desc": "213"
|         },
|         {
|             "id": 13,
|             "add_time": "2019-12-13T17:13:32",
|             "interface_name": "3131",
|             "url": "3131",
|             "method": "get",
|             "headers": "{}",
|             "params": "=",
|             "creator": {
|                 "id": 1,
|                 "add_time": "2019-12-17T15:03:50.824969",
|                 "account": null,
|                 "password": null,
|                 "nick_name": null,
|                 "head_url": null,
|                 "address": null,
|                 "desc": null,
|                 "gender": null
|             },
|             "project": {
|                 "id": 7,
|                 "add_time": "2019-12-17T15:03:50.825960",
|                 "name": "12312",
|                 "env": null,
|                 "creator": null,
|                 "desc": null
|             },
|             "desc": "31"
|         }
|     ]
| }
[2019-12-17 15:03:56] [INFO] [MainThread] [handlers.py:63] Request Infomations:
+-----Headers-----+
| Host            | 127.0.0.1:8084  
| Connection      | keep-alive      
| Access-Control-Request-Method | GET             
| Origin          | http://localhost:8080 
| User-Agent      | Mozilla/5.0 (Windows NT 10.0; WOW64) AppleWebKit/537.36 (KHTML, like Gecko) Chrome/78.0.3904.87 Safari/537.36 
| Access-Control-Request-Headers | authorization   
| Accept          | */*             
| Sec-Fetch-Site  | cross-site      
| Sec-Fetch-Mode  | cors            
| Referer         | http://localhost:8080/interfacesManage 
| Accept-Encoding | gzip, deflate, br 
| Accept-Language | zh-CN,zh;q=0.9  
+----Arguments----+
| 'currentPage'   | [b'1']          

[2019-12-17 15:03:56] [INFO] [MainThread] [handlers.py:44] Response Infomations:
+-----Headers-----+
| Content-Type    | application/json 

Body:
| InterfacesHandler object has list index out of range
[2019-12-17 15:03:56] [INFO] [MainThread] [handlers.py:63] Request Infomations:
+-----Headers-----+
| Host            | 127.0.0.1:8084  
| Connection      | keep-alive      
| Access-Control-Request-Method | GET             
| Origin          | http://localhost:8080 
| User-Agent      | Mozilla/5.0 (Windows NT 10.0; WOW64) AppleWebKit/537.36 (KHTML, like Gecko) Chrome/78.0.3904.87 Safari/537.36 
| Access-Control-Request-Headers | authorization   
| Accept          | */*             
| Sec-Fetch-Site  | cross-site      
| Sec-Fetch-Mode  | cors            
| Referer         | http://localhost:8080/interfacesManage 
| Accept-Encoding | gzip, deflate, br 
| Accept-Language | zh-CN,zh;q=0.9  
+----Arguments----+
| 'currentPage'   | [b'1']          

[2019-12-17 15:03:56] [INFO] [MainThread] [handlers.py:44] Response Infomations:
+-----Headers-----+
| Content-Type    | application/json 

Body:
| InterfacesHandler object has list index out of range
[2019-12-17 15:03:56] [INFO] [MainThread] [handlers.py:63] Request Infomations:
+-----Headers-----+
| Host            | 127.0.0.1:8084  
| Connection      | keep-alive      
| Accept          | application/json, text/plain, */* 
| Origin          | http://localhost:8080 
| Authorization   | eyJ0eXAiOiJKV1QiLCJhbGciOiJIUzI1NiJ9.eyJpZCI6MSwibmlja19uYW1lIjpudWxsLCJleHAiOjE1NzYyMjI3NTR9.KdwdPYH43DI8Qt2bY08dEz5fUhB-lnD5S3NCS2iF4fo 
| User-Agent      | Mozilla/5.0 (Windows NT 10.0; WOW64) AppleWebKit/537.36 (KHTML, like Gecko) Chrome/78.0.3904.87 Safari/537.36 
| Sec-Fetch-Site  | cross-site      
| Sec-Fetch-Mode  | cors            
| Referer         | http://localhost:8080/interfacesManage 
| Accept-Encoding | gzip, deflate, br 
| Accept-Language | zh-CN,zh;q=0.9  
| If-None-Match   | "38178c4362a37399167698903db2019f1ea0a278" 
+----Arguments----+
| 'currentPage'   | [b'1']          

[2019-12-17 15:03:56] [INFO] [MainThread] [handlers.py:44] Response Infomations:
+-----Headers-----+
| Content-Type    | application/json 

Body:
| {
|     "code": 1,
|     "msg": "接口数据查询成功!",
|     "data": [
|         {
|             "id": 8,
|             "add_time": "2019-12-05T20:16:55",
|             "interface_name": "第三大学",
|             "url": "32131231",
|             "method": "post",
|             "headers": "{\"Accept\":\"3123131\"}",
|             "params": "{\"31312\":\"31312\"}",
|             "creator": {
|                 "id": 1,
|                 "add_time": "2019-12-17T15:03:56.374102",
|                 "account": null,
|                 "password": null,
|                 "nick_name": null,
|                 "head_url": null,
|                 "address": null,
|                 "desc": null,
|                 "gender": null
|             },
|             "project": {
|                 "id": 8,
|                 "add_time": "2019-12-17T15:03:56.374102",
|                 "name": "嘻嘻嘻嘻嘻嘻嘻嘻",
|                 "env": null,
|                 "creator": null,
|                 "desc": null
|             },
|             "desc": "打打"
|         },
|         {
|             "id": 9,
|             "add_time": "2019-12-05T20:18:19",
|             "interface_name": "打打",
|             "url": "32131231",
|             "method": "post",
|             "headers": "{\"Accept\":\"3123131\",\"Accept-Charset\":\"32123213221\"}",
|             "params": "{\"3131\":\"3122313\",\"31312\":\"31312\"}",
|             "creator": {
|                 "id": 1,
|                 "add_time": "2019-12-17T15:03:56.374102",
|                 "account": null,
|                 "password": null,
|                 "nick_name": null,
|                 "head_url": null,
|                 "address": null,
|                 "desc": null,
|                 "gender": null
|             },
|             "project": {
|                 "id": 8,
|                 "add_time": "2019-12-17T15:03:56.374102",
|                 "name": "嘻嘻嘻嘻嘻嘻嘻嘻",
|                 "env": null,
|                 "creator": null,
|                 "desc": null
|             },
|             "desc": "打打"
|         },
|         {
|             "id": 10,
|             "add_time": "2019-12-05T20:16:55",
|             "interface_name": "李四",
|             "url": "32131231",
|             "method": "post",
|             "headers": "{\"Accept\":\"3123131\"}",
|             "params": "{\"31312\":\"31312\"}",
|             "creator": {
|                 "id": 1,
|                 "add_time": "2019-12-17T15:03:56.374102",
|                 "account": null,
|                 "password": null,
|                 "nick_name": null,
|                 "head_url": null,
|                 "address": null,
|                 "desc": null,
|                 "gender": null
|             },
|             "project": {
|                 "id": 8,
|                 "add_time": "2019-12-17T15:03:56.374102",
|                 "name": "嘻嘻嘻嘻嘻嘻嘻嘻",
|                 "env": null,
|                 "creator": null,
|                 "desc": null
|             },
|             "desc": "打打"
|         },
|         {
|             "id": 11,
|             "add_time": "2019-12-05T20:16:55",
|             "interface_name": "王五",
|             "url": "32131231",
|             "method": "post",
|             "headers": "{\"Accept\":\"3123131\"}",
|             "params": "{\"31312\":\"31312\"}",
|             "creator": {
|                 "id": 1,
|                 "add_time": "2019-12-17T15:03:56.374102",
|                 "account": null,
|                 "password": null,
|                 "nick_name": null,
|                 "head_url": null,
|                 "address": null,
|                 "desc": null,
|                 "gender": null
|             },
|             "project": {
|                 "id": 8,
|                 "add_time": "2019-12-17T15:03:56.374102",
|                 "name": "嘻嘻嘻嘻嘻嘻嘻嘻",
|                 "env": null,
|                 "creator": null,
|                 "desc": null
|             },
|             "desc": "打打"
|         },
|         {
|             "id": 12,
|             "add_time": "2019-12-13T17:13:01",
|             "interface_name": "31",
|             "url": "1",
|             "method": "POST",
|             "headers": "{}",
|             "params": "{}",
|             "creator": {
|                 "id": 1,
|                 "add_time": "2019-12-17T15:03:56.374102",
|                 "account": null,
|                 "password": null,
|                 "nick_name": null,
|                 "head_url": null,
|                 "address": null,
|                 "desc": null,
|                 "gender": null
|             },
|             "project": {
|                 "id": 8,
|                 "add_time": "2019-12-17T15:03:56.374102",
|                 "name": "嘻嘻嘻嘻嘻嘻嘻嘻",
|                 "env": null,
|                 "creator": null,
|                 "desc": null
|             },
|             "desc": "3131"
|         },
|         {
|             "id": 14,
|             "add_time": "2019-12-13T17:14:05",
|             "interface_name": "无敌",
|             "url": "213132",
|             "method": "POST",
|             "headers": "{}",
|             "params": "{}",
|             "creator": {
|                 "id": 1,
|                 "add_time": "2019-12-17T15:03:56.374102",
|                 "account": null,
|                 "password": null,
|                 "nick_name": null,
|                 "head_url": null,
|                 "address": null,
|                 "desc": null,
|                 "gender": null
|             },
|             "project": {
|                 "id": 8,
|                 "add_time": "2019-12-17T15:03:56.375099",
|                 "name": "嘻嘻嘻嘻嘻嘻嘻嘻",
|                 "env": null,
|                 "creator": null,
|                 "desc": null
|             },
|             "desc": "213"
|         },
|         {
|             "id": 13,
|             "add_time": "2019-12-13T17:13:32",
|             "interface_name": "3131",
|             "url": "3131",
|             "method": "get",
|             "headers": "{}",
|             "params": "=",
|             "creator": {
|                 "id": 1,
|                 "add_time": "2019-12-17T15:03:56.375099",
|                 "account": null,
|                 "password": null,
|                 "nick_name": null,
|                 "head_url": null,
|                 "address": null,
|                 "desc": null,
|                 "gender": null
|             },
|             "project": {
|                 "id": 7,
|                 "add_time": "2019-12-17T15:03:56.375099",
|                 "name": "12312",
|                 "env": null,
|                 "creator": null,
|                 "desc": null
|             },
|             "desc": "31"
|         }
|     ]
| }
[2019-12-17 15:03:56] [INFO] [MainThread] [handlers.py:63] Request Infomations:
+-----Headers-----+
| Host            | 127.0.0.1:8084  
| Connection      | keep-alive      
| Accept          | application/json, text/plain, */* 
| Origin          | http://localhost:8080 
| Authorization   | eyJ0eXAiOiJKV1QiLCJhbGciOiJIUzI1NiJ9.eyJpZCI6MSwibmlja19uYW1lIjpudWxsLCJleHAiOjE1NzYyMjI3NTR9.KdwdPYH43DI8Qt2bY08dEz5fUhB-lnD5S3NCS2iF4fo 
| User-Agent      | Mozilla/5.0 (Windows NT 10.0; WOW64) AppleWebKit/537.36 (KHTML, like Gecko) Chrome/78.0.3904.87 Safari/537.36 
| Sec-Fetch-Site  | cross-site      
| Sec-Fetch-Mode  | cors            
| Referer         | http://localhost:8080/interfacesManage 
| Accept-Encoding | gzip, deflate, br 
| Accept-Language | zh-CN,zh;q=0.9  
| If-None-Match   | "6b6755fe4ca703b834ce11c50c52083304e54317" 
+----Arguments----+
| 'currentPage'   | [b'1']          

[2019-12-17 15:03:56] [INFO] [MainThread] [handlers.py:44] Response Infomations:
+-----Headers-----+
| Content-Type    | application/json 

Body:
| {
|     "code": 1,
|     "msg": "接口数据查询成功!",
|     "data": [
|         {
|             "id": 8,
|             "add_time": "2019-12-05T20:16:55",
|             "interface_name": "第三大学",
|             "url": "32131231",
|             "method": "post",
|             "headers": "{\"Accept\":\"3123131\"}",
|             "params": "{\"31312\":\"31312\"}",
|             "creator": {
|                 "id": 1,
|                 "add_time": "2019-12-17T15:03:56.404024",
|                 "account": null,
|                 "password": null,
|                 "nick_name": null,
|                 "head_url": null,
|                 "address": null,
|                 "desc": null,
|                 "gender": null
|             },
|             "project": {
|                 "id": 8,
|                 "add_time": "2019-12-17T15:03:56.404024",
|                 "name": "嘻嘻嘻嘻嘻嘻嘻嘻",
|                 "env": null,
|                 "creator": null,
|                 "desc": null
|             },
|             "desc": "打打"
|         },
|         {
|             "id": 9,
|             "add_time": "2019-12-05T20:18:19",
|             "interface_name": "打打",
|             "url": "32131231",
|             "method": "post",
|             "headers": "{\"Accept\":\"3123131\",\"Accept-Charset\":\"32123213221\"}",
|             "params": "{\"3131\":\"3122313\",\"31312\":\"31312\"}",
|             "creator": {
|                 "id": 1,
|                 "add_time": "2019-12-17T15:03:56.404024",
|                 "account": null,
|                 "password": null,
|                 "nick_name": null,
|                 "head_url": null,
|                 "address": null,
|                 "desc": null,
|                 "gender": null
|             },
|             "project": {
|                 "id": 8,
|                 "add_time": "2019-12-17T15:03:56.404024",
|                 "name": "嘻嘻嘻嘻嘻嘻嘻嘻",
|                 "env": null,
|                 "creator": null,
|                 "desc": null
|             },
|             "desc": "打打"
|         },
|         {
|             "id": 10,
|             "add_time": "2019-12-05T20:16:55",
|             "interface_name": "李四",
|             "url": "32131231",
|             "method": "post",
|             "headers": "{\"Accept\":\"3123131\"}",
|             "params": "{\"31312\":\"31312\"}",
|             "creator": {
|                 "id": 1,
|                 "add_time": "2019-12-17T15:03:56.405020",
|                 "account": null,
|                 "password": null,
|                 "nick_name": null,
|                 "head_url": null,
|                 "address": null,
|                 "desc": null,
|                 "gender": null
|             },
|             "project": {
|                 "id": 8,
|                 "add_time": "2019-12-17T15:03:56.405020",
|                 "name": "嘻嘻嘻嘻嘻嘻嘻嘻",
|                 "env": null,
|                 "creator": null,
|                 "desc": null
|             },
|             "desc": "打打"
|         },
|         {
|             "id": 11,
|             "add_time": "2019-12-05T20:16:55",
|             "interface_name": "王五",
|             "url": "32131231",
|             "method": "post",
|             "headers": "{\"Accept\":\"3123131\"}",
|             "params": "{\"31312\":\"31312\"}",
|             "creator": {
|                 "id": 1,
|                 "add_time": "2019-12-17T15:03:56.405020",
|                 "account": null,
|                 "password": null,
|                 "nick_name": null,
|                 "head_url": null,
|                 "address": null,
|                 "desc": null,
|                 "gender": null
|             },
|             "project": {
|                 "id": 8,
|                 "add_time": "2019-12-17T15:03:56.405020",
|                 "name": "嘻嘻嘻嘻嘻嘻嘻嘻",
|                 "env": null,
|                 "creator": null,
|                 "desc": null
|             },
|             "desc": "打打"
|         },
|         {
|             "id": 12,
|             "add_time": "2019-12-13T17:13:01",
|             "interface_name": "31",
|             "url": "1",
|             "method": "POST",
|             "headers": "{}",
|             "params": "{}",
|             "creator": {
|                 "id": 1,
|                 "add_time": "2019-12-17T15:03:56.405020",
|                 "account": null,
|                 "password": null,
|                 "nick_name": null,
|                 "head_url": null,
|                 "address": null,
|                 "desc": null,
|                 "gender": null
|             },
|             "project": {
|                 "id": 8,
|                 "add_time": "2019-12-17T15:03:56.405020",
|                 "name": "嘻嘻嘻嘻嘻嘻嘻嘻",
|                 "env": null,
|                 "creator": null,
|                 "desc": null
|             },
|             "desc": "3131"
|         },
|         {
|             "id": 14,
|             "add_time": "2019-12-13T17:14:05",
|             "interface_name": "无敌",
|             "url": "213132",
|             "method": "POST",
|             "headers": "{}",
|             "params": "{}",
|             "creator": {
|                 "id": 1,
|                 "add_time": "2019-12-17T15:03:56.405020",
|                 "account": null,
|                 "password": null,
|                 "nick_name": null,
|                 "head_url": null,
|                 "address": null,
|                 "desc": null,
|                 "gender": null
|             },
|             "project": {
|                 "id": 8,
|                 "add_time": "2019-12-17T15:03:56.405020",
|                 "name": "嘻嘻嘻嘻嘻嘻嘻嘻",
|                 "env": null,
|                 "creator": null,
|                 "desc": null
|             },
|             "desc": "213"
|         },
|         {
|             "id": 13,
|             "add_time": "2019-12-13T17:13:32",
|             "interface_name": "3131",
|             "url": "3131",
|             "method": "get",
|             "headers": "{}",
|             "params": "=",
|             "creator": {
|                 "id": 1,
|                 "add_time": "2019-12-17T15:03:56.405020",
|                 "account": null,
|                 "password": null,
|                 "nick_name": null,
|                 "head_url": null,
|                 "address": null,
|                 "desc": null,
|                 "gender": null
|             },
|             "project": {
|                 "id": 7,
|                 "add_time": "2019-12-17T15:03:56.405020",
|                 "name": "12312",
|                 "env": null,
|                 "creator": null,
|                 "desc": null
|             },
|             "desc": "31"
|         }
|     ]
| }
[2019-12-17 15:03:57] [INFO] [MainThread] [handlers.py:63] Request Infomations:
+-----Headers-----+
| Host            | 127.0.0.1:8084  
| Connection      | keep-alive      
| Accept          | application/json, text/plain, */* 
| Origin          | http://localhost:8080 
| Authorization   | eyJ0eXAiOiJKV1QiLCJhbGciOiJIUzI1NiJ9.eyJpZCI6MSwibmlja19uYW1lIjpudWxsLCJleHAiOjE1NzYyMjI3NTR9.KdwdPYH43DI8Qt2bY08dEz5fUhB-lnD5S3NCS2iF4fo 
| User-Agent      | Mozilla/5.0 (Windows NT 10.0; WOW64) AppleWebKit/537.36 (KHTML, like Gecko) Chrome/78.0.3904.87 Safari/537.36 
| Sec-Fetch-Site  | cross-site      
| Sec-Fetch-Mode  | cors            
| Referer         | http://localhost:8080/testCaseManage 
| Accept-Encoding | gzip, deflate, br 
| Accept-Language | zh-CN,zh;q=0.9  
| If-None-Match   | "01d23fee59e96e7c72f75f0f12b7dde2b8514d7d" 
+----Arguments----+
| 'currentPage'   | [b'1']          

[2019-12-17 15:03:57] [INFO] [MainThread] [handlers.py:44] Response Infomations:
+-----Headers-----+
| Content-Type    | application/json 

Body:
| {
|     "code": 1,
|     "msg": "接口数据查询成功!",
|     "data": [
|         {
|             "id": 8,
|             "add_time": "2019-12-05T20:16:55",
|             "interface_name": "第三大学",
|             "url": "32131231",
|             "method": "post",
|             "headers": "{\"Accept\":\"3123131\"}",
|             "params": "{\"31312\":\"31312\"}",
|             "creator": {
|                 "id": 1,
|                 "add_time": "2019-12-17T15:03:57.567147",
|                 "account": null,
|                 "password": null,
|                 "nick_name": null,
|                 "head_url": null,
|                 "address": null,
|                 "desc": null,
|                 "gender": null
|             },
|             "project": {
|                 "id": 8,
|                 "add_time": "2019-12-17T15:03:57.567147",
|                 "name": "嘻嘻嘻嘻嘻嘻嘻嘻",
|                 "env": null,
|                 "creator": null,
|                 "desc": null
|             },
|             "desc": "打打"
|         },
|         {
|             "id": 9,
|             "add_time": "2019-12-05T20:18:19",
|             "interface_name": "打打",
|             "url": "32131231",
|             "method": "post",
|             "headers": "{\"Accept\":\"3123131\",\"Accept-Charset\":\"32123213221\"}",
|             "params": "{\"3131\":\"3122313\",\"31312\":\"31312\"}",
|             "creator": {
|                 "id": 1,
|                 "add_time": "2019-12-17T15:03:57.568152",
|                 "account": null,
|                 "password": null,
|                 "nick_name": null,
|                 "head_url": null,
|                 "address": null,
|                 "desc": null,
|                 "gender": null
|             },
|             "project": {
|                 "id": 8,
|                 "add_time": "2019-12-17T15:03:57.568152",
|                 "name": "嘻嘻嘻嘻嘻嘻嘻嘻",
|                 "env": null,
|                 "creator": null,
|                 "desc": null
|             },
|             "desc": "打打"
|         },
|         {
|             "id": 10,
|             "add_time": "2019-12-05T20:16:55",
|             "interface_name": "李四",
|             "url": "32131231",
|             "method": "post",
|             "headers": "{\"Accept\":\"3123131\"}",
|             "params": "{\"31312\":\"31312\"}",
|             "creator": {
|                 "id": 1,
|                 "add_time": "2019-12-17T15:03:57.569148",
|                 "account": null,
|                 "password": null,
|                 "nick_name": null,
|                 "head_url": null,
|                 "address": null,
|                 "desc": null,
|                 "gender": null
|             },
|             "project": {
|                 "id": 8,
|                 "add_time": "2019-12-17T15:03:57.569148",
|                 "name": "嘻嘻嘻嘻嘻嘻嘻嘻",
|                 "env": null,
|                 "creator": null,
|                 "desc": null
|             },
|             "desc": "打打"
|         },
|         {
|             "id": 11,
|             "add_time": "2019-12-05T20:16:55",
|             "interface_name": "王五",
|             "url": "32131231",
|             "method": "post",
|             "headers": "{\"Accept\":\"3123131\"}",
|             "params": "{\"31312\":\"31312\"}",
|             "creator": {
|                 "id": 1,
|                 "add_time": "2019-12-17T15:03:57.569148",
|                 "account": null,
|                 "password": null,
|                 "nick_name": null,
|                 "head_url": null,
|                 "address": null,
|                 "desc": null,
|                 "gender": null
|             },
|             "project": {
|                 "id": 8,
|                 "add_time": "2019-12-17T15:03:57.569148",
|                 "name": "嘻嘻嘻嘻嘻嘻嘻嘻",
|                 "env": null,
|                 "creator": null,
|                 "desc": null
|             },
|             "desc": "打打"
|         },
|         {
|             "id": 12,
|             "add_time": "2019-12-13T17:13:01",
|             "interface_name": "31",
|             "url": "1",
|             "method": "POST",
|             "headers": "{}",
|             "params": "{}",
|             "creator": {
|                 "id": 1,
|                 "add_time": "2019-12-17T15:03:57.569148",
|                 "account": null,
|                 "password": null,
|                 "nick_name": null,
|                 "head_url": null,
|                 "address": null,
|                 "desc": null,
|                 "gender": null
|             },
|             "project": {
|                 "id": 8,
|                 "add_time": "2019-12-17T15:03:57.569148",
|                 "name": "嘻嘻嘻嘻嘻嘻嘻嘻",
|                 "env": null,
|                 "creator": null,
|                 "desc": null
|             },
|             "desc": "3131"
|         },
|         {
|             "id": 14,
|             "add_time": "2019-12-13T17:14:05",
|             "interface_name": "无敌",
|             "url": "213132",
|             "method": "POST",
|             "headers": "{}",
|             "params": "{}",
|             "creator": {
|                 "id": 1,
|                 "add_time": "2019-12-17T15:03:57.570142",
|                 "account": null,
|                 "password": null,
|                 "nick_name": null,
|                 "head_url": null,
|                 "address": null,
|                 "desc": null,
|                 "gender": null
|             },
|             "project": {
|                 "id": 8,
|                 "add_time": "2019-12-17T15:03:57.570142",
|                 "name": "嘻嘻嘻嘻嘻嘻嘻嘻",
|                 "env": null,
|                 "creator": null,
|                 "desc": null
|             },
|             "desc": "213"
|         },
|         {
|             "id": 13,
|             "add_time": "2019-12-13T17:13:32",
|             "interface_name": "3131",
|             "url": "3131",
|             "method": "get",
|             "headers": "{}",
|             "params": "=",
|             "creator": {
|                 "id": 1,
|                 "add_time": "2019-12-17T15:03:57.570142",
|                 "account": null,
|                 "password": null,
|                 "nick_name": null,
|                 "head_url": null,
|                 "address": null,
|                 "desc": null,
|                 "gender": null
|             },
|             "project": {
|                 "id": 7,
|                 "add_time": "2019-12-17T15:03:57.570142",
|                 "name": "12312",
|                 "env": null,
|                 "creator": null,
|                 "desc": null
|             },
|             "desc": "31"
|         }
|     ]
| }
[2019-12-17 15:03:57] [INFO] [MainThread] [handlers.py:63] Request Infomations:
+-----Headers-----+
| Host            | 127.0.0.1:8084  
| Connection      | keep-alive      
| Accept          | application/json, text/plain, */* 
| Origin          | http://localhost:8080 
| Authorization   | eyJ0eXAiOiJKV1QiLCJhbGciOiJIUzI1NiJ9.eyJpZCI6MSwibmlja19uYW1lIjpudWxsLCJleHAiOjE1NzYyMjI3NTR9.KdwdPYH43DI8Qt2bY08dEz5fUhB-lnD5S3NCS2iF4fo 
| User-Agent      | Mozilla/5.0 (Windows NT 10.0; WOW64) AppleWebKit/537.36 (KHTML, like Gecko) Chrome/78.0.3904.87 Safari/537.36 
| Sec-Fetch-Site  | cross-site      
| Sec-Fetch-Mode  | cors            
| Referer         | http://localhost:8080/testCaseManage 
| Accept-Encoding | gzip, deflate, br 
| Accept-Language | zh-CN,zh;q=0.9  
| If-None-Match   | "4cb0f758dab6c03b1c15c242cb9d151cc46d05a9" 
+----Arguments----+
| 'currentPage'   | [b'1']          

[2019-12-17 15:03:57] [INFO] [MainThread] [handlers.py:44] Response Infomations:
+-----Headers-----+
| Content-Type    | application/json 

Body:
| {
|     "code": 1,
|     "msg": "接口数据查询成功!",
|     "data": [
|         {
|             "id": 8,
|             "add_time": "2019-12-05T20:16:55",
|             "interface_name": "第三大学",
|             "url": "32131231",
|             "method": "post",
|             "headers": "{\"Accept\":\"3123131\"}",
|             "params": "{\"31312\":\"31312\"}",
|             "creator": {
|                 "id": 1,
|                 "add_time": "2019-12-17T15:03:57.604042",
|                 "account": null,
|                 "password": null,
|                 "nick_name": null,
|                 "head_url": null,
|                 "address": null,
|                 "desc": null,
|                 "gender": null
|             },
|             "project": {
|                 "id": 8,
|                 "add_time": "2019-12-17T15:03:57.604042",
|                 "name": "嘻嘻嘻嘻嘻嘻嘻嘻",
|                 "env": null,
|                 "creator": null,
|                 "desc": null
|             },
|             "desc": "打打"
|         },
|         {
|             "id": 9,
|             "add_time": "2019-12-05T20:18:19",
|             "interface_name": "打打",
|             "url": "32131231",
|             "method": "post",
|             "headers": "{\"Accept\":\"3123131\",\"Accept-Charset\":\"32123213221\"}",
|             "params": "{\"3131\":\"3122313\",\"31312\":\"31312\"}",
|             "creator": {
|                 "id": 1,
|                 "add_time": "2019-12-17T15:03:57.605039",
|                 "account": null,
|                 "password": null,
|                 "nick_name": null,
|                 "head_url": null,
|                 "address": null,
|                 "desc": null,
|                 "gender": null
|             },
|             "project": {
|                 "id": 8,
|                 "add_time": "2019-12-17T15:03:57.605039",
|                 "name": "嘻嘻嘻嘻嘻嘻嘻嘻",
|                 "env": null,
|                 "creator": null,
|                 "desc": null
|             },
|             "desc": "打打"
|         },
|         {
|             "id": 10,
|             "add_time": "2019-12-05T20:16:55",
|             "interface_name": "李四",
|             "url": "32131231",
|             "method": "post",
|             "headers": "{\"Accept\":\"3123131\"}",
|             "params": "{\"31312\":\"31312\"}",
|             "creator": {
|                 "id": 1,
|                 "add_time": "2019-12-17T15:03:57.605039",
|                 "account": null,
|                 "password": null,
|                 "nick_name": null,
|                 "head_url": null,
|                 "address": null,
|                 "desc": null,
|                 "gender": null
|             },
|             "project": {
|                 "id": 8,
|                 "add_time": "2019-12-17T15:03:57.605039",
|                 "name": "嘻嘻嘻嘻嘻嘻嘻嘻",
|                 "env": null,
|                 "creator": null,
|                 "desc": null
|             },
|             "desc": "打打"
|         },
|         {
|             "id": 11,
|             "add_time": "2019-12-05T20:16:55",
|             "interface_name": "王五",
|             "url": "32131231",
|             "method": "post",
|             "headers": "{\"Accept\":\"3123131\"}",
|             "params": "{\"31312\":\"31312\"}",
|             "creator": {
|                 "id": 1,
|                 "add_time": "2019-12-17T15:03:57.605039",
|                 "account": null,
|                 "password": null,
|                 "nick_name": null,
|                 "head_url": null,
|                 "address": null,
|                 "desc": null,
|                 "gender": null
|             },
|             "project": {
|                 "id": 8,
|                 "add_time": "2019-12-17T15:03:57.605039",
|                 "name": "嘻嘻嘻嘻嘻嘻嘻嘻",
|                 "env": null,
|                 "creator": null,
|                 "desc": null
|             },
|             "desc": "打打"
|         },
|         {
|             "id": 12,
|             "add_time": "2019-12-13T17:13:01",
|             "interface_name": "31",
|             "url": "1",
|             "method": "POST",
|             "headers": "{}",
|             "params": "{}",
|             "creator": {
|                 "id": 1,
|                 "add_time": "2019-12-17T15:03:57.605039",
|                 "account": null,
|                 "password": null,
|                 "nick_name": null,
|                 "head_url": null,
|                 "address": null,
|                 "desc": null,
|                 "gender": null
|             },
|             "project": {
|                 "id": 8,
|                 "add_time": "2019-12-17T15:03:57.605039",
|                 "name": "嘻嘻嘻嘻嘻嘻嘻嘻",
|                 "env": null,
|                 "creator": null,
|                 "desc": null
|             },
|             "desc": "3131"
|         },
|         {
|             "id": 14,
|             "add_time": "2019-12-13T17:14:05",
|             "interface_name": "无敌",
|             "url": "213132",
|             "method": "POST",
|             "headers": "{}",
|             "params": "{}",
|             "creator": {
|                 "id": 1,
|                 "add_time": "2019-12-17T15:03:57.605039",
|                 "account": null,
|                 "password": null,
|                 "nick_name": null,
|                 "head_url": null,
|                 "address": null,
|                 "desc": null,
|                 "gender": null
|             },
|             "project": {
|                 "id": 8,
|                 "add_time": "2019-12-17T15:03:57.605039",
|                 "name": "嘻嘻嘻嘻嘻嘻嘻嘻",
|                 "env": null,
|                 "creator": null,
|                 "desc": null
|             },
|             "desc": "213"
|         },
|         {
|             "id": 13,
|             "add_time": "2019-12-13T17:13:32",
|             "interface_name": "3131",
|             "url": "3131",
|             "method": "get",
|             "headers": "{}",
|             "params": "=",
|             "creator": {
|                 "id": 1,
|                 "add_time": "2019-12-17T15:03:57.606036",
|                 "account": null,
|                 "password": null,
|                 "nick_name": null,
|                 "head_url": null,
|                 "address": null,
|                 "desc": null,
|                 "gender": null
|             },
|             "project": {
|                 "id": 7,
|                 "add_time": "2019-12-17T15:03:57.606036",
|                 "name": "12312",
|                 "env": null,
|                 "creator": null,
|                 "desc": null
|             },
|             "desc": "31"
|         }
|     ]
| }
[2019-12-17 15:03:58] [INFO] [MainThread] [handlers.py:63] Request Infomations:
+-----Headers-----+
| Host            | 127.0.0.1:8084  
| Connection      | keep-alive      
| Accept          | application/json, text/plain, */* 
| Origin          | http://localhost:8080 
| Authorization   | eyJ0eXAiOiJKV1QiLCJhbGciOiJIUzI1NiJ9.eyJpZCI6MSwibmlja19uYW1lIjpudWxsLCJleHAiOjE1NzYyMjI3NTR9.KdwdPYH43DI8Qt2bY08dEz5fUhB-lnD5S3NCS2iF4fo 
| User-Agent      | Mozilla/5.0 (Windows NT 10.0; WOW64) AppleWebKit/537.36 (KHTML, like Gecko) Chrome/78.0.3904.87 Safari/537.36 
| Sec-Fetch-Site  | cross-site      
| Sec-Fetch-Mode  | cors            
| Referer         | http://localhost:8080/testCaseManage 
| Accept-Encoding | gzip, deflate, br 
| Accept-Language | zh-CN,zh;q=0.9  
| If-None-Match   | "a356b3ba754677399e1b94a84a9fd971455db8fa" 

[2019-12-17 15:03:58] [INFO] [MainThread] [handlers.py:44] Response Infomations:
+-----Headers-----+
| Content-Type    | application/json 

Body:
| {
|     "code": 1,
|     "msg": "接口数据查询成功!",
|     "data": [
|         {
|             "id": 8,
|             "add_time": "2019-12-05T20:16:55",
|             "interface_name": "第三大学",
|             "url": "32131231",
|             "method": "post",
|             "headers": "{\"Accept\":\"3123131\"}",
|             "params": "{\"31312\":\"31312\"}",
|             "creator": {
|                 "id": 1,
|                 "add_time": "2019-12-17T15:03:58.575940",
|                 "account": null,
|                 "password": null,
|                 "nick_name": null,
|                 "head_url": null,
|                 "address": null,
|                 "desc": null,
|                 "gender": null
|             },
|             "project": {
|                 "id": 8,
|                 "add_time": "2019-12-17T15:03:58.575940",
|                 "name": "嘻嘻嘻嘻嘻嘻嘻嘻",
|                 "env": null,
|                 "creator": null,
|                 "desc": null
|             },
|             "desc": "打打"
|         },
|         {
|             "id": 9,
|             "add_time": "2019-12-05T20:18:19",
|             "interface_name": "打打",
|             "url": "32131231",
|             "method": "post",
|             "headers": "{\"Accept\":\"3123131\",\"Accept-Charset\":\"32123213221\"}",
|             "params": "{\"3131\":\"3122313\",\"31312\":\"31312\"}",
|             "creator": {
|                 "id": 1,
|                 "add_time": "2019-12-17T15:03:58.576956",
|                 "account": null,
|                 "password": null,
|                 "nick_name": null,
|                 "head_url": null,
|                 "address": null,
|                 "desc": null,
|                 "gender": null
|             },
|             "project": {
|                 "id": 8,
|                 "add_time": "2019-12-17T15:03:58.576956",
|                 "name": "嘻嘻嘻嘻嘻嘻嘻嘻",
|                 "env": null,
|                 "creator": null,
|                 "desc": null
|             },
|             "desc": "打打"
|         },
|         {
|             "id": 10,
|             "add_time": "2019-12-05T20:16:55",
|             "interface_name": "李四",
|             "url": "32131231",
|             "method": "post",
|             "headers": "{\"Accept\":\"3123131\"}",
|             "params": "{\"31312\":\"31312\"}",
|             "creator": {
|                 "id": 1,
|                 "add_time": "2019-12-17T15:03:58.576956",
|                 "account": null,
|                 "password": null,
|                 "nick_name": null,
|                 "head_url": null,
|                 "address": null,
|                 "desc": null,
|                 "gender": null
|             },
|             "project": {
|                 "id": 8,
|                 "add_time": "2019-12-17T15:03:58.576956",
|                 "name": "嘻嘻嘻嘻嘻嘻嘻嘻",
|                 "env": null,
|                 "creator": null,
|                 "desc": null
|             },
|             "desc": "打打"
|         },
|         {
|             "id": 11,
|             "add_time": "2019-12-05T20:16:55",
|             "interface_name": "王五",
|             "url": "32131231",
|             "method": "post",
|             "headers": "{\"Accept\":\"3123131\"}",
|             "params": "{\"31312\":\"31312\"}",
|             "creator": {
|                 "id": 1,
|                 "add_time": "2019-12-17T15:03:58.576956",
|                 "account": null,
|                 "password": null,
|                 "nick_name": null,
|                 "head_url": null,
|                 "address": null,
|                 "desc": null,
|                 "gender": null
|             },
|             "project": {
|                 "id": 8,
|                 "add_time": "2019-12-17T15:03:58.576956",
|                 "name": "嘻嘻嘻嘻嘻嘻嘻嘻",
|                 "env": null,
|                 "creator": null,
|                 "desc": null
|             },
|             "desc": "打打"
|         },
|         {
|             "id": 12,
|             "add_time": "2019-12-13T17:13:01",
|             "interface_name": "31",
|             "url": "1",
|             "method": "POST",
|             "headers": "{}",
|             "params": "{}",
|             "creator": {
|                 "id": 1,
|                 "add_time": "2019-12-17T15:03:58.577934",
|                 "account": null,
|                 "password": null,
|                 "nick_name": null,
|                 "head_url": null,
|                 "address": null,
|                 "desc": null,
|                 "gender": null
|             },
|             "project": {
|                 "id": 8,
|                 "add_time": "2019-12-17T15:03:58.577934",
|                 "name": "嘻嘻嘻嘻嘻嘻嘻嘻",
|                 "env": null,
|                 "creator": null,
|                 "desc": null
|             },
|             "desc": "3131"
|         },
|         {
|             "id": 14,
|             "add_time": "2019-12-13T17:14:05",
|             "interface_name": "无敌",
|             "url": "213132",
|             "method": "POST",
|             "headers": "{}",
|             "params": "{}",
|             "creator": {
|                 "id": 1,
|                 "add_time": "2019-12-17T15:03:58.577934",
|                 "account": null,
|                 "password": null,
|                 "nick_name": null,
|                 "head_url": null,
|                 "address": null,
|                 "desc": null,
|                 "gender": null
|             },
|             "project": {
|                 "id": 8,
|                 "add_time": "2019-12-17T15:03:58.577934",
|                 "name": "嘻嘻嘻嘻嘻嘻嘻嘻",
|                 "env": null,
|                 "creator": null,
|                 "desc": null
|             },
|             "desc": "213"
|         },
|         {
|             "id": 13,
|             "add_time": "2019-12-13T17:13:32",
|             "interface_name": "3131",
|             "url": "3131",
|             "method": "get",
|             "headers": "{}",
|             "params": "=",
|             "creator": {
|                 "id": 1,
|                 "add_time": "2019-12-17T15:03:58.577934",
|                 "account": null,
|                 "password": null,
|                 "nick_name": null,
|                 "head_url": null,
|                 "address": null,
|                 "desc": null,
|                 "gender": null
|             },
|             "project": {
|                 "id": 7,
|                 "add_time": "2019-12-17T15:03:58.577934",
|                 "name": "12312",
|                 "env": null,
|                 "creator": null,
|                 "desc": null
|             },
|             "desc": "31"
|         }
|     ]
| }
[2019-12-17 15:03:58] [INFO] [MainThread] [handlers.py:63] Request Infomations:
+-----Headers-----+
| Host            | 127.0.0.1:8084  
| Connection      | keep-alive      
| Accept          | application/json, text/plain, */* 
| Origin          | http://localhost:8080 
| Authorization   | eyJ0eXAiOiJKV1QiLCJhbGciOiJIUzI1NiJ9.eyJpZCI6MSwibmlja19uYW1lIjpudWxsLCJleHAiOjE1NzYyMjI3NTR9.KdwdPYH43DI8Qt2bY08dEz5fUhB-lnD5S3NCS2iF4fo 
| User-Agent      | Mozilla/5.0 (Windows NT 10.0; WOW64) AppleWebKit/537.36 (KHTML, like Gecko) Chrome/78.0.3904.87 Safari/537.36 
| Sec-Fetch-Site  | cross-site      
| Sec-Fetch-Mode  | cors            
| Referer         | http://localhost:8080/testCaseManage 
| Accept-Encoding | gzip, deflate, br 
| Accept-Language | zh-CN,zh;q=0.9  
| If-None-Match   | "e35171f47cfffadb2b3f201670771bf9f6944a85" 

[2019-12-17 15:03:58] [INFO] [MainThread] [handlers.py:44] Response Infomations:
+-----Headers-----+
| Content-Type    | application/json 

Body:
| {
|     "code": 1,
|     "msg": "接口数据查询成功!",
|     "data": [
|         {
|             "id": 8,
|             "add_time": "2019-12-05T20:16:55",
|             "interface_name": "第三大学",
|             "url": "32131231",
|             "method": "post",
|             "headers": "{\"Accept\":\"3123131\"}",
|             "params": "{\"31312\":\"31312\"}",
|             "creator": {
|                 "id": 1,
|                 "add_time": "2019-12-17T15:03:58.614835",
|                 "account": null,
|                 "password": null,
|                 "nick_name": null,
|                 "head_url": null,
|                 "address": null,
|                 "desc": null,
|                 "gender": null
|             },
|             "project": {
|                 "id": 8,
|                 "add_time": "2019-12-17T15:03:58.614835",
|                 "name": "嘻嘻嘻嘻嘻嘻嘻嘻",
|                 "env": null,
|                 "creator": null,
|                 "desc": null
|             },
|             "desc": "打打"
|         },
|         {
|             "id": 9,
|             "add_time": "2019-12-05T20:18:19",
|             "interface_name": "打打",
|             "url": "32131231",
|             "method": "post",
|             "headers": "{\"Accept\":\"3123131\",\"Accept-Charset\":\"32123213221\"}",
|             "params": "{\"3131\":\"3122313\",\"31312\":\"31312\"}",
|             "creator": {
|                 "id": 1,
|                 "add_time": "2019-12-17T15:03:58.614835",
|                 "account": null,
|                 "password": null,
|                 "nick_name": null,
|                 "head_url": null,
|                 "address": null,
|                 "desc": null,
|                 "gender": null
|             },
|             "project": {
|                 "id": 8,
|                 "add_time": "2019-12-17T15:03:58.614835",
|                 "name": "嘻嘻嘻嘻嘻嘻嘻嘻",
|                 "env": null,
|                 "creator": null,
|                 "desc": null
|             },
|             "desc": "打打"
|         },
|         {
|             "id": 10,
|             "add_time": "2019-12-05T20:16:55",
|             "interface_name": "李四",
|             "url": "32131231",
|             "method": "post",
|             "headers": "{\"Accept\":\"3123131\"}",
|             "params": "{\"31312\":\"31312\"}",
|             "creator": {
|                 "id": 1,
|                 "add_time": "2019-12-17T15:03:58.615837",
|                 "account": null,
|                 "password": null,
|                 "nick_name": null,
|                 "head_url": null,
|                 "address": null,
|                 "desc": null,
|                 "gender": null
|             },
|             "project": {
|                 "id": 8,
|                 "add_time": "2019-12-17T15:03:58.615837",
|                 "name": "嘻嘻嘻嘻嘻嘻嘻嘻",
|                 "env": null,
|                 "creator": null,
|                 "desc": null
|             },
|             "desc": "打打"
|         },
|         {
|             "id": 11,
|             "add_time": "2019-12-05T20:16:55",
|             "interface_name": "王五",
|             "url": "32131231",
|             "method": "post",
|             "headers": "{\"Accept\":\"3123131\"}",
|             "params": "{\"31312\":\"31312\"}",
|             "creator": {
|                 "id": 1,
|                 "add_time": "2019-12-17T15:03:58.616831",
|                 "account": null,
|                 "password": null,
|                 "nick_name": null,
|                 "head_url": null,
|                 "address": null,
|                 "desc": null,
|                 "gender": null
|             },
|             "project": {
|                 "id": 8,
|                 "add_time": "2019-12-17T15:03:58.616831",
|                 "name": "嘻嘻嘻嘻嘻嘻嘻嘻",
|                 "env": null,
|                 "creator": null,
|                 "desc": null
|             },
|             "desc": "打打"
|         },
|         {
|             "id": 12,
|             "add_time": "2019-12-13T17:13:01",
|             "interface_name": "31",
|             "url": "1",
|             "method": "POST",
|             "headers": "{}",
|             "params": "{}",
|             "creator": {
|                 "id": 1,
|                 "add_time": "2019-12-17T15:03:58.616831",
|                 "account": null,
|                 "password": null,
|                 "nick_name": null,
|                 "head_url": null,
|                 "address": null,
|                 "desc": null,
|                 "gender": null
|             },
|             "project": {
|                 "id": 8,
|                 "add_time": "2019-12-17T15:03:58.616831",
|                 "name": "嘻嘻嘻嘻嘻嘻嘻嘻",
|                 "env": null,
|                 "creator": null,
|                 "desc": null
|             },
|             "desc": "3131"
|         },
|         {
|             "id": 14,
|             "add_time": "2019-12-13T17:14:05",
|             "interface_name": "无敌",
|             "url": "213132",
|             "method": "POST",
|             "headers": "{}",
|             "params": "{}",
|             "creator": {
|                 "id": 1,
|                 "add_time": "2019-12-17T15:03:58.617831",
|                 "account": null,
|                 "password": null,
|                 "nick_name": null,
|                 "head_url": null,
|                 "address": null,
|                 "desc": null,
|                 "gender": null
|             },
|             "project": {
|                 "id": 8,
|                 "add_time": "2019-12-17T15:03:58.617831",
|                 "name": "嘻嘻嘻嘻嘻嘻嘻嘻",
|                 "env": null,
|                 "creator": null,
|                 "desc": null
|             },
|             "desc": "213"
|         },
|         {
|             "id": 13,
|             "add_time": "2019-12-13T17:13:32",
|             "interface_name": "3131",
|             "url": "3131",
|             "method": "get",
|             "headers": "{}",
|             "params": "=",
|             "creator": {
|                 "id": 1,
|                 "add_time": "2019-12-17T15:03:58.618824",
|                 "account": null,
|                 "password": null,
|                 "nick_name": null,
|                 "head_url": null,
|                 "address": null,
|                 "desc": null,
|                 "gender": null
|             },
|             "project": {
|                 "id": 7,
|                 "add_time": "2019-12-17T15:03:58.618824",
|                 "name": "12312",
|                 "env": null,
|                 "creator": null,
|                 "desc": null
|             },
|             "desc": "31"
|         }
|     ]
| }
