[2019-12-13 19:33:02] [INFO] [MainThread] [handlers.py:63] Request Infomations:
+-----Headers-----+
| Content-Type    | application/json 
| Authorization   | eyJ0eXAiOiJKV1QiLCJhbGciOiJIUzI1NiJ9.eyJpZCI6MSwibmlja19uYW1lIjpudWxsLCJleHAiOjE1NzYyMjI3NTR9.KdwdPYH43DI8Qt2bY08dEz5fUhB-lnD5S3NCS2iF4fo 
| User-Agent      | PostmanRuntime/7.20.1 
| Accept          | */*             
| Cache-Control   | no-cache        
| Postman-Token   | b67bc47f-36c8-403f-8806-e5924fc94e2c 
| Host            | 127.0.0.1:8084  
| Accept-Encoding | gzip, deflate   
| Content-Length  | 141             
| Connection      | keep-alive      
+----Arguments----+
| 'test_name'     | '无2221'         
| 'interfaces'    | [8, 9]          
| 'assertion'     | '12313'         
| 'db'            | 2               
| 'check_db'      | '123'           
| 'desc'          | '21q313132'     

[2019-12-13 19:33:02] [INFO] [MainThread] [handlers.py:44] Response Infomations:
+-----Headers-----+
| Content-Type    | application/json 

Body:
| {
|     "code": 1,
|     "msg": "用例数据查询成功!",
|     "data": [
|         {
|             "id": 3,
|             "add_time": "2019-12-13T19:00:33",
|             "test_name": "无2221",
|             "assertion": "12313",
|             "db": {
|                 "id": 2,
|                 "add_time": "2019-12-13T19:33:02.386321",
|                 "name": "3131",
|                 "creator": null,
|                 "db_type": "313",
|                 "db_user": "31",
|                 "db_password": "31",
|                 "db_host": "31",
|                 "db_port": 31,
|                 "desc": null
|             },
|             "check_db": "123",
|             "creator": {
|                 "id": 1,
|                 "add_time": "2019-12-13T19:33:02.386321",
|                 "account": null,
|                 "password": null,
|                 "nick_name": null,
|                 "head_url": null,
|                 "address": null,
|                 "desc": null,
|                 "gender": null
|             },
|             "desc": "21q313132",
|             "api": [
|                 {
|                     "id": 1,
|                     "add_time": "2019-12-13T19:00:33",
|                     "cases": {
|                         "id": 3,
|                         "add_time": "2019-12-13T19:33:02.392317",
|                         "test_name": null,
|                         "assertion": "12313",
|                         "db": null,
|                         "check_db": "123",
|                         "creator": null,
|                         "desc": null
|                     },
|                     "interfaces": {
|                         "id": 8,
|                         "add_time": "2019-12-13T19:33:02.392317",
|                         "interface_name": "第三大学",
|                         "url": "32131231",
|                         "method": "post",
|                         "headers": "{\"Accept\":\"3123131\"}",
|                         "params": "{\"31312\":\"31312\"}",
|                         "creator": null,
|                         "project": null,
|                         "desc": null
|                     }
|                 },
|                 {
|                     "id": 2,
|                     "add_time": "2019-12-13T19:00:33",
|                     "cases": {
|                         "id": 3,
|                         "add_time": "2019-12-13T19:33:02.392317",
|                         "test_name": null,
|                         "assertion": "12313",
|                         "db": null,
|                         "check_db": "123",
|                         "creator": null,
|                         "desc": null
|                     },
|                     "interfaces": {
|                         "id": 9,
|                         "add_time": "2019-12-13T19:33:02.392317",
|                         "interface_name": "打打",
|                         "url": "32131231",
|                         "method": "post",
|                         "headers": "{\"Accept\":\"3123131\",\"Accept-Charset\":\"32123213221\"}",
|                         "params": "{\"3131\":\"3122313\",\"31312\":\"31312\"}",
|                         "creator": null,
|                         "project": null,
|                         "desc": null
|                     }
|                 }
|             ]
|         },
|         {
|             "id": 2,
|             "add_time": "2019-12-13T18:59:40",
|             "test_name": "无1",
|             "assertion": "12313",
|             "db": {
|                 "id": 2,
|                 "add_time": "2019-12-13T19:33:02.392317",
|                 "name": "3131",
|                 "creator": null,
|                 "db_type": "313",
|                 "db_user": "31",
|                 "db_password": "31",
|                 "db_host": "31",
|                 "db_port": 31,
|                 "desc": null
|             },
|             "check_db": "123",
|             "creator": {
|                 "id": 1,
|                 "add_time": "2019-12-13T19:33:02.392317",
|                 "account": null,
|                 "password": null,
|                 "nick_name": null,
|                 "head_url": null,
|                 "address": null,
|                 "desc": null,
|                 "gender": null
|             },
|             "desc": "21q313132",
|             "api": []
|         },
|         {
|             "id": 1,
|             "add_time": "2019-12-13T18:29:16",
|             "test_name": "无嘻嘻嘻休息休息敌322222222222221",
|             "assertion": "12313",
|             "db": {
|                 "id": 2,
|                 "add_time": "2019-12-13T19:33:02.396292",
|                 "name": "3131",
|                 "creator": null,
|                 "db_type": "313",
|                 "db_user": "31",
|                 "db_password": "31",
|                 "db_host": "31",
|                 "db_port": 31,
|                 "desc": null
|             },
|             "check_db": "123",
|             "creator": {
|                 "id": 1,
|                 "add_time": "2019-12-13T19:33:02.396292",
|                 "account": null,
|                 "password": null,
|                 "nick_name": null,
|                 "head_url": null,
|                 "address": null,
|                 "desc": null,
|                 "gender": null
|             },
|             "desc": "21q313132",
|             "api": []
|         }
|     ]
| }
[2019-12-13 19:36:14] [INFO] [MainThread] [handlers.py:63] Request Infomations:
+-----Headers-----+
| Content-Type    | application/json 
| Authorization   | eyJ0eXAiOiJKV1QiLCJhbGciOiJIUzI1NiJ9.eyJpZCI6MSwibmlja19uYW1lIjpudWxsLCJleHAiOjE1NzYyMjI3NTR9.KdwdPYH43DI8Qt2bY08dEz5fUhB-lnD5S3NCS2iF4fo 
| User-Agent      | PostmanRuntime/7.20.1 
| Accept          | */*             
| Cache-Control   | no-cache        
| Postman-Token   | 381212ff-bd52-44b8-91d4-ace3c9fd16ba 
| Host            | 127.0.0.1:8084  
| Accept-Encoding | gzip, deflate   
| Content-Length  | 141             
| Connection      | keep-alive      
+----Arguments----+
| 'test_name'     | '无2221'         
| 'interfaces'    | [8, 9]          
| 'assertion'     | '12313'         
| 'db'            | 2               
| 'check_db'      | '123'           
| 'desc'          | '21q313132'     

[2019-12-13 19:36:14] [INFO] [MainThread] [handlers.py:44] Response Infomations:
+-----Headers-----+
| Content-Type    | application/json 

Body:
| {
|     "code": 1,
|     "msg": "用例数据查询成功!",
|     "data": [
|         {
|             "id": 3,
|             "add_time": "2019-12-13T19:00:33",
|             "test_name": "无2221",
|             "assertion": "12313",
|             "db": {
|                 "id": 2,
|                 "add_time": "2019-12-13T19:36:14.346445",
|                 "name": "3131",
|                 "creator": null,
|                 "db_type": "313",
|                 "db_user": "31",
|                 "db_password": "31",
|                 "db_host": "31",
|                 "db_port": 31,
|                 "desc": null
|             },
|             "check_db": "123",
|             "creator": {
|                 "id": 1,
|                 "add_time": "2019-12-13T19:36:14.346445",
|                 "account": null,
|                 "password": null,
|                 "nick_name": null,
|                 "head_url": null,
|                 "address": null,
|                 "desc": null,
|                 "gender": null
|             },
|             "desc": "21q313132",
|             "api": [
|                 {
|                     "id": 1,
|                     "add_time": "2019-12-13T19:00:33",
|                     "cases": {
|                         "id": 3,
|                         "add_time": "2019-12-13T19:36:14.350433",
|                         "test_name": null,
|                         "assertion": "12313",
|                         "db": null,
|                         "check_db": "123",
|                         "creator": null,
|                         "desc": null
|                     },
|                     "interfaces": {
|                         "id": 8,
|                         "add_time": "2019-12-13T19:36:14.350433",
|                         "interface_name": "第三大学",
|                         "url": "32131231",
|                         "method": "post",
|                         "headers": "{\"Accept\":\"3123131\"}",
|                         "params": "{\"31312\":\"31312\"}",
|                         "creator": null,
|                         "project": null,
|                         "desc": null
|                     }
|                 },
|                 {
|                     "id": 2,
|                     "add_time": "2019-12-13T19:00:33",
|                     "cases": {
|                         "id": 3,
|                         "add_time": "2019-12-13T19:36:14.351432",
|                         "test_name": null,
|                         "assertion": "12313",
|                         "db": null,
|                         "check_db": "123",
|                         "creator": null,
|                         "desc": null
|                     },
|                     "interfaces": {
|                         "id": 9,
|                         "add_time": "2019-12-13T19:36:14.351432",
|                         "interface_name": "打打",
|                         "url": "32131231",
|                         "method": "post",
|                         "headers": "{\"Accept\":\"3123131\",\"Accept-Charset\":\"32123213221\"}",
|                         "params": "{\"3131\":\"3122313\",\"31312\":\"31312\"}",
|                         "creator": null,
|                         "project": null,
|                         "desc": null
|                     }
|                 }
|             ]
|         },
|         {
|             "id": 2,
|             "add_time": "2019-12-13T18:59:40",
|             "test_name": "无1",
|             "assertion": "12313",
|             "db": {
|                 "id": 2,
|                 "add_time": "2019-12-13T19:36:14.351432",
|                 "name": "3131",
|                 "creator": null,
|                 "db_type": "313",
|                 "db_user": "31",
|                 "db_password": "31",
|                 "db_host": "31",
|                 "db_port": 31,
|                 "desc": null
|             },
|             "check_db": "123",
|             "creator": {
|                 "id": 1,
|                 "add_time": "2019-12-13T19:36:14.351432",
|                 "account": null,
|                 "password": null,
|                 "nick_name": null,
|                 "head_url": null,
|                 "address": null,
|                 "desc": null,
|                 "gender": null
|             },
|             "desc": "21q313132",
|             "api": []
|         },
|         {
|             "id": 1,
|             "add_time": "2019-12-13T18:29:16",
|             "test_name": "无嘻嘻嘻休息休息敌322222222222221",
|             "assertion": "12313",
|             "db": {
|                 "id": 2,
|                 "add_time": "2019-12-13T19:36:14.355424",
|                 "name": "3131",
|                 "creator": null,
|                 "db_type": "313",
|                 "db_user": "31",
|                 "db_password": "31",
|                 "db_host": "31",
|                 "db_port": 31,
|                 "desc": null
|             },
|             "check_db": "123",
|             "creator": {
|                 "id": 1,
|                 "add_time": "2019-12-13T19:36:14.355424",
|                 "account": null,
|                 "password": null,
|                 "nick_name": null,
|                 "head_url": null,
|                 "address": null,
|                 "desc": null,
|                 "gender": null
|             },
|             "desc": "21q313132",
|             "api": []
|         }
|     ]
| }
