[2019-12-11 15:16:30] [INFO] [MainThread] [handlers.py:63] Request Infomations:
+-----Headers-----+
| Content-Type    | application/json 
| Authorization   | eyJ0eXAiOiJKV1QiLCJhbGciOiJIUzI1NiJ9.eyJpZCI6MSwibmlja19uYW1lIjpudWxsLCJleHAiOjE1NzU1Mjc0MTd9.x6DWIiifOqsbafgij7B001K5i7WHrzuvNmDyuVWuRNU 
| User-Agent      | PostmanRuntime/7.20.1 
| Accept          | */*             
| Cache-Control   | no-cache        
| Postman-Token   | f7d3f3bb-15b2-406f-9b4d-4366c590e1ab 
| Host            | 127.0.0.1:8084  
| Accept-Encoding | gzip, deflate   
| Content-Length  | 143             
| Connection      | keep-alive      
+----Arguments----+
| 'test_name'     | '无敌321'         
| 'interfaces'    | [8, 9]          
| 'assertion'     | '12313'         
| 'db'            | 2               
| 'check_db'      | '123'           
| 'desc'          | '21q313132'     

[2019-12-11 15:16:31] [INFO] [MainThread] [handlers.py:44] Response Infomations:
+-----Headers-----+
| Content-Type    | application/json 

Body:
| {
|     "code": 10020,
|     "msg": "这个用例已经创建！",
|     "data": null
| }
[2019-12-11 15:16:33] [INFO] [MainThread] [handlers.py:63] Request Infomations:
+-----Headers-----+
| Content-Type    | application/json 
| Authorization   | eyJ0eXAiOiJKV1QiLCJhbGciOiJIUzI1NiJ9.eyJpZCI6MSwibmlja19uYW1lIjpudWxsLCJleHAiOjE1NzU1Mjc0MTd9.x6DWIiifOqsbafgij7B001K5i7WHrzuvNmDyuVWuRNU 
| User-Agent      | PostmanRuntime/7.20.1 
| Accept          | */*             
| Cache-Control   | no-cache        
| Postman-Token   | 7ae7a7c8-eec7-4cb1-8e79-d9d9fbea4f9e 
| Host            | 127.0.0.1:8084  
| Accept-Encoding | gzip, deflate   
| Content-Length  | 143             
| Connection      | keep-alive      
+----Arguments----+
| 'test_name'     | '无敌321'         
| 'interfaces'    | [8, 9]          
| 'assertion'     | '12313'         
| 'db'            | 2               
| 'check_db'      | '123'           
| 'desc'          | '21q313132'     

[2019-12-11 15:16:33] [INFO] [MainThread] [handlers.py:44] Response Infomations:
+-----Headers-----+
| Content-Type    | application/json 

Body:
| {
|     "code": 10020,
|     "msg": "这个用例已经创建！",
|     "data": null
| }
[2019-12-11 15:16:37] [INFO] [MainThread] [handlers.py:63] Request Infomations:
+-----Headers-----+
| Content-Type    | application/json 
| Authorization   | eyJ0eXAiOiJKV1QiLCJhbGciOiJIUzI1NiJ9.eyJpZCI6MSwibmlja19uYW1lIjpudWxsLCJleHAiOjE1NzU1Mjc0MTd9.x6DWIiifOqsbafgij7B001K5i7WHrzuvNmDyuVWuRNU 
| User-Agent      | PostmanRuntime/7.20.1 
| Accept          | */*             
| Cache-Control   | no-cache        
| Postman-Token   | a83e694b-63a1-40be-9a8d-154fc530394a 
| Host            | 127.0.0.1:8084  
| Accept-Encoding | gzip, deflate   
| Content-Length  | 144             
| Connection      | keep-alive      
+----Arguments----+
| 'test_name'     | '无敌3221'        
| 'interfaces'    | [8, 9]          
| 'assertion'     | '12313'         
| 'db'            | 2               
| 'check_db'      | '123'           
| 'desc'          | '21q313132'     

[2019-12-11 15:16:37] [INFO] [MainThread] [handlers.py:44] Response Infomations:
+-----Headers-----+
| Content-Type    | application/json 

Body:
| {
|     "code": 1,
|     "msg": "用例创建成功!",
|     "data": {
|         "caseId": 5
|     }
| }
