[2019-12-23 18:14:42] [INFO] [MainThread] [handlers.py:63] Request Infomations:
+-----Headers-----+
| Content-Type    | application/x-www-form-urlencoded 
| Authorization   | eyJ0eXAiOiJKV1QiLCJhbGciOiJIUzI1NiJ9.eyJpZCI6MSwibmlja19uYW1lIjpudWxsLCJleHAiOjE1NzYyMjI3NTR9.KdwdPYH43DI8Qt2bY08dEz5fUhB-lnD5S3NCS2iF4fo 
| User-Agent      | PostmanRuntime/7.21.0 
| Accept          | */*             
| Cache-Control   | no-cache        
| Postman-Token   | 3c51c071-dfd2-4d2d-a87c-2c5fe5151f90 
| Host            | 127.0.0.1:8084  
| Accept-Encoding | gzip, deflate   
| Content-Length  | 177             
| Connection      | keep-alive      
+----Arguments----+
| 'test_name'     | 'Ϣ2222313212222Ϣ' 
| 'assertion'     | '1231'          
| 'desc'          | 11111           
| 'interfaces'    | [8, 9]          
| 'db_check'      | [{'db': 5, 'assertSql': 1111}] 

[2019-12-23 18:14:42] [INFO] [MainThread] [handlers.py:44] Response Infomations:
+-----Headers-----+
| Content-Type    | application/json 

Body:
| TestCasesHandler object has list index out of range
