[2019-12-17 10:45:29] [INFO] [MainThread] [handlers.py:63] Request Infomations:
+-----Headers-----+
| Host            | 127.0.0.1:8084  
| Connection      | keep-alive      
| Access-Control-Request-Method | GET             
| Origin          | http://localhost:8080 
| User-Agent      | Mozilla/5.0 (Windows NT 10.0; WOW64) AppleWebKit/537.36 (KHTML, like Gecko) Chrome/78.0.3904.87 Safari/537.36 
| Access-Control-Request-Headers | authorization   
| Accept          | */*             
| Sec-Fetch-Site  | cross-site      
| Sec-Fetch-Mode  | cors            
| Referer         | http://localhost:8080/functionManage 
| Accept-Encoding | gzip, deflate, br 
| Accept-Language | zh-CN,zh;q=0.9  
+----Arguments----+
| 'currentPage'   | [b'1']          

[2019-12-17 10:45:29] [INFO] [MainThread] [handlers.py:44] Response Infomations:
+-----Headers-----+
| Content-Type    | application/json 

Body:
| FunctionHandler object has list index out of range
[2019-12-17 10:45:29] [INFO] [MainThread] [handlers.py:63] Request Infomations:
+-----Headers-----+
| Host            | 127.0.0.1:8084  
| Connection      | keep-alive      
| Access-Control-Request-Method | GET             
| Origin          | http://localhost:8080 
| User-Agent      | Mozilla/5.0 (Windows NT 10.0; WOW64) AppleWebKit/537.36 (KHTML, like Gecko) Chrome/78.0.3904.87 Safari/537.36 
| Access-Control-Request-Headers | authorization   
| Accept          | */*             
| Sec-Fetch-Site  | cross-site      
| Sec-Fetch-Mode  | cors            
| Referer         | http://localhost:8080/functionManage 
| Accept-Encoding | gzip, deflate, br 
| Accept-Language | zh-CN,zh;q=0.9  
+----Arguments----+
| 'currentPage'   | [b'1']          

[2019-12-17 10:45:29] [INFO] [MainThread] [handlers.py:44] Response Infomations:
+-----Headers-----+
| Content-Type    | application/json 

Body:
| FunctionHandler object has list index out of range
[2019-12-17 10:45:29] [INFO] [MainThread] [handlers.py:63] Request Infomations:
+-----Headers-----+
| Host            | 127.0.0.1:8084  
| Connection      | keep-alive      
| Accept          | application/json, text/plain, */* 
| Origin          | http://localhost:8080 
| Authorization   | eyJ0eXAiOiJKV1QiLCJhbGciOiJIUzI1NiJ9.eyJpZCI6MSwibmlja19uYW1lIjpudWxsLCJleHAiOjE1NzYyMjI3NTR9.KdwdPYH43DI8Qt2bY08dEz5fUhB-lnD5S3NCS2iF4fo 
| User-Agent      | Mozilla/5.0 (Windows NT 10.0; WOW64) AppleWebKit/537.36 (KHTML, like Gecko) Chrome/78.0.3904.87 Safari/537.36 
| Sec-Fetch-Site  | cross-site      
| Sec-Fetch-Mode  | cors            
| Referer         | http://localhost:8080/functionManage 
| Accept-Encoding | gzip, deflate, br 
| Accept-Language | zh-CN,zh;q=0.9  
+----Arguments----+
| 'currentPage'   | [b'1']          

[2019-12-17 10:45:29] [INFO] [MainThread] [handlers.py:44] Response Infomations:
+-----Headers-----+
| Content-Type    | application/json 

Body:
| {
|     "code": 1,
|     "msg": "函数方法数据查询成功!",
|     "data": [
|         {
|             "id": 7,
|             "add_time": "2019-12-13T16:44:51",
|             "name": "xxxxassxas",
|             "creator": {
|                 "id": 1,
|                 "add_time": "2019-12-17T10:45:29.752029",
|                 "account": null,
|                 "password": null,
|                 "nick_name": null,
|                 "head_url": null,
|                 "address": null,
|                 "desc": null,
|                 "gender": null
|             },
|             "function": "21",
|             "desc": "3123"
|         },
|         {
|             "id": 6,
|             "add_time": "2019-12-13T16:44:26",
|             "name": "xxx",
|             "creator": {
|                 "id": 1,
|                 "add_time": "2019-12-17T10:45:29.752029",
|                 "account": null,
|                 "password": null,
|                 "nick_name": null,
|                 "head_url": null,
|                 "address": null,
|                 "desc": null,
|                 "gender": null
|             },
|             "function": "21",
|             "desc": "23"
|         },
|         {
|             "id": 5,
|             "add_time": "2019-12-05T15:12:15",
|             "name": "321",
|             "creator": {
|                 "id": 1,
|                 "add_time": "2019-12-17T10:45:29.752029",
|                 "account": null,
|                 "password": null,
|                 "nick_name": null,
|                 "head_url": null,
|                 "address": null,
|                 "desc": null,
|                 "gender": null
|             },
|             "function": "32131",
|             "desc": "313"
|         }
|     ]
| }
[2019-12-17 10:45:29] [INFO] [MainThread] [handlers.py:63] Request Infomations:
+-----Headers-----+
| Host            | 127.0.0.1:8084  
| Connection      | keep-alive      
| Accept          | application/json, text/plain, */* 
| Origin          | http://localhost:8080 
| Authorization   | eyJ0eXAiOiJKV1QiLCJhbGciOiJIUzI1NiJ9.eyJpZCI6MSwibmlja19uYW1lIjpudWxsLCJleHAiOjE1NzYyMjI3NTR9.KdwdPYH43DI8Qt2bY08dEz5fUhB-lnD5S3NCS2iF4fo 
| User-Agent      | Mozilla/5.0 (Windows NT 10.0; WOW64) AppleWebKit/537.36 (KHTML, like Gecko) Chrome/78.0.3904.87 Safari/537.36 
| Sec-Fetch-Site  | cross-site      
| Sec-Fetch-Mode  | cors            
| Referer         | http://localhost:8080/functionManage 
| Accept-Encoding | gzip, deflate, br 
| Accept-Language | zh-CN,zh;q=0.9  
| If-None-Match   | "42948612edc107d61da667301353de3a22f83a34" 
+----Arguments----+
| 'currentPage'   | [b'1']          

[2019-12-17 10:45:29] [INFO] [MainThread] [handlers.py:44] Response Infomations:
+-----Headers-----+
| Content-Type    | application/json 

Body:
| {
|     "code": 1,
|     "msg": "函数方法数据查询成功!",
|     "data": [
|         {
|             "id": 7,
|             "add_time": "2019-12-13T16:44:51",
|             "name": "xxxxassxas",
|             "creator": {
|                 "id": 1,
|                 "add_time": "2019-12-17T10:45:29.803922",
|                 "account": null,
|                 "password": null,
|                 "nick_name": null,
|                 "head_url": null,
|                 "address": null,
|                 "desc": null,
|                 "gender": null
|             },
|             "function": "21",
|             "desc": "3123"
|         },
|         {
|             "id": 6,
|             "add_time": "2019-12-13T16:44:26",
|             "name": "xxx",
|             "creator": {
|                 "id": 1,
|                 "add_time": "2019-12-17T10:45:29.803922",
|                 "account": null,
|                 "password": null,
|                 "nick_name": null,
|                 "head_url": null,
|                 "address": null,
|                 "desc": null,
|                 "gender": null
|             },
|             "function": "21",
|             "desc": "23"
|         },
|         {
|             "id": 5,
|             "add_time": "2019-12-05T15:12:15",
|             "name": "321",
|             "creator": {
|                 "id": 1,
|                 "add_time": "2019-12-17T10:45:29.803922",
|                 "account": null,
|                 "password": null,
|                 "nick_name": null,
|                 "head_url": null,
|                 "address": null,
|                 "desc": null,
|                 "gender": null
|             },
|             "function": "32131",
|             "desc": "313"
|         }
|     ]
| }
[2019-12-17 10:45:31] [INFO] [MainThread] [handlers.py:63] Request Infomations:
+-----Headers-----+
| Host            | 127.0.0.1:8084  
| Connection      | keep-alive      
| Access-Control-Request-Method | GET             
| Origin          | http://localhost:8080 
| User-Agent      | Mozilla/5.0 (Windows NT 10.0; WOW64) AppleWebKit/537.36 (KHTML, like Gecko) Chrome/78.0.3904.87 Safari/537.36 
| Access-Control-Request-Headers | authorization   
| Accept          | */*             
| Sec-Fetch-Site  | cross-site      
| Sec-Fetch-Mode  | cors            
| Referer         | http://localhost:8080/dbManage 
| Accept-Encoding | gzip, deflate, br 
| Accept-Language | zh-CN,zh;q=0.9  
+----Arguments----+
| 'currentPage'   | [b'1']          

[2019-12-17 10:45:31] [INFO] [MainThread] [handlers.py:44] Response Infomations:
+-----Headers-----+
| Content-Type    | application/json 

Body:
| DbSettingHandler object has list index out of range
[2019-12-17 10:45:31] [INFO] [MainThread] [handlers.py:63] Request Infomations:
+-----Headers-----+
| Host            | 127.0.0.1:8084  
| Connection      | keep-alive      
| Access-Control-Request-Method | GET             
| Origin          | http://localhost:8080 
| User-Agent      | Mozilla/5.0 (Windows NT 10.0; WOW64) AppleWebKit/537.36 (KHTML, like Gecko) Chrome/78.0.3904.87 Safari/537.36 
| Access-Control-Request-Headers | authorization   
| Accept          | */*             
| Sec-Fetch-Site  | cross-site      
| Sec-Fetch-Mode  | cors            
| Referer         | http://localhost:8080/dbManage 
| Accept-Encoding | gzip, deflate, br 
| Accept-Language | zh-CN,zh;q=0.9  
+----Arguments----+
| 'currentPage'   | [b'1']          

[2019-12-17 10:45:31] [INFO] [MainThread] [handlers.py:44] Response Infomations:
+-----Headers-----+
| Content-Type    | application/json 

Body:
| DbSettingHandler object has list index out of range
[2019-12-17 10:45:31] [INFO] [MainThread] [handlers.py:63] Request Infomations:
+-----Headers-----+
| Host            | 127.0.0.1:8084  
| Connection      | keep-alive      
| Accept          | application/json, text/plain, */* 
| Origin          | http://localhost:8080 
| Authorization   | eyJ0eXAiOiJKV1QiLCJhbGciOiJIUzI1NiJ9.eyJpZCI6MSwibmlja19uYW1lIjpudWxsLCJleHAiOjE1NzYyMjI3NTR9.KdwdPYH43DI8Qt2bY08dEz5fUhB-lnD5S3NCS2iF4fo 
| User-Agent      | Mozilla/5.0 (Windows NT 10.0; WOW64) AppleWebKit/537.36 (KHTML, like Gecko) Chrome/78.0.3904.87 Safari/537.36 
| Sec-Fetch-Site  | cross-site      
| Sec-Fetch-Mode  | cors            
| Referer         | http://localhost:8080/dbManage 
| Accept-Encoding | gzip, deflate, br 
| Accept-Language | zh-CN,zh;q=0.9  
+----Arguments----+
| 'currentPage'   | [b'1']          

[2019-12-17 10:45:31] [INFO] [MainThread] [handlers.py:44] Response Infomations:
+-----Headers-----+
| Content-Type    | application/json 

Body:
| {
|     "code": 1,
|     "msg": "数据库配置数据查询成功!",
|     "data": [
|         {
|             "id": 7,
|             "add_time": "2019-12-13T16:29:35",
|             "name": "sds",
|             "creator": {
|                 "id": 1,
|                 "add_time": "2019-12-17T10:45:31.660495",
|                 "account": null,
|                 "password": null,
|                 "nick_name": null,
|                 "head_url": null,
|                 "address": null,
|                 "desc": null,
|                 "gender": null
|             },
|             "db_type": "Google Fusion Tables",
|             "db_user": "31",
|             "db_password": "31",
|             "db_host": "31",
|             "db_port": 31,
|             "desc": "31"
|         },
|         {
|             "id": 6,
|             "add_time": "2019-12-11T20:47:00",
|             "name": "12321",
|             "creator": {
|                 "id": 1,
|                 "add_time": "2019-12-17T10:45:31.660495",
|                 "account": null,
|                 "password": null,
|                 "nick_name": null,
|                 "head_url": null,
|                 "address": null,
|                 "desc": null,
|                 "gender": null
|             },
|             "db_type": "MySQL",
|             "db_user": "312",
|             "db_password": "312",
|             "db_host": "31",
|             "db_port": 31,
|             "desc": "31"
|         },
|         {
|             "id": 5,
|             "add_time": "2019-12-11T20:46:41",
|             "name": "1321",
|             "creator": {
|                 "id": 1,
|                 "add_time": "2019-12-17T10:45:31.661493",
|                 "account": null,
|                 "password": null,
|                 "nick_name": null,
|                 "head_url": null,
|                 "address": null,
|                 "desc": null,
|                 "gender": null
|             },
|             "db_type": "Mysql",
|             "db_user": "3131",
|             "db_password": "3131",
|             "db_host": "31",
|             "db_port": 31,
|             "desc": "313"
|         },
|         {
|             "id": 4,
|             "add_time": "2019-12-05T15:15:11",
|             "name": "侧深V从",
|             "creator": {
|                 "id": 1,
|                 "add_time": "2019-12-17T10:45:31.661493",
|                 "account": null,
|                 "password": null,
|                 "nick_name": null,
|                 "head_url": null,
|                 "address": null,
|                 "desc": null,
|                 "gender": null
|             },
|             "db_type": "侧深V从",
|             "db_user": "侧深V从",
|             "db_password": "侧深V从",
|             "db_host": "侧深V从",
|             "db_port": 3306,
|             "desc": "侧深V从"
|         },
|         {
|             "id": 2,
|             "add_time": "2019-11-27T18:02:58",
|             "name": "3131",
|             "creator": {
|                 "id": 1,
|                 "add_time": "2019-12-17T10:45:31.662490",
|                 "account": null,
|                 "password": null,
|                 "nick_name": null,
|                 "head_url": null,
|                 "address": null,
|                 "desc": null,
|                 "gender": null
|             },
|             "db_type": "313",
|             "db_user": "31",
|             "db_password": "31",
|             "db_host": "31",
|             "db_port": 31,
|             "desc": "31"
|         }
|     ]
| }
[2019-12-17 10:45:31] [INFO] [MainThread] [handlers.py:63] Request Infomations:
+-----Headers-----+
| Host            | 127.0.0.1:8084  
| Connection      | keep-alive      
| Accept          | application/json, text/plain, */* 
| Origin          | http://localhost:8080 
| Authorization   | eyJ0eXAiOiJKV1QiLCJhbGciOiJIUzI1NiJ9.eyJpZCI6MSwibmlja19uYW1lIjpudWxsLCJleHAiOjE1NzYyMjI3NTR9.KdwdPYH43DI8Qt2bY08dEz5fUhB-lnD5S3NCS2iF4fo 
| User-Agent      | Mozilla/5.0 (Windows NT 10.0; WOW64) AppleWebKit/537.36 (KHTML, like Gecko) Chrome/78.0.3904.87 Safari/537.36 
| Sec-Fetch-Site  | cross-site      
| Sec-Fetch-Mode  | cors            
| Referer         | http://localhost:8080/dbManage 
| Accept-Encoding | gzip, deflate, br 
| Accept-Language | zh-CN,zh;q=0.9  
| If-None-Match   | "19c2b8e467e2464cfe1548dccf51a5f64cb28155" 
+----Arguments----+
| 'currentPage'   | [b'1']          

[2019-12-17 10:45:31] [INFO] [MainThread] [handlers.py:44] Response Infomations:
+-----Headers-----+
| Content-Type    | application/json 

Body:
| {
|     "code": 1,
|     "msg": "数据库配置数据查询成功!",
|     "data": [
|         {
|             "id": 7,
|             "add_time": "2019-12-13T16:29:35",
|             "name": "sds",
|             "creator": {
|                 "id": 1,
|                 "add_time": "2019-12-17T10:45:31.686423",
|                 "account": null,
|                 "password": null,
|                 "nick_name": null,
|                 "head_url": null,
|                 "address": null,
|                 "desc": null,
|                 "gender": null
|             },
|             "db_type": "Google Fusion Tables",
|             "db_user": "31",
|             "db_password": "31",
|             "db_host": "31",
|             "db_port": 31,
|             "desc": "31"
|         },
|         {
|             "id": 6,
|             "add_time": "2019-12-11T20:47:00",
|             "name": "12321",
|             "creator": {
|                 "id": 1,
|                 "add_time": "2019-12-17T10:45:31.687420",
|                 "account": null,
|                 "password": null,
|                 "nick_name": null,
|                 "head_url": null,
|                 "address": null,
|                 "desc": null,
|                 "gender": null
|             },
|             "db_type": "MySQL",
|             "db_user": "312",
|             "db_password": "312",
|             "db_host": "31",
|             "db_port": 31,
|             "desc": "31"
|         },
|         {
|             "id": 5,
|             "add_time": "2019-12-11T20:46:41",
|             "name": "1321",
|             "creator": {
|                 "id": 1,
|                 "add_time": "2019-12-17T10:45:31.687420",
|                 "account": null,
|                 "password": null,
|                 "nick_name": null,
|                 "head_url": null,
|                 "address": null,
|                 "desc": null,
|                 "gender": null
|             },
|             "db_type": "Mysql",
|             "db_user": "3131",
|             "db_password": "3131",
|             "db_host": "31",
|             "db_port": 31,
|             "desc": "313"
|         },
|         {
|             "id": 4,
|             "add_time": "2019-12-05T15:15:11",
|             "name": "侧深V从",
|             "creator": {
|                 "id": 1,
|                 "add_time": "2019-12-17T10:45:31.687420",
|                 "account": null,
|                 "password": null,
|                 "nick_name": null,
|                 "head_url": null,
|                 "address": null,
|                 "desc": null,
|                 "gender": null
|             },
|             "db_type": "侧深V从",
|             "db_user": "侧深V从",
|             "db_password": "侧深V从",
|             "db_host": "侧深V从",
|             "db_port": 3306,
|             "desc": "侧深V从"
|         },
|         {
|             "id": 2,
|             "add_time": "2019-11-27T18:02:58",
|             "name": "3131",
|             "creator": {
|                 "id": 1,
|                 "add_time": "2019-12-17T10:45:31.688419",
|                 "account": null,
|                 "password": null,
|                 "nick_name": null,
|                 "head_url": null,
|                 "address": null,
|                 "desc": null,
|                 "gender": null
|             },
|             "db_type": "313",
|             "db_user": "31",
|             "db_password": "31",
|             "db_host": "31",
|             "db_port": 31,
|             "desc": "31"
|         }
|     ]
| }
[2019-12-17 10:45:33] [INFO] [MainThread] [handlers.py:63] Request Infomations:
+-----Headers-----+
| Host            | 127.0.0.1:8084  
| Connection      | keep-alive      
| Access-Control-Request-Method | GET             
| Origin          | http://localhost:8080 
| User-Agent      | Mozilla/5.0 (Windows NT 10.0; WOW64) AppleWebKit/537.36 (KHTML, like Gecko) Chrome/78.0.3904.87 Safari/537.36 
| Access-Control-Request-Headers | authorization   
| Accept          | */*             
| Sec-Fetch-Site  | cross-site      
| Sec-Fetch-Mode  | cors            
| Referer         | http://localhost:8080/interfacesManage 
| Accept-Encoding | gzip, deflate, br 
| Accept-Language | zh-CN,zh;q=0.9  
+----Arguments----+
| 'currentPage'   | [b'1']          

[2019-12-17 10:45:33] [INFO] [MainThread] [handlers.py:44] Response Infomations:
+-----Headers-----+
| Content-Type    | application/json 

Body:
| InterfacesHandler object has list index out of range
[2019-12-17 10:45:33] [INFO] [MainThread] [handlers.py:63] Request Infomations:
+-----Headers-----+
| Host            | 127.0.0.1:8084  
| Connection      | keep-alive      
| Access-Control-Request-Method | GET             
| Origin          | http://localhost:8080 
| User-Agent      | Mozilla/5.0 (Windows NT 10.0; WOW64) AppleWebKit/537.36 (KHTML, like Gecko) Chrome/78.0.3904.87 Safari/537.36 
| Access-Control-Request-Headers | authorization   
| Accept          | */*             
| Sec-Fetch-Site  | cross-site      
| Sec-Fetch-Mode  | cors            
| Referer         | http://localhost:8080/interfacesManage 
| Accept-Encoding | gzip, deflate, br 
| Accept-Language | zh-CN,zh;q=0.9  
+----Arguments----+
| 'currentPage'   | [b'1']          

[2019-12-17 10:45:33] [INFO] [MainThread] [handlers.py:44] Response Infomations:
+-----Headers-----+
| Content-Type    | application/json 

Body:
| InterfacesHandler object has list index out of range
[2019-12-17 10:45:33] [INFO] [MainThread] [handlers.py:63] Request Infomations:
+-----Headers-----+
| Host            | 127.0.0.1:8084  
| Connection      | keep-alive      
| Accept          | application/json, text/plain, */* 
| Origin          | http://localhost:8080 
| Authorization   | eyJ0eXAiOiJKV1QiLCJhbGciOiJIUzI1NiJ9.eyJpZCI6MSwibmlja19uYW1lIjpudWxsLCJleHAiOjE1NzYyMjI3NTR9.KdwdPYH43DI8Qt2bY08dEz5fUhB-lnD5S3NCS2iF4fo 
| User-Agent      | Mozilla/5.0 (Windows NT 10.0; WOW64) AppleWebKit/537.36 (KHTML, like Gecko) Chrome/78.0.3904.87 Safari/537.36 
| Sec-Fetch-Site  | cross-site      
| Sec-Fetch-Mode  | cors            
| Referer         | http://localhost:8080/interfacesManage 
| Accept-Encoding | gzip, deflate, br 
| Accept-Language | zh-CN,zh;q=0.9  
+----Arguments----+
| 'currentPage'   | [b'1']          

[2019-12-17 10:45:33] [INFO] [MainThread] [handlers.py:44] Response Infomations:
+-----Headers-----+
| Content-Type    | application/json 

Body:
| {
|     "code": 1,
|     "msg": "接口数据查询成功!",
|     "data": [
|         {
|             "id": 8,
|             "add_time": "2019-12-05T20:16:55",
|             "interface_name": "第三大学",
|             "url": "32131231",
|             "method": "post",
|             "headers": "{\"Accept\":\"3123131\"}",
|             "params": "{\"31312\":\"31312\"}",
|             "creator": {
|                 "id": 1,
|                 "add_time": "2019-12-17T10:45:33.556576",
|                 "account": null,
|                 "password": null,
|                 "nick_name": null,
|                 "head_url": null,
|                 "address": null,
|                 "desc": null,
|                 "gender": null
|             },
|             "project": {
|                 "id": 8,
|                 "add_time": "2019-12-17T10:45:33.556576",
|                 "name": "嘻嘻嘻嘻嘻嘻嘻嘻",
|                 "env": null,
|                 "creator": null,
|                 "desc": null
|             },
|             "desc": "打打"
|         },
|         {
|             "id": 9,
|             "add_time": "2019-12-05T20:18:19",
|             "interface_name": "打打",
|             "url": "32131231",
|             "method": "post",
|             "headers": "{\"Accept\":\"3123131\",\"Accept-Charset\":\"32123213221\"}",
|             "params": "{\"3131\":\"3122313\",\"31312\":\"31312\"}",
|             "creator": {
|                 "id": 1,
|                 "add_time": "2019-12-17T10:45:33.556576",
|                 "account": null,
|                 "password": null,
|                 "nick_name": null,
|                 "head_url": null,
|                 "address": null,
|                 "desc": null,
|                 "gender": null
|             },
|             "project": {
|                 "id": 8,
|                 "add_time": "2019-12-17T10:45:33.556576",
|                 "name": "嘻嘻嘻嘻嘻嘻嘻嘻",
|                 "env": null,
|                 "creator": null,
|                 "desc": null
|             },
|             "desc": "打打"
|         },
|         {
|             "id": 10,
|             "add_time": "2019-12-05T20:16:55",
|             "interface_name": "李四",
|             "url": "32131231",
|             "method": "post",
|             "headers": "{\"Accept\":\"3123131\"}",
|             "params": "{\"31312\":\"31312\"}",
|             "creator": {
|                 "id": 1,
|                 "add_time": "2019-12-17T10:45:33.557548",
|                 "account": null,
|                 "password": null,
|                 "nick_name": null,
|                 "head_url": null,
|                 "address": null,
|                 "desc": null,
|                 "gender": null
|             },
|             "project": {
|                 "id": 8,
|                 "add_time": "2019-12-17T10:45:33.557548",
|                 "name": "嘻嘻嘻嘻嘻嘻嘻嘻",
|                 "env": null,
|                 "creator": null,
|                 "desc": null
|             },
|             "desc": "打打"
|         },
|         {
|             "id": 11,
|             "add_time": "2019-12-05T20:16:55",
|             "interface_name": "王五",
|             "url": "32131231",
|             "method": "post",
|             "headers": "{\"Accept\":\"3123131\"}",
|             "params": "{\"31312\":\"31312\"}",
|             "creator": {
|                 "id": 1,
|                 "add_time": "2019-12-17T10:45:33.557548",
|                 "account": null,
|                 "password": null,
|                 "nick_name": null,
|                 "head_url": null,
|                 "address": null,
|                 "desc": null,
|                 "gender": null
|             },
|             "project": {
|                 "id": 8,
|                 "add_time": "2019-12-17T10:45:33.557548",
|                 "name": "嘻嘻嘻嘻嘻嘻嘻嘻",
|                 "env": null,
|                 "creator": null,
|                 "desc": null
|             },
|             "desc": "打打"
|         },
|         {
|             "id": 12,
|             "add_time": "2019-12-13T17:13:01",
|             "interface_name": "31",
|             "url": "1",
|             "method": "POST",
|             "headers": "{}",
|             "params": "{}",
|             "creator": {
|                 "id": 1,
|                 "add_time": "2019-12-17T10:45:33.557548",
|                 "account": null,
|                 "password": null,
|                 "nick_name": null,
|                 "head_url": null,
|                 "address": null,
|                 "desc": null,
|                 "gender": null
|             },
|             "project": {
|                 "id": 8,
|                 "add_time": "2019-12-17T10:45:33.557548",
|                 "name": "嘻嘻嘻嘻嘻嘻嘻嘻",
|                 "env": null,
|                 "creator": null,
|                 "desc": null
|             },
|             "desc": "3131"
|         },
|         {
|             "id": 14,
|             "add_time": "2019-12-13T17:14:05",
|             "interface_name": "无敌",
|             "url": "213132",
|             "method": "POST",
|             "headers": "{}",
|             "params": "{}",
|             "creator": {
|                 "id": 1,
|                 "add_time": "2019-12-17T10:45:33.558545",
|                 "account": null,
|                 "password": null,
|                 "nick_name": null,
|                 "head_url": null,
|                 "address": null,
|                 "desc": null,
|                 "gender": null
|             },
|             "project": {
|                 "id": 8,
|                 "add_time": "2019-12-17T10:45:33.558545",
|                 "name": "嘻嘻嘻嘻嘻嘻嘻嘻",
|                 "env": null,
|                 "creator": null,
|                 "desc": null
|             },
|             "desc": "213"
|         },
|         {
|             "id": 13,
|             "add_time": "2019-12-13T17:13:32",
|             "interface_name": "3131",
|             "url": "3131",
|             "method": "get",
|             "headers": "{}",
|             "params": "=",
|             "creator": {
|                 "id": 1,
|                 "add_time": "2019-12-17T10:45:33.558545",
|                 "account": null,
|                 "password": null,
|                 "nick_name": null,
|                 "head_url": null,
|                 "address": null,
|                 "desc": null,
|                 "gender": null
|             },
|             "project": {
|                 "id": 7,
|                 "add_time": "2019-12-17T10:45:33.558545",
|                 "name": "12312",
|                 "env": null,
|                 "creator": null,
|                 "desc": null
|             },
|             "desc": "31"
|         }
|     ]
| }
[2019-12-17 10:45:33] [INFO] [MainThread] [handlers.py:63] Request Infomations:
+-----Headers-----+
| Host            | 127.0.0.1:8084  
| Connection      | keep-alive      
| Accept          | application/json, text/plain, */* 
| Origin          | http://localhost:8080 
| Authorization   | eyJ0eXAiOiJKV1QiLCJhbGciOiJIUzI1NiJ9.eyJpZCI6MSwibmlja19uYW1lIjpudWxsLCJleHAiOjE1NzYyMjI3NTR9.KdwdPYH43DI8Qt2bY08dEz5fUhB-lnD5S3NCS2iF4fo 
| User-Agent      | Mozilla/5.0 (Windows NT 10.0; WOW64) AppleWebKit/537.36 (KHTML, like Gecko) Chrome/78.0.3904.87 Safari/537.36 
| Sec-Fetch-Site  | cross-site      
| Sec-Fetch-Mode  | cors            
| Referer         | http://localhost:8080/interfacesManage 
| Accept-Encoding | gzip, deflate, br 
| Accept-Language | zh-CN,zh;q=0.9  
| If-None-Match   | "c79e416f6985d9c9290bb4fbfd49b29c8241a68f" 
+----Arguments----+
| 'currentPage'   | [b'1']          

[2019-12-17 10:45:33] [INFO] [MainThread] [handlers.py:44] Response Infomations:
+-----Headers-----+
| Content-Type    | application/json 

Body:
| {
|     "code": 1,
|     "msg": "接口数据查询成功!",
|     "data": [
|         {
|             "id": 8,
|             "add_time": "2019-12-05T20:16:55",
|             "interface_name": "第三大学",
|             "url": "32131231",
|             "method": "post",
|             "headers": "{\"Accept\":\"3123131\"}",
|             "params": "{\"31312\":\"31312\"}",
|             "creator": {
|                 "id": 1,
|                 "add_time": "2019-12-17T10:45:33.590465",
|                 "account": null,
|                 "password": null,
|                 "nick_name": null,
|                 "head_url": null,
|                 "address": null,
|                 "desc": null,
|                 "gender": null
|             },
|             "project": {
|                 "id": 8,
|                 "add_time": "2019-12-17T10:45:33.590465",
|                 "name": "嘻嘻嘻嘻嘻嘻嘻嘻",
|                 "env": null,
|                 "creator": null,
|                 "desc": null
|             },
|             "desc": "打打"
|         },
|         {
|             "id": 9,
|             "add_time": "2019-12-05T20:18:19",
|             "interface_name": "打打",
|             "url": "32131231",
|             "method": "post",
|             "headers": "{\"Accept\":\"3123131\",\"Accept-Charset\":\"32123213221\"}",
|             "params": "{\"3131\":\"3122313\",\"31312\":\"31312\"}",
|             "creator": {
|                 "id": 1,
|                 "add_time": "2019-12-17T10:45:33.590465",
|                 "account": null,
|                 "password": null,
|                 "nick_name": null,
|                 "head_url": null,
|                 "address": null,
|                 "desc": null,
|                 "gender": null
|             },
|             "project": {
|                 "id": 8,
|                 "add_time": "2019-12-17T10:45:33.590465",
|                 "name": "嘻嘻嘻嘻嘻嘻嘻嘻",
|                 "env": null,
|                 "creator": null,
|                 "desc": null
|             },
|             "desc": "打打"
|         },
|         {
|             "id": 10,
|             "add_time": "2019-12-05T20:16:55",
|             "interface_name": "李四",
|             "url": "32131231",
|             "method": "post",
|             "headers": "{\"Accept\":\"3123131\"}",
|             "params": "{\"31312\":\"31312\"}",
|             "creator": {
|                 "id": 1,
|                 "add_time": "2019-12-17T10:45:33.591461",
|                 "account": null,
|                 "password": null,
|                 "nick_name": null,
|                 "head_url": null,
|                 "address": null,
|                 "desc": null,
|                 "gender": null
|             },
|             "project": {
|                 "id": 8,
|                 "add_time": "2019-12-17T10:45:33.591461",
|                 "name": "嘻嘻嘻嘻嘻嘻嘻嘻",
|                 "env": null,
|                 "creator": null,
|                 "desc": null
|             },
|             "desc": "打打"
|         },
|         {
|             "id": 11,
|             "add_time": "2019-12-05T20:16:55",
|             "interface_name": "王五",
|             "url": "32131231",
|             "method": "post",
|             "headers": "{\"Accept\":\"3123131\"}",
|             "params": "{\"31312\":\"31312\"}",
|             "creator": {
|                 "id": 1,
|                 "add_time": "2019-12-17T10:45:33.591461",
|                 "account": null,
|                 "password": null,
|                 "nick_name": null,
|                 "head_url": null,
|                 "address": null,
|                 "desc": null,
|                 "gender": null
|             },
|             "project": {
|                 "id": 8,
|                 "add_time": "2019-12-17T10:45:33.591461",
|                 "name": "嘻嘻嘻嘻嘻嘻嘻嘻",
|                 "env": null,
|                 "creator": null,
|                 "desc": null
|             },
|             "desc": "打打"
|         },
|         {
|             "id": 12,
|             "add_time": "2019-12-13T17:13:01",
|             "interface_name": "31",
|             "url": "1",
|             "method": "POST",
|             "headers": "{}",
|             "params": "{}",
|             "creator": {
|                 "id": 1,
|                 "add_time": "2019-12-17T10:45:33.591461",
|                 "account": null,
|                 "password": null,
|                 "nick_name": null,
|                 "head_url": null,
|                 "address": null,
|                 "desc": null,
|                 "gender": null
|             },
|             "project": {
|                 "id": 8,
|                 "add_time": "2019-12-17T10:45:33.591461",
|                 "name": "嘻嘻嘻嘻嘻嘻嘻嘻",
|                 "env": null,
|                 "creator": null,
|                 "desc": null
|             },
|             "desc": "3131"
|         },
|         {
|             "id": 14,
|             "add_time": "2019-12-13T17:14:05",
|             "interface_name": "无敌",
|             "url": "213132",
|             "method": "POST",
|             "headers": "{}",
|             "params": "{}",
|             "creator": {
|                 "id": 1,
|                 "add_time": "2019-12-17T10:45:33.591461",
|                 "account": null,
|                 "password": null,
|                 "nick_name": null,
|                 "head_url": null,
|                 "address": null,
|                 "desc": null,
|                 "gender": null
|             },
|             "project": {
|                 "id": 8,
|                 "add_time": "2019-12-17T10:45:33.591461",
|                 "name": "嘻嘻嘻嘻嘻嘻嘻嘻",
|                 "env": null,
|                 "creator": null,
|                 "desc": null
|             },
|             "desc": "213"
|         },
|         {
|             "id": 13,
|             "add_time": "2019-12-13T17:13:32",
|             "interface_name": "3131",
|             "url": "3131",
|             "method": "get",
|             "headers": "{}",
|             "params": "=",
|             "creator": {
|                 "id": 1,
|                 "add_time": "2019-12-17T10:45:33.592455",
|                 "account": null,
|                 "password": null,
|                 "nick_name": null,
|                 "head_url": null,
|                 "address": null,
|                 "desc": null,
|                 "gender": null
|             },
|             "project": {
|                 "id": 7,
|                 "add_time": "2019-12-17T10:45:33.592455",
|                 "name": "12312",
|                 "env": null,
|                 "creator": null,
|                 "desc": null
|             },
|             "desc": "31"
|         }
|     ]
| }
[2019-12-17 10:45:34] [INFO] [MainThread] [handlers.py:63] Request Infomations:
+-----Headers-----+
| Host            | 127.0.0.1:8084  
| Connection      | keep-alive      
| Accept          | application/json, text/plain, */* 
| Origin          | http://localhost:8080 
| Authorization   | eyJ0eXAiOiJKV1QiLCJhbGciOiJIUzI1NiJ9.eyJpZCI6MSwibmlja19uYW1lIjpudWxsLCJleHAiOjE1NzYyMjI3NTR9.KdwdPYH43DI8Qt2bY08dEz5fUhB-lnD5S3NCS2iF4fo 
| User-Agent      | Mozilla/5.0 (Windows NT 10.0; WOW64) AppleWebKit/537.36 (KHTML, like Gecko) Chrome/78.0.3904.87 Safari/537.36 
| Sec-Fetch-Site  | cross-site      
| Sec-Fetch-Mode  | cors            
| Referer         | http://localhost:8080/testCaseManage 
| Accept-Encoding | gzip, deflate, br 
| Accept-Language | zh-CN,zh;q=0.9  
| If-None-Match   | "af9e0414cfa264f727b2c2c5fbaaa293d14ca777" 
+----Arguments----+
| 'currentPage'   | [b'1']          

[2019-12-17 10:45:34] [INFO] [MainThread] [handlers.py:44] Response Infomations:
+-----Headers-----+
| Content-Type    | application/json 

Body:
| {
|     "code": 1,
|     "msg": "接口数据查询成功!",
|     "data": [
|         {
|             "id": 8,
|             "add_time": "2019-12-05T20:16:55",
|             "interface_name": "第三大学",
|             "url": "32131231",
|             "method": "post",
|             "headers": "{\"Accept\":\"3123131\"}",
|             "params": "{\"31312\":\"31312\"}",
|             "creator": {
|                 "id": 1,
|                 "add_time": "2019-12-17T10:45:34.470816",
|                 "account": null,
|                 "password": null,
|                 "nick_name": null,
|                 "head_url": null,
|                 "address": null,
|                 "desc": null,
|                 "gender": null
|             },
|             "project": {
|                 "id": 8,
|                 "add_time": "2019-12-17T10:45:34.470816",
|                 "name": "嘻嘻嘻嘻嘻嘻嘻嘻",
|                 "env": null,
|                 "creator": null,
|                 "desc": null
|             },
|             "desc": "打打"
|         },
|         {
|             "id": 9,
|             "add_time": "2019-12-05T20:18:19",
|             "interface_name": "打打",
|             "url": "32131231",
|             "method": "post",
|             "headers": "{\"Accept\":\"3123131\",\"Accept-Charset\":\"32123213221\"}",
|             "params": "{\"3131\":\"3122313\",\"31312\":\"31312\"}",
|             "creator": {
|                 "id": 1,
|                 "add_time": "2019-12-17T10:45:34.470816",
|                 "account": null,
|                 "password": null,
|                 "nick_name": null,
|                 "head_url": null,
|                 "address": null,
|                 "desc": null,
|                 "gender": null
|             },
|             "project": {
|                 "id": 8,
|                 "add_time": "2019-12-17T10:45:34.470816",
|                 "name": "嘻嘻嘻嘻嘻嘻嘻嘻",
|                 "env": null,
|                 "creator": null,
|                 "desc": null
|             },
|             "desc": "打打"
|         },
|         {
|             "id": 10,
|             "add_time": "2019-12-05T20:16:55",
|             "interface_name": "李四",
|             "url": "32131231",
|             "method": "post",
|             "headers": "{\"Accept\":\"3123131\"}",
|             "params": "{\"31312\":\"31312\"}",
|             "creator": {
|                 "id": 1,
|                 "add_time": "2019-12-17T10:45:34.471813",
|                 "account": null,
|                 "password": null,
|                 "nick_name": null,
|                 "head_url": null,
|                 "address": null,
|                 "desc": null,
|                 "gender": null
|             },
|             "project": {
|                 "id": 8,
|                 "add_time": "2019-12-17T10:45:34.471813",
|                 "name": "嘻嘻嘻嘻嘻嘻嘻嘻",
|                 "env": null,
|                 "creator": null,
|                 "desc": null
|             },
|             "desc": "打打"
|         },
|         {
|             "id": 11,
|             "add_time": "2019-12-05T20:16:55",
|             "interface_name": "王五",
|             "url": "32131231",
|             "method": "post",
|             "headers": "{\"Accept\":\"3123131\"}",
|             "params": "{\"31312\":\"31312\"}",
|             "creator": {
|                 "id": 1,
|                 "add_time": "2019-12-17T10:45:34.471813",
|                 "account": null,
|                 "password": null,
|                 "nick_name": null,
|                 "head_url": null,
|                 "address": null,
|                 "desc": null,
|                 "gender": null
|             },
|             "project": {
|                 "id": 8,
|                 "add_time": "2019-12-17T10:45:34.471813",
|                 "name": "嘻嘻嘻嘻嘻嘻嘻嘻",
|                 "env": null,
|                 "creator": null,
|                 "desc": null
|             },
|             "desc": "打打"
|         },
|         {
|             "id": 12,
|             "add_time": "2019-12-13T17:13:01",
|             "interface_name": "31",
|             "url": "1",
|             "method": "POST",
|             "headers": "{}",
|             "params": "{}",
|             "creator": {
|                 "id": 1,
|                 "add_time": "2019-12-17T10:45:34.471813",
|                 "account": null,
|                 "password": null,
|                 "nick_name": null,
|                 "head_url": null,
|                 "address": null,
|                 "desc": null,
|                 "gender": null
|             },
|             "project": {
|                 "id": 8,
|                 "add_time": "2019-12-17T10:45:34.471813",
|                 "name": "嘻嘻嘻嘻嘻嘻嘻嘻",
|                 "env": null,
|                 "creator": null,
|                 "desc": null
|             },
|             "desc": "3131"
|         },
|         {
|             "id": 14,
|             "add_time": "2019-12-13T17:14:05",
|             "interface_name": "无敌",
|             "url": "213132",
|             "method": "POST",
|             "headers": "{}",
|             "params": "{}",
|             "creator": {
|                 "id": 1,
|                 "add_time": "2019-12-17T10:45:34.472810",
|                 "account": null,
|                 "password": null,
|                 "nick_name": null,
|                 "head_url": null,
|                 "address": null,
|                 "desc": null,
|                 "gender": null
|             },
|             "project": {
|                 "id": 8,
|                 "add_time": "2019-12-17T10:45:34.472810",
|                 "name": "嘻嘻嘻嘻嘻嘻嘻嘻",
|                 "env": null,
|                 "creator": null,
|                 "desc": null
|             },
|             "desc": "213"
|         },
|         {
|             "id": 13,
|             "add_time": "2019-12-13T17:13:32",
|             "interface_name": "3131",
|             "url": "3131",
|             "method": "get",
|             "headers": "{}",
|             "params": "=",
|             "creator": {
|                 "id": 1,
|                 "add_time": "2019-12-17T10:45:34.472810",
|                 "account": null,
|                 "password": null,
|                 "nick_name": null,
|                 "head_url": null,
|                 "address": null,
|                 "desc": null,
|                 "gender": null
|             },
|             "project": {
|                 "id": 7,
|                 "add_time": "2019-12-17T10:45:34.472810",
|                 "name": "12312",
|                 "env": null,
|                 "creator": null,
|                 "desc": null
|             },
|             "desc": "31"
|         }
|     ]
| }
[2019-12-17 10:45:34] [INFO] [MainThread] [handlers.py:63] Request Infomations:
+-----Headers-----+
| Host            | 127.0.0.1:8084  
| Connection      | keep-alive      
| Accept          | application/json, text/plain, */* 
| Origin          | http://localhost:8080 
| Authorization   | eyJ0eXAiOiJKV1QiLCJhbGciOiJIUzI1NiJ9.eyJpZCI6MSwibmlja19uYW1lIjpudWxsLCJleHAiOjE1NzYyMjI3NTR9.KdwdPYH43DI8Qt2bY08dEz5fUhB-lnD5S3NCS2iF4fo 
| User-Agent      | Mozilla/5.0 (Windows NT 10.0; WOW64) AppleWebKit/537.36 (KHTML, like Gecko) Chrome/78.0.3904.87 Safari/537.36 
| Sec-Fetch-Site  | cross-site      
| Sec-Fetch-Mode  | cors            
| Referer         | http://localhost:8080/testCaseManage 
| Accept-Encoding | gzip, deflate, br 
| Accept-Language | zh-CN,zh;q=0.9  
| If-None-Match   | "cec6f9bd9a6310437129b767e7a3a8004129a440" 
+----Arguments----+
| 'currentPage'   | [b'1']          

[2019-12-17 10:45:34] [INFO] [MainThread] [handlers.py:44] Response Infomations:
+-----Headers-----+
| Content-Type    | application/json 

Body:
| {
|     "code": 1,
|     "msg": "接口数据查询成功!",
|     "data": [
|         {
|             "id": 8,
|             "add_time": "2019-12-05T20:16:55",
|             "interface_name": "第三大学",
|             "url": "32131231",
|             "method": "post",
|             "headers": "{\"Accept\":\"3123131\"}",
|             "params": "{\"31312\":\"31312\"}",
|             "creator": {
|                 "id": 1,
|                 "add_time": "2019-12-17T10:45:34.498741",
|                 "account": null,
|                 "password": null,
|                 "nick_name": null,
|                 "head_url": null,
|                 "address": null,
|                 "desc": null,
|                 "gender": null
|             },
|             "project": {
|                 "id": 8,
|                 "add_time": "2019-12-17T10:45:34.498741",
|                 "name": "嘻嘻嘻嘻嘻嘻嘻嘻",
|                 "env": null,
|                 "creator": null,
|                 "desc": null
|             },
|             "desc": "打打"
|         },
|         {
|             "id": 9,
|             "add_time": "2019-12-05T20:18:19",
|             "interface_name": "打打",
|             "url": "32131231",
|             "method": "post",
|             "headers": "{\"Accept\":\"3123131\",\"Accept-Charset\":\"32123213221\"}",
|             "params": "{\"3131\":\"3122313\",\"31312\":\"31312\"}",
|             "creator": {
|                 "id": 1,
|                 "add_time": "2019-12-17T10:45:34.498741",
|                 "account": null,
|                 "password": null,
|                 "nick_name": null,
|                 "head_url": null,
|                 "address": null,
|                 "desc": null,
|                 "gender": null
|             },
|             "project": {
|                 "id": 8,
|                 "add_time": "2019-12-17T10:45:34.498741",
|                 "name": "嘻嘻嘻嘻嘻嘻嘻嘻",
|                 "env": null,
|                 "creator": null,
|                 "desc": null
|             },
|             "desc": "打打"
|         },
|         {
|             "id": 10,
|             "add_time": "2019-12-05T20:16:55",
|             "interface_name": "李四",
|             "url": "32131231",
|             "method": "post",
|             "headers": "{\"Accept\":\"3123131\"}",
|             "params": "{\"31312\":\"31312\"}",
|             "creator": {
|                 "id": 1,
|                 "add_time": "2019-12-17T10:45:34.498741",
|                 "account": null,
|                 "password": null,
|                 "nick_name": null,
|                 "head_url": null,
|                 "address": null,
|                 "desc": null,
|                 "gender": null
|             },
|             "project": {
|                 "id": 8,
|                 "add_time": "2019-12-17T10:45:34.498741",
|                 "name": "嘻嘻嘻嘻嘻嘻嘻嘻",
|                 "env": null,
|                 "creator": null,
|                 "desc": null
|             },
|             "desc": "打打"
|         },
|         {
|             "id": 11,
|             "add_time": "2019-12-05T20:16:55",
|             "interface_name": "王五",
|             "url": "32131231",
|             "method": "post",
|             "headers": "{\"Accept\":\"3123131\"}",
|             "params": "{\"31312\":\"31312\"}",
|             "creator": {
|                 "id": 1,
|                 "add_time": "2019-12-17T10:45:34.498741",
|                 "account": null,
|                 "password": null,
|                 "nick_name": null,
|                 "head_url": null,
|                 "address": null,
|                 "desc": null,
|                 "gender": null
|             },
|             "project": {
|                 "id": 8,
|                 "add_time": "2019-12-17T10:45:34.498741",
|                 "name": "嘻嘻嘻嘻嘻嘻嘻嘻",
|                 "env": null,
|                 "creator": null,
|                 "desc": null
|             },
|             "desc": "打打"
|         },
|         {
|             "id": 12,
|             "add_time": "2019-12-13T17:13:01",
|             "interface_name": "31",
|             "url": "1",
|             "method": "POST",
|             "headers": "{}",
|             "params": "{}",
|             "creator": {
|                 "id": 1,
|                 "add_time": "2019-12-17T10:45:34.498741",
|                 "account": null,
|                 "password": null,
|                 "nick_name": null,
|                 "head_url": null,
|                 "address": null,
|                 "desc": null,
|                 "gender": null
|             },
|             "project": {
|                 "id": 8,
|                 "add_time": "2019-12-17T10:45:34.498741",
|                 "name": "嘻嘻嘻嘻嘻嘻嘻嘻",
|                 "env": null,
|                 "creator": null,
|                 "desc": null
|             },
|             "desc": "3131"
|         },
|         {
|             "id": 14,
|             "add_time": "2019-12-13T17:14:05",
|             "interface_name": "无敌",
|             "url": "213132",
|             "method": "POST",
|             "headers": "{}",
|             "params": "{}",
|             "creator": {
|                 "id": 1,
|                 "add_time": "2019-12-17T10:45:34.499740",
|                 "account": null,
|                 "password": null,
|                 "nick_name": null,
|                 "head_url": null,
|                 "address": null,
|                 "desc": null,
|                 "gender": null
|             },
|             "project": {
|                 "id": 8,
|                 "add_time": "2019-12-17T10:45:34.499740",
|                 "name": "嘻嘻嘻嘻嘻嘻嘻嘻",
|                 "env": null,
|                 "creator": null,
|                 "desc": null
|             },
|             "desc": "213"
|         },
|         {
|             "id": 13,
|             "add_time": "2019-12-13T17:13:32",
|             "interface_name": "3131",
|             "url": "3131",
|             "method": "get",
|             "headers": "{}",
|             "params": "=",
|             "creator": {
|                 "id": 1,
|                 "add_time": "2019-12-17T10:45:34.499740",
|                 "account": null,
|                 "password": null,
|                 "nick_name": null,
|                 "head_url": null,
|                 "address": null,
|                 "desc": null,
|                 "gender": null
|             },
|             "project": {
|                 "id": 7,
|                 "add_time": "2019-12-17T10:45:34.499740",
|                 "name": "12312",
|                 "env": null,
|                 "creator": null,
|                 "desc": null
|             },
|             "desc": "31"
|         }
|     ]
| }
[2019-12-17 10:45:35] [INFO] [MainThread] [handlers.py:63] Request Infomations:
+-----Headers-----+
| Host            | 127.0.0.1:8084  
| Connection      | keep-alive      
| Access-Control-Request-Method | GET             
| Origin          | http://localhost:8080 
| User-Agent      | Mozilla/5.0 (Windows NT 10.0; WOW64) AppleWebKit/537.36 (KHTML, like Gecko) Chrome/78.0.3904.87 Safari/537.36 
| Access-Control-Request-Headers | authorization   
| Accept          | */*             
| Sec-Fetch-Site  | cross-site      
| Sec-Fetch-Mode  | cors            
| Referer         | http://localhost:8080/testCaseManage 
| Accept-Encoding | gzip, deflate, br 
| Accept-Language | zh-CN,zh;q=0.9  

[2019-12-17 10:45:35] [INFO] [MainThread] [handlers.py:44] Response Infomations:
+-----Headers-----+
| Content-Type    | application/json 

Body:
| InterfacesHandler object has list index out of range
[2019-12-17 10:45:35] [INFO] [MainThread] [handlers.py:63] Request Infomations:
+-----Headers-----+
| Host            | 127.0.0.1:8084  
| Connection      | keep-alive      
| Access-Control-Request-Method | GET             
| Origin          | http://localhost:8080 
| User-Agent      | Mozilla/5.0 (Windows NT 10.0; WOW64) AppleWebKit/537.36 (KHTML, like Gecko) Chrome/78.0.3904.87 Safari/537.36 
| Access-Control-Request-Headers | authorization   
| Accept          | */*             
| Sec-Fetch-Site  | cross-site      
| Sec-Fetch-Mode  | cors            
| Referer         | http://localhost:8080/testCaseManage 
| Accept-Encoding | gzip, deflate, br 
| Accept-Language | zh-CN,zh;q=0.9  

[2019-12-17 10:45:35] [INFO] [MainThread] [handlers.py:44] Response Infomations:
+-----Headers-----+
| Content-Type    | application/json 

Body:
| InterfacesHandler object has list index out of range
[2019-12-17 10:45:35] [INFO] [MainThread] [handlers.py:63] Request Infomations:
+-----Headers-----+
| Host            | 127.0.0.1:8084  
| Connection      | keep-alive      
| Accept          | application/json, text/plain, */* 
| Origin          | http://localhost:8080 
| Authorization   | eyJ0eXAiOiJKV1QiLCJhbGciOiJIUzI1NiJ9.eyJpZCI6MSwibmlja19uYW1lIjpudWxsLCJleHAiOjE1NzYyMjI3NTR9.KdwdPYH43DI8Qt2bY08dEz5fUhB-lnD5S3NCS2iF4fo 
| User-Agent      | Mozilla/5.0 (Windows NT 10.0; WOW64) AppleWebKit/537.36 (KHTML, like Gecko) Chrome/78.0.3904.87 Safari/537.36 
| Sec-Fetch-Site  | cross-site      
| Sec-Fetch-Mode  | cors            
| Referer         | http://localhost:8080/testCaseManage 
| Accept-Encoding | gzip, deflate, br 
| Accept-Language | zh-CN,zh;q=0.9  

[2019-12-17 10:45:35] [INFO] [MainThread] [handlers.py:44] Response Infomations:
+-----Headers-----+
| Content-Type    | application/json 

Body:
| {
|     "code": 1,
|     "msg": "接口数据查询成功!",
|     "data": [
|         {
|             "id": 8,
|             "add_time": "2019-12-05T20:16:55",
|             "interface_name": "第三大学",
|             "url": "32131231",
|             "method": "post",
|             "headers": "{\"Accept\":\"3123131\"}",
|             "params": "{\"31312\":\"31312\"}",
|             "creator": {
|                 "id": 1,
|                 "add_time": "2019-12-17T10:45:35.865560",
|                 "account": null,
|                 "password": null,
|                 "nick_name": null,
|                 "head_url": null,
|                 "address": null,
|                 "desc": null,
|                 "gender": null
|             },
|             "project": {
|                 "id": 8,
|                 "add_time": "2019-12-17T10:45:35.865560",
|                 "name": "嘻嘻嘻嘻嘻嘻嘻嘻",
|                 "env": null,
|                 "creator": null,
|                 "desc": null
|             },
|             "desc": "打打"
|         },
|         {
|             "id": 9,
|             "add_time": "2019-12-05T20:18:19",
|             "interface_name": "打打",
|             "url": "32131231",
|             "method": "post",
|             "headers": "{\"Accept\":\"3123131\",\"Accept-Charset\":\"32123213221\"}",
|             "params": "{\"3131\":\"3122313\",\"31312\":\"31312\"}",
|             "creator": {
|                 "id": 1,
|                 "add_time": "2019-12-17T10:45:35.866557",
|                 "account": null,
|                 "password": null,
|                 "nick_name": null,
|                 "head_url": null,
|                 "address": null,
|                 "desc": null,
|                 "gender": null
|             },
|             "project": {
|                 "id": 8,
|                 "add_time": "2019-12-17T10:45:35.866557",
|                 "name": "嘻嘻嘻嘻嘻嘻嘻嘻",
|                 "env": null,
|                 "creator": null,
|                 "desc": null
|             },
|             "desc": "打打"
|         },
|         {
|             "id": 10,
|             "add_time": "2019-12-05T20:16:55",
|             "interface_name": "李四",
|             "url": "32131231",
|             "method": "post",
|             "headers": "{\"Accept\":\"3123131\"}",
|             "params": "{\"31312\":\"31312\"}",
|             "creator": {
|                 "id": 1,
|                 "add_time": "2019-12-17T10:45:35.866557",
|                 "account": null,
|                 "password": null,
|                 "nick_name": null,
|                 "head_url": null,
|                 "address": null,
|                 "desc": null,
|                 "gender": null
|             },
|             "project": {
|                 "id": 8,
|                 "add_time": "2019-12-17T10:45:35.866557",
|                 "name": "嘻嘻嘻嘻嘻嘻嘻嘻",
|                 "env": null,
|                 "creator": null,
|                 "desc": null
|             },
|             "desc": "打打"
|         },
|         {
|             "id": 11,
|             "add_time": "2019-12-05T20:16:55",
|             "interface_name": "王五",
|             "url": "32131231",
|             "method": "post",
|             "headers": "{\"Accept\":\"3123131\"}",
|             "params": "{\"31312\":\"31312\"}",
|             "creator": {
|                 "id": 1,
|                 "add_time": "2019-12-17T10:45:35.867555",
|                 "account": null,
|                 "password": null,
|                 "nick_name": null,
|                 "head_url": null,
|                 "address": null,
|                 "desc": null,
|                 "gender": null
|             },
|             "project": {
|                 "id": 8,
|                 "add_time": "2019-12-17T10:45:35.867555",
|                 "name": "嘻嘻嘻嘻嘻嘻嘻嘻",
|                 "env": null,
|                 "creator": null,
|                 "desc": null
|             },
|             "desc": "打打"
|         },
|         {
|             "id": 12,
|             "add_time": "2019-12-13T17:13:01",
|             "interface_name": "31",
|             "url": "1",
|             "method": "POST",
|             "headers": "{}",
|             "params": "{}",
|             "creator": {
|                 "id": 1,
|                 "add_time": "2019-12-17T10:45:35.867555",
|                 "account": null,
|                 "password": null,
|                 "nick_name": null,
|                 "head_url": null,
|                 "address": null,
|                 "desc": null,
|                 "gender": null
|             },
|             "project": {
|                 "id": 8,
|                 "add_time": "2019-12-17T10:45:35.867555",
|                 "name": "嘻嘻嘻嘻嘻嘻嘻嘻",
|                 "env": null,
|                 "creator": null,
|                 "desc": null
|             },
|             "desc": "3131"
|         },
|         {
|             "id": 14,
|             "add_time": "2019-12-13T17:14:05",
|             "interface_name": "无敌",
|             "url": "213132",
|             "method": "POST",
|             "headers": "{}",
|             "params": "{}",
|             "creator": {
|                 "id": 1,
|                 "add_time": "2019-12-17T10:45:35.867555",
|                 "account": null,
|                 "password": null,
|                 "nick_name": null,
|                 "head_url": null,
|                 "address": null,
|                 "desc": null,
|                 "gender": null
|             },
|             "project": {
|                 "id": 8,
|                 "add_time": "2019-12-17T10:45:35.867555",
|                 "name": "嘻嘻嘻嘻嘻嘻嘻嘻",
|                 "env": null,
|                 "creator": null,
|                 "desc": null
|             },
|             "desc": "213"
|         },
|         {
|             "id": 13,
|             "add_time": "2019-12-13T17:13:32",
|             "interface_name": "3131",
|             "url": "3131",
|             "method": "get",
|             "headers": "{}",
|             "params": "=",
|             "creator": {
|                 "id": 1,
|                 "add_time": "2019-12-17T10:45:35.867555",
|                 "account": null,
|                 "password": null,
|                 "nick_name": null,
|                 "head_url": null,
|                 "address": null,
|                 "desc": null,
|                 "gender": null
|             },
|             "project": {
|                 "id": 7,
|                 "add_time": "2019-12-17T10:45:35.867555",
|                 "name": "12312",
|                 "env": null,
|                 "creator": null,
|                 "desc": null
|             },
|             "desc": "31"
|         }
|     ]
| }
[2019-12-17 10:45:35] [INFO] [MainThread] [handlers.py:63] Request Infomations:
+-----Headers-----+
| Host            | 127.0.0.1:8084  
| Connection      | keep-alive      
| Accept          | application/json, text/plain, */* 
| Origin          | http://localhost:8080 
| Authorization   | eyJ0eXAiOiJKV1QiLCJhbGciOiJIUzI1NiJ9.eyJpZCI6MSwibmlja19uYW1lIjpudWxsLCJleHAiOjE1NzYyMjI3NTR9.KdwdPYH43DI8Qt2bY08dEz5fUhB-lnD5S3NCS2iF4fo 
| User-Agent      | Mozilla/5.0 (Windows NT 10.0; WOW64) AppleWebKit/537.36 (KHTML, like Gecko) Chrome/78.0.3904.87 Safari/537.36 
| Sec-Fetch-Site  | cross-site      
| Sec-Fetch-Mode  | cors            
| Referer         | http://localhost:8080/testCaseManage 
| Accept-Encoding | gzip, deflate, br 
| Accept-Language | zh-CN,zh;q=0.9  
| If-None-Match   | "f1beb9945bedd4d9b97c062440569f57df48fc76" 

[2019-12-17 10:45:35] [INFO] [MainThread] [handlers.py:44] Response Infomations:
+-----Headers-----+
| Content-Type    | application/json 

Body:
| {
|     "code": 1,
|     "msg": "接口数据查询成功!",
|     "data": [
|         {
|             "id": 8,
|             "add_time": "2019-12-05T20:16:55",
|             "interface_name": "第三大学",
|             "url": "32131231",
|             "method": "post",
|             "headers": "{\"Accept\":\"3123131\"}",
|             "params": "{\"31312\":\"31312\"}",
|             "creator": {
|                 "id": 1,
|                 "add_time": "2019-12-17T10:45:35.972275",
|                 "account": null,
|                 "password": null,
|                 "nick_name": null,
|                 "head_url": null,
|                 "address": null,
|                 "desc": null,
|                 "gender": null
|             },
|             "project": {
|                 "id": 8,
|                 "add_time": "2019-12-17T10:45:35.972275",
|                 "name": "嘻嘻嘻嘻嘻嘻嘻嘻",
|                 "env": null,
|                 "creator": null,
|                 "desc": null
|             },
|             "desc": "打打"
|         },
|         {
|             "id": 9,
|             "add_time": "2019-12-05T20:18:19",
|             "interface_name": "打打",
|             "url": "32131231",
|             "method": "post",
|             "headers": "{\"Accept\":\"3123131\",\"Accept-Charset\":\"32123213221\"}",
|             "params": "{\"3131\":\"3122313\",\"31312\":\"31312\"}",
|             "creator": {
|                 "id": 1,
|                 "add_time": "2019-12-17T10:45:35.972275",
|                 "account": null,
|                 "password": null,
|                 "nick_name": null,
|                 "head_url": null,
|                 "address": null,
|                 "desc": null,
|                 "gender": null
|             },
|             "project": {
|                 "id": 8,
|                 "add_time": "2019-12-17T10:45:35.972275",
|                 "name": "嘻嘻嘻嘻嘻嘻嘻嘻",
|                 "env": null,
|                 "creator": null,
|                 "desc": null
|             },
|             "desc": "打打"
|         },
|         {
|             "id": 10,
|             "add_time": "2019-12-05T20:16:55",
|             "interface_name": "李四",
|             "url": "32131231",
|             "method": "post",
|             "headers": "{\"Accept\":\"3123131\"}",
|             "params": "{\"31312\":\"31312\"}",
|             "creator": {
|                 "id": 1,
|                 "add_time": "2019-12-17T10:45:35.972275",
|                 "account": null,
|                 "password": null,
|                 "nick_name": null,
|                 "head_url": null,
|                 "address": null,
|                 "desc": null,
|                 "gender": null
|             },
|             "project": {
|                 "id": 8,
|                 "add_time": "2019-12-17T10:45:35.972275",
|                 "name": "嘻嘻嘻嘻嘻嘻嘻嘻",
|                 "env": null,
|                 "creator": null,
|                 "desc": null
|             },
|             "desc": "打打"
|         },
|         {
|             "id": 11,
|             "add_time": "2019-12-05T20:16:55",
|             "interface_name": "王五",
|             "url": "32131231",
|             "method": "post",
|             "headers": "{\"Accept\":\"3123131\"}",
|             "params": "{\"31312\":\"31312\"}",
|             "creator": {
|                 "id": 1,
|                 "add_time": "2019-12-17T10:45:35.973274",
|                 "account": null,
|                 "password": null,
|                 "nick_name": null,
|                 "head_url": null,
|                 "address": null,
|                 "desc": null,
|                 "gender": null
|             },
|             "project": {
|                 "id": 8,
|                 "add_time": "2019-12-17T10:45:35.973274",
|                 "name": "嘻嘻嘻嘻嘻嘻嘻嘻",
|                 "env": null,
|                 "creator": null,
|                 "desc": null
|             },
|             "desc": "打打"
|         },
|         {
|             "id": 12,
|             "add_time": "2019-12-13T17:13:01",
|             "interface_name": "31",
|             "url": "1",
|             "method": "POST",
|             "headers": "{}",
|             "params": "{}",
|             "creator": {
|                 "id": 1,
|                 "add_time": "2019-12-17T10:45:35.973274",
|                 "account": null,
|                 "password": null,
|                 "nick_name": null,
|                 "head_url": null,
|                 "address": null,
|                 "desc": null,
|                 "gender": null
|             },
|             "project": {
|                 "id": 8,
|                 "add_time": "2019-12-17T10:45:35.973274",
|                 "name": "嘻嘻嘻嘻嘻嘻嘻嘻",
|                 "env": null,
|                 "creator": null,
|                 "desc": null
|             },
|             "desc": "3131"
|         },
|         {
|             "id": 14,
|             "add_time": "2019-12-13T17:14:05",
|             "interface_name": "无敌",
|             "url": "213132",
|             "method": "POST",
|             "headers": "{}",
|             "params": "{}",
|             "creator": {
|                 "id": 1,
|                 "add_time": "2019-12-17T10:45:35.973274",
|                 "account": null,
|                 "password": null,
|                 "nick_name": null,
|                 "head_url": null,
|                 "address": null,
|                 "desc": null,
|                 "gender": null
|             },
|             "project": {
|                 "id": 8,
|                 "add_time": "2019-12-17T10:45:35.973274",
|                 "name": "嘻嘻嘻嘻嘻嘻嘻嘻",
|                 "env": null,
|                 "creator": null,
|                 "desc": null
|             },
|             "desc": "213"
|         },
|         {
|             "id": 13,
|             "add_time": "2019-12-13T17:13:32",
|             "interface_name": "3131",
|             "url": "3131",
|             "method": "get",
|             "headers": "{}",
|             "params": "=",
|             "creator": {
|                 "id": 1,
|                 "add_time": "2019-12-17T10:45:35.973274",
|                 "account": null,
|                 "password": null,
|                 "nick_name": null,
|                 "head_url": null,
|                 "address": null,
|                 "desc": null,
|                 "gender": null
|             },
|             "project": {
|                 "id": 7,
|                 "add_time": "2019-12-17T10:45:35.973274",
|                 "name": "12312",
|                 "env": null,
|                 "creator": null,
|                 "desc": null
|             },
|             "desc": "31"
|         }
|     ]
| }
[2019-12-17 10:46:37] [INFO] [MainThread] [handlers.py:63] Request Infomations:
+-----Headers-----+
| Host            | 127.0.0.1:8084  
| Connection      | keep-alive      
| Accept          | application/json, text/plain, */* 
| Origin          | http://localhost:8080 
| Authorization   | eyJ0eXAiOiJKV1QiLCJhbGciOiJIUzI1NiJ9.eyJpZCI6MSwibmlja19uYW1lIjpudWxsLCJleHAiOjE1NzYyMjI3NTR9.KdwdPYH43DI8Qt2bY08dEz5fUhB-lnD5S3NCS2iF4fo 
| User-Agent      | Mozilla/5.0 (Windows NT 10.0; WOW64) AppleWebKit/537.36 (KHTML, like Gecko) Chrome/78.0.3904.87 Safari/537.36 
| Sec-Fetch-Site  | cross-site      
| Sec-Fetch-Mode  | cors            
| Referer         | http://localhost:8080/testCaseManage 
| Accept-Encoding | gzip, deflate, br 
| Accept-Language | zh-CN,zh;q=0.9  
| If-None-Match   | "30579435260e94f83645589725734a5eb7fd50c3" 

[2019-12-17 10:46:37] [INFO] [MainThread] [handlers.py:44] Response Infomations:
+-----Headers-----+
| Content-Type    | application/json 

Body:
| {
|     "code": 1,
|     "msg": "接口数据查询成功!",
|     "data": [
|         {
|             "id": 8,
|             "add_time": "2019-12-05T20:16:55",
|             "interface_name": "第三大学",
|             "url": "32131231",
|             "method": "post",
|             "headers": "{\"Accept\":\"3123131\"}",
|             "params": "{\"31312\":\"31312\"}",
|             "creator": {
|                 "id": 1,
|                 "add_time": "2019-12-17T10:46:37.224680",
|                 "account": null,
|                 "password": null,
|                 "nick_name": null,
|                 "head_url": null,
|                 "address": null,
|                 "desc": null,
|                 "gender": null
|             },
|             "project": {
|                 "id": 8,
|                 "add_time": "2019-12-17T10:46:37.224680",
|                 "name": "嘻嘻嘻嘻嘻嘻嘻嘻",
|                 "env": null,
|                 "creator": null,
|                 "desc": null
|             },
|             "desc": "打打"
|         },
|         {
|             "id": 9,
|             "add_time": "2019-12-05T20:18:19",
|             "interface_name": "打打",
|             "url": "32131231",
|             "method": "post",
|             "headers": "{\"Accept\":\"3123131\",\"Accept-Charset\":\"32123213221\"}",
|             "params": "{\"3131\":\"3122313\",\"31312\":\"31312\"}",
|             "creator": {
|                 "id": 1,
|                 "add_time": "2019-12-17T10:46:37.224680",
|                 "account": null,
|                 "password": null,
|                 "nick_name": null,
|                 "head_url": null,
|                 "address": null,
|                 "desc": null,
|                 "gender": null
|             },
|             "project": {
|                 "id": 8,
|                 "add_time": "2019-12-17T10:46:37.224680",
|                 "name": "嘻嘻嘻嘻嘻嘻嘻嘻",
|                 "env": null,
|                 "creator": null,
|                 "desc": null
|             },
|             "desc": "打打"
|         },
|         {
|             "id": 10,
|             "add_time": "2019-12-05T20:16:55",
|             "interface_name": "李四",
|             "url": "32131231",
|             "method": "post",
|             "headers": "{\"Accept\":\"3123131\"}",
|             "params": "{\"31312\":\"31312\"}",
|             "creator": {
|                 "id": 1,
|                 "add_time": "2019-12-17T10:46:37.224680",
|                 "account": null,
|                 "password": null,
|                 "nick_name": null,
|                 "head_url": null,
|                 "address": null,
|                 "desc": null,
|                 "gender": null
|             },
|             "project": {
|                 "id": 8,
|                 "add_time": "2019-12-17T10:46:37.224680",
|                 "name": "嘻嘻嘻嘻嘻嘻嘻嘻",
|                 "env": null,
|                 "creator": null,
|                 "desc": null
|             },
|             "desc": "打打"
|         },
|         {
|             "id": 11,
|             "add_time": "2019-12-05T20:16:55",
|             "interface_name": "王五",
|             "url": "32131231",
|             "method": "post",
|             "headers": "{\"Accept\":\"3123131\"}",
|             "params": "{\"31312\":\"31312\"}",
|             "creator": {
|                 "id": 1,
|                 "add_time": "2019-12-17T10:46:37.224680",
|                 "account": null,
|                 "password": null,
|                 "nick_name": null,
|                 "head_url": null,
|                 "address": null,
|                 "desc": null,
|                 "gender": null
|             },
|             "project": {
|                 "id": 8,
|                 "add_time": "2019-12-17T10:46:37.224680",
|                 "name": "嘻嘻嘻嘻嘻嘻嘻嘻",
|                 "env": null,
|                 "creator": null,
|                 "desc": null
|             },
|             "desc": "打打"
|         },
|         {
|             "id": 12,
|             "add_time": "2019-12-13T17:13:01",
|             "interface_name": "31",
|             "url": "1",
|             "method": "POST",
|             "headers": "{}",
|             "params": "{}",
|             "creator": {
|                 "id": 1,
|                 "add_time": "2019-12-17T10:46:37.224680",
|                 "account": null,
|                 "password": null,
|                 "nick_name": null,
|                 "head_url": null,
|                 "address": null,
|                 "desc": null,
|                 "gender": null
|             },
|             "project": {
|                 "id": 8,
|                 "add_time": "2019-12-17T10:46:37.224680",
|                 "name": "嘻嘻嘻嘻嘻嘻嘻嘻",
|                 "env": null,
|                 "creator": null,
|                 "desc": null
|             },
|             "desc": "3131"
|         },
|         {
|             "id": 14,
|             "add_time": "2019-12-13T17:14:05",
|             "interface_name": "无敌",
|             "url": "213132",
|             "method": "POST",
|             "headers": "{}",
|             "params": "{}",
|             "creator": {
|                 "id": 1,
|                 "add_time": "2019-12-17T10:46:37.224680",
|                 "account": null,
|                 "password": null,
|                 "nick_name": null,
|                 "head_url": null,
|                 "address": null,
|                 "desc": null,
|                 "gender": null
|             },
|             "project": {
|                 "id": 8,
|                 "add_time": "2019-12-17T10:46:37.224680",
|                 "name": "嘻嘻嘻嘻嘻嘻嘻嘻",
|                 "env": null,
|                 "creator": null,
|                 "desc": null
|             },
|             "desc": "213"
|         },
|         {
|             "id": 13,
|             "add_time": "2019-12-13T17:13:32",
|             "interface_name": "3131",
|             "url": "3131",
|             "method": "get",
|             "headers": "{}",
|             "params": "=",
|             "creator": {
|                 "id": 1,
|                 "add_time": "2019-12-17T10:46:37.225677",
|                 "account": null,
|                 "password": null,
|                 "nick_name": null,
|                 "head_url": null,
|                 "address": null,
|                 "desc": null,
|                 "gender": null
|             },
|             "project": {
|                 "id": 7,
|                 "add_time": "2019-12-17T10:46:37.225677",
|                 "name": "12312",
|                 "env": null,
|                 "creator": null,
|                 "desc": null
|             },
|             "desc": "31"
|         }
|     ]
| }
