[2019-12-23 16:39:01] [INFO] [MainThread] [handlers.py:63] Request Infomations:
+-----Headers-----+
| Authorization   | eyJ0eXAiOiJKV1QiLCJhbGciOiJIUzI1NiJ9.eyJpZCI6MSwibmlja19uYW1lIjpudWxsLCJleHAiOjE1NzY4MzI4MTV9.sQQNRJBoSPADTJuoFhLd7fMD0Jg2yjuDpjZ8v38nVQA 
| Content-Type    | application/json 
| User-Agent      | PostmanRuntime/7.21.0 
| Accept          | */*             
| Cache-Control   | no-cache        
| Postman-Token   | d804abee-a1f2-457f-b717-47d7cbf1cd1a 
| Host            | 127.0.0.1:8084  
| Accept-Encoding | gzip, deflate   
| Content-Length  | 80              
| Connection      | keep-alive      
+----Arguments----+
| 'name'          | '测试'            
| 'params_type'   | 1               
| 'params'        | '1312222222222222222222222' 

[2019-12-23 16:39:01] [INFO] [MainThread] [handlers.py:44] Response Infomations:
+-----Headers-----+
| Content-Type    | application/json 

Body:
| {
|     "code": 10007,
|     "msg": "数据已存在",
|     "data": null
| }
[2019-12-23 16:39:08] [INFO] [MainThread] [handlers.py:63] Request Infomations:
+-----Headers-----+
| Authorization   | eyJ0eXAiOiJKV1QiLCJhbGciOiJIUzI1NiJ9.eyJpZCI6MSwibmlja19uYW1lIjpudWxsLCJleHAiOjE1NzY4MzI4MTV9.sQQNRJBoSPADTJuoFhLd7fMD0Jg2yjuDpjZ8v38nVQA 
| Content-Type    | application/json 
| User-Agent      | PostmanRuntime/7.21.0 
| Accept          | */*             
| Cache-Control   | no-cache        
| Postman-Token   | d37ce36a-e43b-441b-87c0-6a944fb954fc 
| Host            | 127.0.0.1:8084  
| Accept-Encoding | gzip, deflate   
| Content-Length  | 83              
| Connection      | keep-alive      
+----Arguments----+
| 'name'          | '测000试'         
| 'params_type'   | 1               
| 'params'        | '1312222222222222222222222' 

[2019-12-23 16:39:08] [INFO] [MainThread] [handlers.py:44] Response Infomations:
+-----Headers-----+
| Content-Type    | application/json 

Body:
| {
|     "code": 1,
|     "msg": "success",
|     "data": {
|         "paramsId": 3
|     }
| }
