[2019-12-02 17:50:44] [INFO] [MainThread] [handlers.py:63] Request Infomations:
+-----Headers-----+
| Host            | 127.0.0.1:8084  
| Connection      | keep-alive      
| Content-Length  | 718             
| Accept          | application/json, text/plain, */* 
| Origin          | http://localhost:8080 
| Authorization   | eyJ0eXAiOiJKV1QiLCJhbGciOiJIUzI1NiJ9.eyJpZCI6MSwibmlja19uYW1lIjpudWxsLCJleHAiOjE1NzUwMjI1MzJ9.pTzgTRDJHyQfEiLyRTxhcDf10FBCvG0_eyP1Wv0pPzY 
| User-Agent      | Mozilla/5.0 (Windows NT 10.0; WOW64) AppleWebKit/537.36 (KHTML, like Gecko) Chrome/78.0.3904.87 Safari/537.36 
| Content-Type    | application/json;charset=UTF-8 
| Sec-Fetch-Site  | cross-site      
| Sec-Fetch-Mode  | cors            
| Referer         | http://localhost:8080/interfacesManage? 
| Accept-Encoding | gzip, deflate, br 
| Accept-Language | zh-CN,zh;q=0.9  
+----Arguments----+
| 'url'           | 'v5121/homePop/getPop' 
| 'method'        | 'get'           
| 'headers'       | '{"User-Agent":"Autoyol_107:Android_28|91AE0144CE0782302F461E04A034F098D30A00DC04FA03A781D9F3CE45","Accept":"application/json;version=3.0;compress=false","Content-Type":"application/json"}' 
| 'params'        | 'cityCode=310100&isRenter=1&token=2a3b3ad3e4404281a78d841eabccef46&OS=ANDROID&OsVersion=28&AppVersion=107&IMEI=869704033142271&mac=9CE82B30746D&androidID=f6eb3bbd8b43d0cb&PublicLongitude=121.409381&PublicLatitude=31.172141&publicCityCode=021&appName=atzucheApp&deviceName=vivoX21A&publicToken=2a3b3ad3e4404281a78d841eabccef46&AppChannelId=testmarket&AndroidId=f6eb3bbd8b43d0cb&requestId=9CE82B30746D1574843951903&mem_no=494671888&schema=B' 
| 'project'       | 5               

[2019-12-02 17:50:45] [INFO] [MainThread] [handlers.py:44] Response Infomations:
+-----Headers-----+
| Content-Type    | application/json 

Body:
| {
|     "code": 1,
|     "msg": "接口请求成功",
|     "data": {
|         "status_code": 200,
|         "response_body": {
|             "data": {
|                 "homePopContentList": [],
|                 "privacyAuthorizeInfo": null,
|                 "couponInfoList": null
|             },
|             "resCode": "000000",
|             "resMsg": "success"
|         }
|     }
| }
[2019-12-02 17:51:41] [INFO] [MainThread] [handlers.py:63] Request Infomations:
+-----Headers-----+
| Host            | 127.0.0.1:8084  
| Connection      | keep-alive      
| Access-Control-Request-Method | GET             
| Origin          | http://localhost:8080 
| User-Agent      | Mozilla/5.0 (Windows NT 10.0; WOW64) AppleWebKit/537.36 (KHTML, like Gecko) Chrome/78.0.3904.87 Safari/537.36 
| Access-Control-Request-Headers | authorization   
| Accept          | */*             
| Sec-Fetch-Site  | cross-site      
| Sec-Fetch-Mode  | cors            
| Referer         | http://localhost:8080/interfacesManage? 
| Accept-Encoding | gzip, deflate, br 
| Accept-Language | zh-CN,zh;q=0.9  

[2019-12-02 17:51:41] [INFO] [MainThread] [handlers.py:44] Response Infomations:
+-----Headers-----+
| Content-Type    | application/json 

Body:
| DbSettingHandler object has list index out of range
[2019-12-02 17:51:41] [INFO] [MainThread] [handlers.py:63] Request Infomations:
+-----Headers-----+
| Host            | 127.0.0.1:8084  
| Connection      | keep-alive      
| Access-Control-Request-Method | GET             
| Origin          | http://localhost:8080 
| User-Agent      | Mozilla/5.0 (Windows NT 10.0; WOW64) AppleWebKit/537.36 (KHTML, like Gecko) Chrome/78.0.3904.87 Safari/537.36 
| Access-Control-Request-Headers | authorization   
| Accept          | */*             
| Sec-Fetch-Site  | cross-site      
| Sec-Fetch-Mode  | cors            
| Referer         | http://localhost:8080/interfacesManage? 
| Accept-Encoding | gzip, deflate, br 
| Accept-Language | zh-CN,zh;q=0.9  

[2019-12-02 17:51:41] [INFO] [MainThread] [handlers.py:44] Response Infomations:
+-----Headers-----+
| Content-Type    | application/json 

Body:
| DbSettingHandler object has list index out of range
[2019-12-02 17:51:41] [INFO] [MainThread] [handlers.py:63] Request Infomations:
+-----Headers-----+
| Host            | 127.0.0.1:8084  
| Connection      | keep-alive      
| Accept          | application/json, text/plain, */* 
| Origin          | http://localhost:8080 
| Authorization   | eyJ0eXAiOiJKV1QiLCJhbGciOiJIUzI1NiJ9.eyJpZCI6MSwibmlja19uYW1lIjpudWxsLCJleHAiOjE1NzUwMjI1MzJ9.pTzgTRDJHyQfEiLyRTxhcDf10FBCvG0_eyP1Wv0pPzY 
| User-Agent      | Mozilla/5.0 (Windows NT 10.0; WOW64) AppleWebKit/537.36 (KHTML, like Gecko) Chrome/78.0.3904.87 Safari/537.36 
| Sec-Fetch-Site  | cross-site      
| Sec-Fetch-Mode  | cors            
| Referer         | http://localhost:8080/interfacesManage? 
| Accept-Encoding | gzip, deflate, br 
| Accept-Language | zh-CN,zh;q=0.9  
| If-None-Match   | "13cb6bb5d7ff9d95efa26095bca1ba2a35209f03" 

[2019-12-02 17:51:41] [INFO] [MainThread] [handlers.py:44] Response Infomations:
+-----Headers-----+
| Content-Type    | application/json 

Body:
| {
|     "code": 1,
|     "msg": "数据库配置数据查询成功!",
|     "data": [
|         {
|             "id": 2,
|             "add_time": "2019-11-27T18:02:58",
|             "name": "3131",
|             "creator": {
|                 "id": 1,
|                 "add_time": "2019-12-02T17:51:41.454208",
|                 "account": null,
|                 "password": null,
|                 "nick_name": null,
|                 "head_url": null,
|                 "address": null,
|                 "desc": null,
|                 "gender": null
|             },
|             "db_type": "313",
|             "db_user": "31",
|             "db_password": "31",
|             "db_host": "31",
|             "db_port": 31,
|             "desc": "31"
|         }
|     ]
| }
[2019-12-02 17:51:41] [INFO] [MainThread] [handlers.py:63] Request Infomations:
+-----Headers-----+
| Host            | 127.0.0.1:8084  
| Connection      | keep-alive      
| Accept          | application/json, text/plain, */* 
| Origin          | http://localhost:8080 
| Authorization   | eyJ0eXAiOiJKV1QiLCJhbGciOiJIUzI1NiJ9.eyJpZCI6MSwibmlja19uYW1lIjpudWxsLCJleHAiOjE1NzUwMjI1MzJ9.pTzgTRDJHyQfEiLyRTxhcDf10FBCvG0_eyP1Wv0pPzY 
| User-Agent      | Mozilla/5.0 (Windows NT 10.0; WOW64) AppleWebKit/537.36 (KHTML, like Gecko) Chrome/78.0.3904.87 Safari/537.36 
| Sec-Fetch-Site  | cross-site      
| Sec-Fetch-Mode  | cors            
| Referer         | http://localhost:8080/interfacesManage? 
| Accept-Encoding | gzip, deflate, br 
| Accept-Language | zh-CN,zh;q=0.9  
| If-None-Match   | "cf36afa0ec12a41739f45f8cd039dc4421fcf6d2" 

[2019-12-02 17:51:41] [INFO] [MainThread] [handlers.py:44] Response Infomations:
+-----Headers-----+
| Content-Type    | application/json 

Body:
| {
|     "code": 1,
|     "msg": "数据库配置数据查询成功!",
|     "data": [
|         {
|             "id": 2,
|             "add_time": "2019-11-27T18:02:58",
|             "name": "3131",
|             "creator": {
|                 "id": 1,
|                 "add_time": "2019-12-02T17:51:41.480992",
|                 "account": null,
|                 "password": null,
|                 "nick_name": null,
|                 "head_url": null,
|                 "address": null,
|                 "desc": null,
|                 "gender": null
|             },
|             "db_type": "313",
|             "db_user": "31",
|             "db_password": "31",
|             "db_host": "31",
|             "db_port": 31,
|             "desc": "31"
|         }
|     ]
| }
[2019-12-02 17:51:42] [INFO] [MainThread] [handlers.py:63] Request Infomations:
+-----Headers-----+
| Host            | 127.0.0.1:8084  
| Connection      | keep-alive      
| Access-Control-Request-Method | GET             
| Origin          | http://localhost:8080 
| User-Agent      | Mozilla/5.0 (Windows NT 10.0; WOW64) AppleWebKit/537.36 (KHTML, like Gecko) Chrome/78.0.3904.87 Safari/537.36 
| Access-Control-Request-Headers | authorization   
| Accept          | */*             
| Sec-Fetch-Site  | cross-site      
| Sec-Fetch-Mode  | cors            
| Referer         | http://localhost:8080/interfacesManage? 
| Accept-Encoding | gzip, deflate, br 
| Accept-Language | zh-CN,zh;q=0.9  

[2019-12-02 17:51:42] [INFO] [MainThread] [handlers.py:44] Response Infomations:
+-----Headers-----+
| Content-Type    | application/json 

Body:
| ProjectHandler object has list index out of range
[2019-12-02 17:51:42] [INFO] [MainThread] [handlers.py:63] Request Infomations:
+-----Headers-----+
| Host            | 127.0.0.1:8084  
| Connection      | keep-alive      
| Accept          | application/json, text/plain, */* 
| Origin          | http://localhost:8080 
| Authorization   | eyJ0eXAiOiJKV1QiLCJhbGciOiJIUzI1NiJ9.eyJpZCI6MSwibmlja19uYW1lIjpudWxsLCJleHAiOjE1NzUwMjI1MzJ9.pTzgTRDJHyQfEiLyRTxhcDf10FBCvG0_eyP1Wv0pPzY 
| User-Agent      | Mozilla/5.0 (Windows NT 10.0; WOW64) AppleWebKit/537.36 (KHTML, like Gecko) Chrome/78.0.3904.87 Safari/537.36 
| Sec-Fetch-Site  | cross-site      
| Sec-Fetch-Mode  | cors            
| Referer         | http://localhost:8080/interfacesManage? 
| Accept-Encoding | gzip, deflate, br 
| Accept-Language | zh-CN,zh;q=0.9  
| If-None-Match   | "cc96a1fd17cb35e6b9cc4f174a06b3447926f3fd" 

[2019-12-02 17:51:42] [INFO] [MainThread] [handlers.py:44] Response Infomations:
+-----Headers-----+
| Content-Type    | application/json 

Body:
| {
|     "code": 1,
|     "msg": "项目数据查询成功!",
|     "data": [
|         {
|             "id": 5,
|             "add_time": "2019-11-27T16:41:03",
|             "name": "踩踩踩踩踩",
|             "env": {
|                 "id": 8,
|                 "add_time": "2019-12-02T17:51:42.202174",
|                 "name": "谢谢谢谢",
|                 "creator": null,
|                 "host_address": "https://testapp.atzuche.com:7065",
|                 "desc": null
|             },
|             "creator": {
|                 "id": 1,
|                 "add_time": "2019-12-02T17:51:42.202174",
|                 "account": null,
|                 "password": null,
|                 "nick_name": null,
|                 "head_url": null,
|                 "address": null,
|                 "desc": null,
|                 "gender": null
|             },
|             "desc": "23213"
|         },
|         {
|             "id": 4,
|             "add_time": "2019-11-27T16:18:15",
|             "name": "测试",
|             "env": {
|                 "id": 7,
|                 "add_time": "2019-12-02T17:51:42.202174",
|                 "name": "测试",
|                 "creator": null,
|                 "host_address": "http://127.0.0.1:8084",
|                 "desc": null
|             },
|             "creator": {
|                 "id": 1,
|                 "add_time": "2019-12-02T17:51:42.202174",
|                 "account": null,
|                 "password": null,
|                 "nick_name": null,
|                 "head_url": null,
|                 "address": null,
|                 "desc": null,
|                 "gender": null
|             },
|             "desc": "1其"
|         },
|         {
|             "id": 3,
|             "add_time": "2019-11-27T16:06:23",
|             "name": "嘻嘻嘻",
|             "env": {
|                 "id": 6,
|                 "add_time": "2019-12-02T17:51:42.202704",
|                 "name": "休息休息",
|                 "creator": null,
|                 "host_address": "xxxx",
|                 "desc": null
|             },
|             "creator": {
|                 "id": 1,
|                 "add_time": "2019-12-02T17:51:42.202704",
|                 "account": null,
|                 "password": null,
|                 "nick_name": null,
|                 "head_url": null,
|                 "address": null,
|                 "desc": null,
|                 "gender": null
|             },
|             "desc": "嘻嘻嘻"
|         },
|         {
|             "id": 2,
|             "add_time": "2019-11-27T15:50:44",
|             "name": "e31231",
|             "env": {
|                 "id": 4,
|                 "add_time": "2019-12-02T17:51:42.202704",
|                 "name": "made打打",
|                 "creator": null,
|                 "host_address": "eqeq",
|                 "desc": null
|             },
|             "creator": {
|                 "id": 1,
|                 "add_time": "2019-12-02T17:51:42.202704",
|                 "account": null,
|                 "password": null,
|                 "nick_name": null,
|                 "head_url": null,
|                 "address": null,
|                 "desc": null,
|                 "gender": null
|             },
|             "desc": "3131"
|         },
|         {
|             "id": 1,
|             "add_time": "2019-11-27T15:44:52",
|             "name": "3131",
|             "env": {
|                 "id": 5,
|                 "add_time": "2019-12-02T17:51:42.203169",
|                 "name": "远远",
|                 "creator": null,
|                 "host_address": "31",
|                 "desc": null
|             },
|             "creator": {
|                 "id": 1,
|                 "add_time": "2019-12-02T17:51:42.203169",
|                 "account": null,
|                 "password": null,
|                 "nick_name": null,
|                 "head_url": null,
|                 "address": null,
|                 "desc": null,
|                 "gender": null
|             },
|             "desc": "1231"
|         }
|     ]
| }
[2019-12-02 17:51:55] [INFO] [MainThread] [handlers.py:63] Request Infomations:
+-----Headers-----+
| Host            | 127.0.0.1:8084  
| Connection      | keep-alive      
| Accept          | application/json, text/plain, */* 
| Origin          | http://localhost:8080 
| Authorization   | eyJ0eXAiOiJKV1QiLCJhbGciOiJIUzI1NiJ9.eyJpZCI6MSwibmlja19uYW1lIjpudWxsLCJleHAiOjE1NzUwMjI1MzJ9.pTzgTRDJHyQfEiLyRTxhcDf10FBCvG0_eyP1Wv0pPzY 
| User-Agent      | Mozilla/5.0 (Windows NT 10.0; WOW64) AppleWebKit/537.36 (KHTML, like Gecko) Chrome/78.0.3904.87 Safari/537.36 
| Sec-Fetch-Site  | cross-site      
| Sec-Fetch-Mode  | cors            
| Referer         | http://localhost:8080/interfacesManage? 
| Accept-Encoding | gzip, deflate, br 
| Accept-Language | zh-CN,zh;q=0.9  
| If-None-Match   | "252d07b83558ea19a0aa4c71b3e9c41884999d98" 

[2019-12-02 17:51:55] [INFO] [MainThread] [handlers.py:44] Response Infomations:
+-----Headers-----+
| Content-Type    | application/json 

Body:
| {
|     "code": 1,
|     "msg": "数据库配置数据查询成功!",
|     "data": [
|         {
|             "id": 2,
|             "add_time": "2019-11-27T18:02:58",
|             "name": "3131",
|             "creator": {
|                 "id": 1,
|                 "add_time": "2019-12-02T17:51:55.959866",
|                 "account": null,
|                 "password": null,
|                 "nick_name": null,
|                 "head_url": null,
|                 "address": null,
|                 "desc": null,
|                 "gender": null
|             },
|             "db_type": "313",
|             "db_user": "31",
|             "db_password": "31",
|             "db_host": "31",
|             "db_port": 31,
|             "desc": "31"
|         }
|     ]
| }
[2019-12-02 17:51:55] [INFO] [MainThread] [handlers.py:63] Request Infomations:
+-----Headers-----+
| Host            | 127.0.0.1:8084  
| Connection      | keep-alive      
| Accept          | application/json, text/plain, */* 
| Origin          | http://localhost:8080 
| Authorization   | eyJ0eXAiOiJKV1QiLCJhbGciOiJIUzI1NiJ9.eyJpZCI6MSwibmlja19uYW1lIjpudWxsLCJleHAiOjE1NzUwMjI1MzJ9.pTzgTRDJHyQfEiLyRTxhcDf10FBCvG0_eyP1Wv0pPzY 
| User-Agent      | Mozilla/5.0 (Windows NT 10.0; WOW64) AppleWebKit/537.36 (KHTML, like Gecko) Chrome/78.0.3904.87 Safari/537.36 
| Sec-Fetch-Site  | cross-site      
| Sec-Fetch-Mode  | cors            
| Referer         | http://localhost:8080/interfacesManage? 
| Accept-Encoding | gzip, deflate, br 
| Accept-Language | zh-CN,zh;q=0.9  
| If-None-Match   | "4536e945ad17e7645594d27bb3582aa270736b27" 

[2019-12-02 17:51:55] [INFO] [MainThread] [handlers.py:44] Response Infomations:
+-----Headers-----+
| Content-Type    | application/json 

Body:
| {
|     "code": 1,
|     "msg": "数据库配置数据查询成功!",
|     "data": [
|         {
|             "id": 2,
|             "add_time": "2019-11-27T18:02:58",
|             "name": "3131",
|             "creator": {
|                 "id": 1,
|                 "add_time": "2019-12-02T17:51:55.980700",
|                 "account": null,
|                 "password": null,
|                 "nick_name": null,
|                 "head_url": null,
|                 "address": null,
|                 "desc": null,
|                 "gender": null
|             },
|             "db_type": "313",
|             "db_user": "31",
|             "db_password": "31",
|             "db_host": "31",
|             "db_port": 31,
|             "desc": "31"
|         }
|     ]
| }
[2019-12-02 17:51:57] [INFO] [MainThread] [handlers.py:63] Request Infomations:
+-----Headers-----+
| Host            | 127.0.0.1:8084  
| Connection      | keep-alive      
| Accept          | application/json, text/plain, */* 
| Origin          | http://localhost:8080 
| Authorization   | eyJ0eXAiOiJKV1QiLCJhbGciOiJIUzI1NiJ9.eyJpZCI6MSwibmlja19uYW1lIjpudWxsLCJleHAiOjE1NzUwMjI1MzJ9.pTzgTRDJHyQfEiLyRTxhcDf10FBCvG0_eyP1Wv0pPzY 
| User-Agent      | Mozilla/5.0 (Windows NT 10.0; WOW64) AppleWebKit/537.36 (KHTML, like Gecko) Chrome/78.0.3904.87 Safari/537.36 
| Sec-Fetch-Site  | cross-site      
| Sec-Fetch-Mode  | cors            
| Referer         | http://localhost:8080/interfacesManage? 
| Accept-Encoding | gzip, deflate, br 
| Accept-Language | zh-CN,zh;q=0.9  
| If-None-Match   | "1ba69c6ffa9966cff9199ad3e821227655839292" 

[2019-12-02 17:51:57] [INFO] [MainThread] [handlers.py:44] Response Infomations:
+-----Headers-----+
| Content-Type    | application/json 

Body:
| {
|     "code": 1,
|     "msg": "项目数据查询成功!",
|     "data": [
|         {
|             "id": 5,
|             "add_time": "2019-11-27T16:41:03",
|             "name": "踩踩踩踩踩",
|             "env": {
|                 "id": 8,
|                 "add_time": "2019-12-02T17:51:57.123239",
|                 "name": "谢谢谢谢",
|                 "creator": null,
|                 "host_address": "https://testapp.atzuche.com:7065",
|                 "desc": null
|             },
|             "creator": {
|                 "id": 1,
|                 "add_time": "2019-12-02T17:51:57.123239",
|                 "account": null,
|                 "password": null,
|                 "nick_name": null,
|                 "head_url": null,
|                 "address": null,
|                 "desc": null,
|                 "gender": null
|             },
|             "desc": "23213"
|         },
|         {
|             "id": 4,
|             "add_time": "2019-11-27T16:18:15",
|             "name": "测试",
|             "env": {
|                 "id": 7,
|                 "add_time": "2019-12-02T17:51:57.123749",
|                 "name": "测试",
|                 "creator": null,
|                 "host_address": "http://127.0.0.1:8084",
|                 "desc": null
|             },
|             "creator": {
|                 "id": 1,
|                 "add_time": "2019-12-02T17:51:57.123749",
|                 "account": null,
|                 "password": null,
|                 "nick_name": null,
|                 "head_url": null,
|                 "address": null,
|                 "desc": null,
|                 "gender": null
|             },
|             "desc": "1其"
|         },
|         {
|             "id": 3,
|             "add_time": "2019-11-27T16:06:23",
|             "name": "嘻嘻嘻",
|             "env": {
|                 "id": 6,
|                 "add_time": "2019-12-02T17:51:57.123749",
|                 "name": "休息休息",
|                 "creator": null,
|                 "host_address": "xxxx",
|                 "desc": null
|             },
|             "creator": {
|                 "id": 1,
|                 "add_time": "2019-12-02T17:51:57.123749",
|                 "account": null,
|                 "password": null,
|                 "nick_name": null,
|                 "head_url": null,
|                 "address": null,
|                 "desc": null,
|                 "gender": null
|             },
|             "desc": "嘻嘻嘻"
|         },
|         {
|             "id": 2,
|             "add_time": "2019-11-27T15:50:44",
|             "name": "e31231",
|             "env": {
|                 "id": 4,
|                 "add_time": "2019-12-02T17:51:57.124731",
|                 "name": "made打打",
|                 "creator": null,
|                 "host_address": "eqeq",
|                 "desc": null
|             },
|             "creator": {
|                 "id": 1,
|                 "add_time": "2019-12-02T17:51:57.124731",
|                 "account": null,
|                 "password": null,
|                 "nick_name": null,
|                 "head_url": null,
|                 "address": null,
|                 "desc": null,
|                 "gender": null
|             },
|             "desc": "3131"
|         },
|         {
|             "id": 1,
|             "add_time": "2019-11-27T15:44:52",
|             "name": "3131",
|             "env": {
|                 "id": 5,
|                 "add_time": "2019-12-02T17:51:57.125235",
|                 "name": "远远",
|                 "creator": null,
|                 "host_address": "31",
|                 "desc": null
|             },
|             "creator": {
|                 "id": 1,
|                 "add_time": "2019-12-02T17:51:57.125235",
|                 "account": null,
|                 "password": null,
|                 "nick_name": null,
|                 "head_url": null,
|                 "address": null,
|                 "desc": null,
|                 "gender": null
|             },
|             "desc": "1231"
|         }
|     ]
| }
[2019-12-02 17:53:25] [INFO] [MainThread] [handlers.py:63] Request Infomations:
+-----Headers-----+
| Host            | 127.0.0.1:8084  
| Connection      | keep-alive      
| Accept          | application/json, text/plain, */* 
| Origin          | http://localhost:8080 
| Authorization   | eyJ0eXAiOiJKV1QiLCJhbGciOiJIUzI1NiJ9.eyJpZCI6MSwibmlja19uYW1lIjpudWxsLCJleHAiOjE1NzUwMjI1MzJ9.pTzgTRDJHyQfEiLyRTxhcDf10FBCvG0_eyP1Wv0pPzY 
| User-Agent      | Mozilla/5.0 (Windows NT 10.0; WOW64) AppleWebKit/537.36 (KHTML, like Gecko) Chrome/78.0.3904.87 Safari/537.36 
| Sec-Fetch-Site  | cross-site      
| Sec-Fetch-Mode  | cors            
| Referer         | http://localhost:8080/interfacesManage? 
| Accept-Encoding | gzip, deflate, br 
| Accept-Language | zh-CN,zh;q=0.9  
| If-None-Match   | "1084be7564e750a8f7f9966ad3926bdfd486939b" 

[2019-12-02 17:53:25] [INFO] [MainThread] [handlers.py:44] Response Infomations:
+-----Headers-----+
| Content-Type    | application/json 

Body:
| {
|     "code": 1,
|     "msg": "数据库配置数据查询成功!",
|     "data": [
|         {
|             "id": 2,
|             "add_time": "2019-11-27T18:02:58",
|             "name": "3131",
|             "creator": {
|                 "id": 1,
|                 "add_time": "2019-12-02T17:53:25.899944",
|                 "account": null,
|                 "password": null,
|                 "nick_name": null,
|                 "head_url": null,
|                 "address": null,
|                 "desc": null,
|                 "gender": null
|             },
|             "db_type": "313",
|             "db_user": "31",
|             "db_password": "31",
|             "db_host": "31",
|             "db_port": 31,
|             "desc": "31"
|         }
|     ]
| }
[2019-12-02 17:53:25] [INFO] [MainThread] [handlers.py:63] Request Infomations:
+-----Headers-----+
| Host            | 127.0.0.1:8084  
| Connection      | keep-alive      
| Accept          | application/json, text/plain, */* 
| Origin          | http://localhost:8080 
| Authorization   | eyJ0eXAiOiJKV1QiLCJhbGciOiJIUzI1NiJ9.eyJpZCI6MSwibmlja19uYW1lIjpudWxsLCJleHAiOjE1NzUwMjI1MzJ9.pTzgTRDJHyQfEiLyRTxhcDf10FBCvG0_eyP1Wv0pPzY 
| User-Agent      | Mozilla/5.0 (Windows NT 10.0; WOW64) AppleWebKit/537.36 (KHTML, like Gecko) Chrome/78.0.3904.87 Safari/537.36 
| Sec-Fetch-Site  | cross-site      
| Sec-Fetch-Mode  | cors            
| Referer         | http://localhost:8080/interfacesManage? 
| Accept-Encoding | gzip, deflate, br 
| Accept-Language | zh-CN,zh;q=0.9  
| If-None-Match   | "702fa05ab9c7698beb683d92f8c328c5a275280e" 

[2019-12-02 17:53:25] [INFO] [MainThread] [handlers.py:44] Response Infomations:
+-----Headers-----+
| Content-Type    | application/json 

Body:
| {
|     "code": 1,
|     "msg": "数据库配置数据查询成功!",
|     "data": [
|         {
|             "id": 2,
|             "add_time": "2019-11-27T18:02:58",
|             "name": "3131",
|             "creator": {
|                 "id": 1,
|                 "add_time": "2019-12-02T17:53:25.919304",
|                 "account": null,
|                 "password": null,
|                 "nick_name": null,
|                 "head_url": null,
|                 "address": null,
|                 "desc": null,
|                 "gender": null
|             },
|             "db_type": "313",
|             "db_user": "31",
|             "db_password": "31",
|             "db_host": "31",
|             "db_port": 31,
|             "desc": "31"
|         }
|     ]
| }
[2019-12-02 17:53:26] [INFO] [MainThread] [handlers.py:63] Request Infomations:
+-----Headers-----+
| Host            | 127.0.0.1:8084  
| Connection      | keep-alive      
| Accept          | application/json, text/plain, */* 
| Origin          | http://localhost:8080 
| Authorization   | eyJ0eXAiOiJKV1QiLCJhbGciOiJIUzI1NiJ9.eyJpZCI6MSwibmlja19uYW1lIjpudWxsLCJleHAiOjE1NzUwMjI1MzJ9.pTzgTRDJHyQfEiLyRTxhcDf10FBCvG0_eyP1Wv0pPzY 
| User-Agent      | Mozilla/5.0 (Windows NT 10.0; WOW64) AppleWebKit/537.36 (KHTML, like Gecko) Chrome/78.0.3904.87 Safari/537.36 
| Sec-Fetch-Site  | cross-site      
| Sec-Fetch-Mode  | cors            
| Referer         | http://localhost:8080/interfacesManage? 
| Accept-Encoding | gzip, deflate, br 
| Accept-Language | zh-CN,zh;q=0.9  
| If-None-Match   | "7343f237171d4fac8c98571cd45e44ef90df68d2" 

[2019-12-02 17:53:26] [INFO] [MainThread] [handlers.py:44] Response Infomations:
+-----Headers-----+
| Content-Type    | application/json 

Body:
| {
|     "code": 1,
|     "msg": "项目数据查询成功!",
|     "data": [
|         {
|             "id": 5,
|             "add_time": "2019-11-27T16:41:03",
|             "name": "踩踩踩踩踩",
|             "env": {
|                 "id": 8,
|                 "add_time": "2019-12-02T17:53:26.906458",
|                 "name": "谢谢谢谢",
|                 "creator": null,
|                 "host_address": "https://testapp.atzuche.com:7065",
|                 "desc": null
|             },
|             "creator": {
|                 "id": 1,
|                 "add_time": "2019-12-02T17:53:26.906458",
|                 "account": null,
|                 "password": null,
|                 "nick_name": null,
|                 "head_url": null,
|                 "address": null,
|                 "desc": null,
|                 "gender": null
|             },
|             "desc": "23213"
|         },
|         {
|             "id": 4,
|             "add_time": "2019-11-27T16:18:15",
|             "name": "测试",
|             "env": {
|                 "id": 7,
|                 "add_time": "2019-12-02T17:53:26.906458",
|                 "name": "测试",
|                 "creator": null,
|                 "host_address": "http://127.0.0.1:8084",
|                 "desc": null
|             },
|             "creator": {
|                 "id": 1,
|                 "add_time": "2019-12-02T17:53:26.906458",
|                 "account": null,
|                 "password": null,
|                 "nick_name": null,
|                 "head_url": null,
|                 "address": null,
|                 "desc": null,
|                 "gender": null
|             },
|             "desc": "1其"
|         },
|         {
|             "id": 3,
|             "add_time": "2019-11-27T16:06:23",
|             "name": "嘻嘻嘻",
|             "env": {
|                 "id": 6,
|                 "add_time": "2019-12-02T17:53:26.906953",
|                 "name": "休息休息",
|                 "creator": null,
|                 "host_address": "xxxx",
|                 "desc": null
|             },
|             "creator": {
|                 "id": 1,
|                 "add_time": "2019-12-02T17:53:26.906953",
|                 "account": null,
|                 "password": null,
|                 "nick_name": null,
|                 "head_url": null,
|                 "address": null,
|                 "desc": null,
|                 "gender": null
|             },
|             "desc": "嘻嘻嘻"
|         },
|         {
|             "id": 2,
|             "add_time": "2019-11-27T15:50:44",
|             "name": "e31231",
|             "env": {
|                 "id": 4,
|                 "add_time": "2019-12-02T17:53:26.906953",
|                 "name": "made打打",
|                 "creator": null,
|                 "host_address": "eqeq",
|                 "desc": null
|             },
|             "creator": {
|                 "id": 1,
|                 "add_time": "2019-12-02T17:53:26.906953",
|                 "account": null,
|                 "password": null,
|                 "nick_name": null,
|                 "head_url": null,
|                 "address": null,
|                 "desc": null,
|                 "gender": null
|             },
|             "desc": "3131"
|         },
|         {
|             "id": 1,
|             "add_time": "2019-11-27T15:44:52",
|             "name": "3131",
|             "env": {
|                 "id": 5,
|                 "add_time": "2019-12-02T17:53:26.907448",
|                 "name": "远远",
|                 "creator": null,
|                 "host_address": "31",
|                 "desc": null
|             },
|             "creator": {
|                 "id": 1,
|                 "add_time": "2019-12-02T17:53:26.907448",
|                 "account": null,
|                 "password": null,
|                 "nick_name": null,
|                 "head_url": null,
|                 "address": null,
|                 "desc": null,
|                 "gender": null
|             },
|             "desc": "1231"
|         }
|     ]
| }
[2019-12-02 18:16:22] [INFO] [MainThread] [handlers.py:63] Request Infomations:
+-----Headers-----+
| Host            | 127.0.0.1:8084  
| Connection      | keep-alive      
| Access-Control-Request-Method | POST            
| Origin          | http://localhost:8080 
| User-Agent      | Mozilla/5.0 (Windows NT 10.0; WOW64) AppleWebKit/537.36 (KHTML, like Gecko) Chrome/78.0.3904.87 Safari/537.36 
| Access-Control-Request-Headers | authorization,content-type 
| Accept          | */*             
| Sec-Fetch-Site  | cross-site      
| Sec-Fetch-Mode  | cors            
| Referer         | http://localhost:8080/interfacesManage? 
| Accept-Encoding | gzip, deflate, br 
| Accept-Language | zh-CN,zh;q=0.9  

[2019-12-02 18:16:22] [INFO] [MainThread] [handlers.py:44] Response Infomations:
+-----Headers-----+
| Content-Type    | application/json 

Body:
| InterfacesDebugHandler object has list index out of range
[2019-12-02 18:16:22] [INFO] [MainThread] [handlers.py:63] Request Infomations:
+-----Headers-----+
| Host            | 127.0.0.1:8084  
| Connection      | keep-alive      
| Content-Length  | 718             
| Accept          | application/json, text/plain, */* 
| Origin          | http://localhost:8080 
| Authorization   | eyJ0eXAiOiJKV1QiLCJhbGciOiJIUzI1NiJ9.eyJpZCI6MSwibmlja19uYW1lIjpudWxsLCJleHAiOjE1NzUwMjI1MzJ9.pTzgTRDJHyQfEiLyRTxhcDf10FBCvG0_eyP1Wv0pPzY 
| User-Agent      | Mozilla/5.0 (Windows NT 10.0; WOW64) AppleWebKit/537.36 (KHTML, like Gecko) Chrome/78.0.3904.87 Safari/537.36 
| Content-Type    | application/json;charset=UTF-8 
| Sec-Fetch-Site  | cross-site      
| Sec-Fetch-Mode  | cors            
| Referer         | http://localhost:8080/interfacesManage? 
| Accept-Encoding | gzip, deflate, br 
| Accept-Language | zh-CN,zh;q=0.9  
+----Arguments----+
| 'url'           | 'v5121/homePop/getPop' 
| 'method'        | 'get'           
| 'headers'       | '{"Content-Type":"application/json","User-Agent":"Autoyol_107:Android_28|91AE0144CE0782302F461E04A034F098D30A00DC04FA03A781D9F3CE45","Accept":"application/json;version=3.0;compress=false"}' 
| 'params'        | 'cityCode=310100&isRenter=1&token=2a3b3ad3e4404281a78d841eabccef46&OS=ANDROID&OsVersion=28&AppVersion=107&IMEI=869704033142271&mac=9CE82B30746D&androidID=f6eb3bbd8b43d0cb&PublicLongitude=121.409381&PublicLatitude=31.172141&publicCityCode=021&appName=atzucheApp&deviceName=vivoX21A&publicToken=2a3b3ad3e4404281a78d841eabccef46&AppChannelId=testmarket&AndroidId=f6eb3bbd8b43d0cb&requestId=9CE82B30746D1574843951903&mem_no=494671888&schema=B' 
| 'project'       | 5               

[2019-12-02 18:16:22] [INFO] [MainThread] [handlers.py:44] Response Infomations:
+-----Headers-----+
| Content-Type    | application/json 

Body:
| {
|     "code": 1,
|     "msg": "接口请求成功",
|     "data": {
|         "status_code": 200,
|         "response_body": {
|             "data": {
|                 "homePopContentList": [],
|                 "privacyAuthorizeInfo": null,
|                 "couponInfoList": null
|             },
|             "resCode": "000000",
|             "resMsg": "success"
|         }
|     }
| }
