[2019-12-18 15:18:29] [INFO] [MainThread] [handlers.py:63] Request Infomations:
+-----Headers-----+
| Host            | 127.0.0.1:8084  
| Connection      | keep-alive      
| Access-Control-Request-Method | GET             
| Origin          | http://localhost:8080 
| User-Agent      | Mozilla/5.0 (Windows NT 10.0; WOW64) AppleWebKit/537.36 (KHTML, like Gecko) Chrome/78.0.3904.87 Safari/537.36 
| Access-Control-Request-Headers | authorization   
| Accept          | */*             
| Sec-Fetch-Site  | cross-site      
| Sec-Fetch-Mode  | cors            
| Referer         | http://localhost:8080/interfacesManage 
| Accept-Encoding | gzip, deflate, br 
| Accept-Language | zh-CN,zh;q=0.9  
+----Arguments----+
| 'currentPage'   | [b'1']          

[2019-12-18 15:18:29] [INFO] [MainThread] [handlers.py:44] Response Infomations:
+-----Headers-----+
| Content-Type    | application/json 

Body:
| InterfacesHandler object has list index out of range
[2019-12-18 15:18:29] [INFO] [MainThread] [handlers.py:63] Request Infomations:
+-----Headers-----+
| Host            | 127.0.0.1:8084  
| Connection      | keep-alive      
| Access-Control-Request-Method | GET             
| Origin          | http://localhost:8080 
| User-Agent      | Mozilla/5.0 (Windows NT 10.0; WOW64) AppleWebKit/537.36 (KHTML, like Gecko) Chrome/78.0.3904.87 Safari/537.36 
| Access-Control-Request-Headers | authorization   
| Accept          | */*             
| Sec-Fetch-Site  | cross-site      
| Sec-Fetch-Mode  | cors            
| Referer         | http://localhost:8080/interfacesManage 
| Accept-Encoding | gzip, deflate, br 
| Accept-Language | zh-CN,zh;q=0.9  
+----Arguments----+
| 'currentPage'   | [b'1']          

[2019-12-18 15:18:29] [INFO] [MainThread] [handlers.py:44] Response Infomations:
+-----Headers-----+
| Content-Type    | application/json 

Body:
| InterfacesHandler object has list index out of range
[2019-12-18 15:18:29] [INFO] [MainThread] [handlers.py:63] Request Infomations:
+-----Headers-----+
| Host            | 127.0.0.1:8084  
| Connection      | keep-alive      
| Accept          | application/json, text/plain, */* 
| Origin          | http://localhost:8080 
| Authorization   | eyJ0eXAiOiJKV1QiLCJhbGciOiJIUzI1NiJ9.eyJpZCI6MSwibmlja19uYW1lIjpudWxsLCJleHAiOjE1NzYyMjI3NTR9.KdwdPYH43DI8Qt2bY08dEz5fUhB-lnD5S3NCS2iF4fo 
| User-Agent      | Mozilla/5.0 (Windows NT 10.0; WOW64) AppleWebKit/537.36 (KHTML, like Gecko) Chrome/78.0.3904.87 Safari/537.36 
| Sec-Fetch-Site  | cross-site      
| Sec-Fetch-Mode  | cors            
| Referer         | http://localhost:8080/interfacesManage 
| Accept-Encoding | gzip, deflate, br 
| Accept-Language | zh-CN,zh;q=0.9  
| If-None-Match   | "68b66294ab4799b208db6ed396a67d5705bd37b0" 
+----Arguments----+
| 'currentPage'   | [b'1']          

[2019-12-18 15:18:29] [INFO] [MainThread] [handlers.py:44] Response Infomations:
+-----Headers-----+
| Content-Type    | application/json 

Body:
| {
|     "code": 1,
|     "msg": "接口数据查询成功!",
|     "data": [
|         {
|             "id": 8,
|             "add_time": "2019-12-05T20:16:55",
|             "interface_name": "第三大学",
|             "url": "32131231",
|             "method": "post",
|             "headers": "{\"Accept\":\"3123131\"}",
|             "params": "{\"31312\":\"31312\"}",
|             "creator": {
|                 "id": 1,
|                 "add_time": "2019-12-18T15:18:29.883916",
|                 "account": null,
|                 "password": null,
|                 "nick_name": null,
|                 "head_url": null,
|                 "address": null,
|                 "desc": null,
|                 "gender": null
|             },
|             "project": {
|                 "id": 8,
|                 "add_time": "2019-12-18T15:18:29.883916",
|                 "name": "嘻嘻嘻嘻嘻嘻嘻嘻",
|                 "env": null,
|                 "creator": null,
|                 "desc": null
|             },
|             "desc": "打打"
|         },
|         {
|             "id": 9,
|             "add_time": "2019-12-05T20:18:19",
|             "interface_name": "打打",
|             "url": "32131231",
|             "method": "post",
|             "headers": "{\"Accept\":\"3123131\",\"Accept-Charset\":\"32123213221\"}",
|             "params": "{\"3131\":\"3122313\",\"31312\":\"31312\"}",
|             "creator": {
|                 "id": 1,
|                 "add_time": "2019-12-18T15:18:29.883916",
|                 "account": null,
|                 "password": null,
|                 "nick_name": null,
|                 "head_url": null,
|                 "address": null,
|                 "desc": null,
|                 "gender": null
|             },
|             "project": {
|                 "id": 8,
|                 "add_time": "2019-12-18T15:18:29.883916",
|                 "name": "嘻嘻嘻嘻嘻嘻嘻嘻",
|                 "env": null,
|                 "creator": null,
|                 "desc": null
|             },
|             "desc": "打打"
|         },
|         {
|             "id": 10,
|             "add_time": "2019-12-05T20:16:55",
|             "interface_name": "李四",
|             "url": "32131231",
|             "method": "post",
|             "headers": "{\"Accept\":\"3123131\"}",
|             "params": "{\"31312\":\"31312\"}",
|             "creator": {
|                 "id": 1,
|                 "add_time": "2019-12-18T15:18:29.883916",
|                 "account": null,
|                 "password": null,
|                 "nick_name": null,
|                 "head_url": null,
|                 "address": null,
|                 "desc": null,
|                 "gender": null
|             },
|             "project": {
|                 "id": 8,
|                 "add_time": "2019-12-18T15:18:29.883916",
|                 "name": "嘻嘻嘻嘻嘻嘻嘻嘻",
|                 "env": null,
|                 "creator": null,
|                 "desc": null
|             },
|             "desc": "打打"
|         },
|         {
|             "id": 11,
|             "add_time": "2019-12-05T20:16:55",
|             "interface_name": "王五",
|             "url": "32131231",
|             "method": "post",
|             "headers": "{\"Accept\":\"3123131\"}",
|             "params": "{\"31312\":\"31312\"}",
|             "creator": {
|                 "id": 1,
|                 "add_time": "2019-12-18T15:18:29.884914",
|                 "account": null,
|                 "password": null,
|                 "nick_name": null,
|                 "head_url": null,
|                 "address": null,
|                 "desc": null,
|                 "gender": null
|             },
|             "project": {
|                 "id": 8,
|                 "add_time": "2019-12-18T15:18:29.884914",
|                 "name": "嘻嘻嘻嘻嘻嘻嘻嘻",
|                 "env": null,
|                 "creator": null,
|                 "desc": null
|             },
|             "desc": "打打"
|         },
|         {
|             "id": 12,
|             "add_time": "2019-12-13T17:13:01",
|             "interface_name": "31",
|             "url": "1",
|             "method": "POST",
|             "headers": "{}",
|             "params": "{}",
|             "creator": {
|                 "id": 1,
|                 "add_time": "2019-12-18T15:18:29.884914",
|                 "account": null,
|                 "password": null,
|                 "nick_name": null,
|                 "head_url": null,
|                 "address": null,
|                 "desc": null,
|                 "gender": null
|             },
|             "project": {
|                 "id": 8,
|                 "add_time": "2019-12-18T15:18:29.884914",
|                 "name": "嘻嘻嘻嘻嘻嘻嘻嘻",
|                 "env": null,
|                 "creator": null,
|                 "desc": null
|             },
|             "desc": "3131"
|         },
|         {
|             "id": 14,
|             "add_time": "2019-12-13T17:14:05",
|             "interface_name": "无敌",
|             "url": "213132",
|             "method": "POST",
|             "headers": "{}",
|             "params": "{}",
|             "creator": {
|                 "id": 1,
|                 "add_time": "2019-12-18T15:18:29.884914",
|                 "account": null,
|                 "password": null,
|                 "nick_name": null,
|                 "head_url": null,
|                 "address": null,
|                 "desc": null,
|                 "gender": null
|             },
|             "project": {
|                 "id": 8,
|                 "add_time": "2019-12-18T15:18:29.884914",
|                 "name": "嘻嘻嘻嘻嘻嘻嘻嘻",
|                 "env": null,
|                 "creator": null,
|                 "desc": null
|             },
|             "desc": "213"
|         },
|         {
|             "id": 13,
|             "add_time": "2019-12-13T17:13:32",
|             "interface_name": "3131",
|             "url": "3131",
|             "method": "get",
|             "headers": "{}",
|             "params": "=",
|             "creator": {
|                 "id": 1,
|                 "add_time": "2019-12-18T15:18:29.884914",
|                 "account": null,
|                 "password": null,
|                 "nick_name": null,
|                 "head_url": null,
|                 "address": null,
|                 "desc": null,
|                 "gender": null
|             },
|             "project": {
|                 "id": 7,
|                 "add_time": "2019-12-18T15:18:29.884914",
|                 "name": "12312",
|                 "env": null,
|                 "creator": null,
|                 "desc": null
|             },
|             "desc": "31"
|         }
|     ]
| }
[2019-12-18 15:18:29] [INFO] [MainThread] [handlers.py:63] Request Infomations:
+-----Headers-----+
| Host            | 127.0.0.1:8084  
| Connection      | keep-alive      
| Accept          | application/json, text/plain, */* 
| Origin          | http://localhost:8080 
| Authorization   | eyJ0eXAiOiJKV1QiLCJhbGciOiJIUzI1NiJ9.eyJpZCI6MSwibmlja19uYW1lIjpudWxsLCJleHAiOjE1NzYyMjI3NTR9.KdwdPYH43DI8Qt2bY08dEz5fUhB-lnD5S3NCS2iF4fo 
| User-Agent      | Mozilla/5.0 (Windows NT 10.0; WOW64) AppleWebKit/537.36 (KHTML, like Gecko) Chrome/78.0.3904.87 Safari/537.36 
| Sec-Fetch-Site  | cross-site      
| Sec-Fetch-Mode  | cors            
| Referer         | http://localhost:8080/interfacesManage 
| Accept-Encoding | gzip, deflate, br 
| Accept-Language | zh-CN,zh;q=0.9  
| If-None-Match   | "f0b9425ad0288edb93ee0c1f485b6a0383d2bb51" 
+----Arguments----+
| 'currentPage'   | [b'1']          

[2019-12-18 15:18:29] [INFO] [MainThread] [handlers.py:44] Response Infomations:
+-----Headers-----+
| Content-Type    | application/json 

Body:
| {
|     "code": 1,
|     "msg": "接口数据查询成功!",
|     "data": [
|         {
|             "id": 8,
|             "add_time": "2019-12-05T20:16:55",
|             "interface_name": "第三大学",
|             "url": "32131231",
|             "method": "post",
|             "headers": "{\"Accept\":\"3123131\"}",
|             "params": "{\"31312\":\"31312\"}",
|             "creator": {
|                 "id": 1,
|                 "add_time": "2019-12-18T15:18:29.915357",
|                 "account": null,
|                 "password": null,
|                 "nick_name": null,
|                 "head_url": null,
|                 "address": null,
|                 "desc": null,
|                 "gender": null
|             },
|             "project": {
|                 "id": 8,
|                 "add_time": "2019-12-18T15:18:29.915357",
|                 "name": "嘻嘻嘻嘻嘻嘻嘻嘻",
|                 "env": null,
|                 "creator": null,
|                 "desc": null
|             },
|             "desc": "打打"
|         },
|         {
|             "id": 9,
|             "add_time": "2019-12-05T20:18:19",
|             "interface_name": "打打",
|             "url": "32131231",
|             "method": "post",
|             "headers": "{\"Accept\":\"3123131\",\"Accept-Charset\":\"32123213221\"}",
|             "params": "{\"3131\":\"3122313\",\"31312\":\"31312\"}",
|             "creator": {
|                 "id": 1,
|                 "add_time": "2019-12-18T15:18:29.915357",
|                 "account": null,
|                 "password": null,
|                 "nick_name": null,
|                 "head_url": null,
|                 "address": null,
|                 "desc": null,
|                 "gender": null
|             },
|             "project": {
|                 "id": 8,
|                 "add_time": "2019-12-18T15:18:29.915357",
|                 "name": "嘻嘻嘻嘻嘻嘻嘻嘻",
|                 "env": null,
|                 "creator": null,
|                 "desc": null
|             },
|             "desc": "打打"
|         },
|         {
|             "id": 10,
|             "add_time": "2019-12-05T20:16:55",
|             "interface_name": "李四",
|             "url": "32131231",
|             "method": "post",
|             "headers": "{\"Accept\":\"3123131\"}",
|             "params": "{\"31312\":\"31312\"}",
|             "creator": {
|                 "id": 1,
|                 "add_time": "2019-12-18T15:18:29.915357",
|                 "account": null,
|                 "password": null,
|                 "nick_name": null,
|                 "head_url": null,
|                 "address": null,
|                 "desc": null,
|                 "gender": null
|             },
|             "project": {
|                 "id": 8,
|                 "add_time": "2019-12-18T15:18:29.915357",
|                 "name": "嘻嘻嘻嘻嘻嘻嘻嘻",
|                 "env": null,
|                 "creator": null,
|                 "desc": null
|             },
|             "desc": "打打"
|         },
|         {
|             "id": 11,
|             "add_time": "2019-12-05T20:16:55",
|             "interface_name": "王五",
|             "url": "32131231",
|             "method": "post",
|             "headers": "{\"Accept\":\"3123131\"}",
|             "params": "{\"31312\":\"31312\"}",
|             "creator": {
|                 "id": 1,
|                 "add_time": "2019-12-18T15:18:29.916358",
|                 "account": null,
|                 "password": null,
|                 "nick_name": null,
|                 "head_url": null,
|                 "address": null,
|                 "desc": null,
|                 "gender": null
|             },
|             "project": {
|                 "id": 8,
|                 "add_time": "2019-12-18T15:18:29.916358",
|                 "name": "嘻嘻嘻嘻嘻嘻嘻嘻",
|                 "env": null,
|                 "creator": null,
|                 "desc": null
|             },
|             "desc": "打打"
|         },
|         {
|             "id": 12,
|             "add_time": "2019-12-13T17:13:01",
|             "interface_name": "31",
|             "url": "1",
|             "method": "POST",
|             "headers": "{}",
|             "params": "{}",
|             "creator": {
|                 "id": 1,
|                 "add_time": "2019-12-18T15:18:29.916358",
|                 "account": null,
|                 "password": null,
|                 "nick_name": null,
|                 "head_url": null,
|                 "address": null,
|                 "desc": null,
|                 "gender": null
|             },
|             "project": {
|                 "id": 8,
|                 "add_time": "2019-12-18T15:18:29.916358",
|                 "name": "嘻嘻嘻嘻嘻嘻嘻嘻",
|                 "env": null,
|                 "creator": null,
|                 "desc": null
|             },
|             "desc": "3131"
|         },
|         {
|             "id": 14,
|             "add_time": "2019-12-13T17:14:05",
|             "interface_name": "无敌",
|             "url": "213132",
|             "method": "POST",
|             "headers": "{}",
|             "params": "{}",
|             "creator": {
|                 "id": 1,
|                 "add_time": "2019-12-18T15:18:29.916358",
|                 "account": null,
|                 "password": null,
|                 "nick_name": null,
|                 "head_url": null,
|                 "address": null,
|                 "desc": null,
|                 "gender": null
|             },
|             "project": {
|                 "id": 8,
|                 "add_time": "2019-12-18T15:18:29.916358",
|                 "name": "嘻嘻嘻嘻嘻嘻嘻嘻",
|                 "env": null,
|                 "creator": null,
|                 "desc": null
|             },
|             "desc": "213"
|         },
|         {
|             "id": 13,
|             "add_time": "2019-12-13T17:13:32",
|             "interface_name": "3131",
|             "url": "3131",
|             "method": "get",
|             "headers": "{}",
|             "params": "=",
|             "creator": {
|                 "id": 1,
|                 "add_time": "2019-12-18T15:18:29.916358",
|                 "account": null,
|                 "password": null,
|                 "nick_name": null,
|                 "head_url": null,
|                 "address": null,
|                 "desc": null,
|                 "gender": null
|             },
|             "project": {
|                 "id": 7,
|                 "add_time": "2019-12-18T15:18:29.916358",
|                 "name": "12312",
|                 "env": null,
|                 "creator": null,
|                 "desc": null
|             },
|             "desc": "31"
|         }
|     ]
| }
[2019-12-18 15:18:31] [INFO] [MainThread] [handlers.py:63] Request Infomations:
+-----Headers-----+
| Host            | 127.0.0.1:8084  
| Connection      | keep-alive      
| Accept          | application/json, text/plain, */* 
| Origin          | http://localhost:8080 
| Authorization   | eyJ0eXAiOiJKV1QiLCJhbGciOiJIUzI1NiJ9.eyJpZCI6MSwibmlja19uYW1lIjpudWxsLCJleHAiOjE1NzYyMjI3NTR9.KdwdPYH43DI8Qt2bY08dEz5fUhB-lnD5S3NCS2iF4fo 
| User-Agent      | Mozilla/5.0 (Windows NT 10.0; WOW64) AppleWebKit/537.36 (KHTML, like Gecko) Chrome/78.0.3904.87 Safari/537.36 
| Sec-Fetch-Site  | cross-site      
| Sec-Fetch-Mode  | cors            
| Referer         | http://localhost:8080/testCaseManage 
| Accept-Encoding | gzip, deflate, br 
| Accept-Language | zh-CN,zh;q=0.9  
| If-None-Match   | "24b07641746501d2932fa45e85bcb32eb2c672e8" 
+----Arguments----+
| 'currentPage'   | [b'1']          

[2019-12-18 15:18:31] [INFO] [MainThread] [handlers.py:44] Response Infomations:
+-----Headers-----+
| Content-Type    | application/json 

Body:
| {
|     "code": 1,
|     "msg": "用例数据查询成功!",
|     "data": [
|         {
|             "id": 10,
|             "add_time": "2019-12-18T15:12:56",
|             "test_name": "313131休息休息休息休息",
|             "assertion": "[{'name': '3213', 'comparetor': 'LSS', 'value': '3131'}]",
|             "creator": {
|                 "id": 1,
|                 "add_time": "2019-12-18T15:18:31.704334",
|                 "account": null,
|                 "password": null,
|                 "nick_name": null,
|                 "head_url": null,
|                 "address": null,
|                 "desc": null,
|                 "gender": null
|             },
|             "desc": "休息休息",
|             "api": [
|                 {
|                     "id": 13,
|                     "add_time": "2019-12-18T15:12:56",
|                     "cases": {
|                         "id": 10,
|                         "add_time": "2019-12-18T15:18:31.713363",
|                         "test_name": null,
|                         "assertion": "[{'name': '3213', 'comparetor': 'LSS', 'value': '3131'}]",
|                         "creator": null,
|                         "desc": null
|                     },
|                     "interfaces": {
|                         "id": 8,
|                         "add_time": "2019-12-18T15:18:31.713363",
|                         "interface_name": "第三大学",
|                         "url": "32131231",
|                         "method": "post",
|                         "headers": "{\"Accept\":\"3123131\"}",
|                         "params": "{\"31312\":\"31312\"}",
|                         "creator": null,
|                         "project": null,
|                         "desc": null
|                     }
|                 }
|             ],
|             "db_check": []
|         },
|         {
|             "id": 9,
|             "add_time": "2019-12-18T15:11:34",
|             "test_name": "313131休息休息",
|             "assertion": "[{'name': '3213', 'comparetor': 'LSS', 'value': '3131'}]",
|             "creator": {
|                 "id": 1,
|                 "add_time": "2019-12-18T15:18:31.718294",
|                 "account": null,
|                 "password": null,
|                 "nick_name": null,
|                 "head_url": null,
|                 "address": null,
|                 "desc": null,
|                 "gender": null
|             },
|             "desc": "休息休息",
|             "api": [
|                 {
|                     "id": 12,
|                     "add_time": "2019-12-18T15:11:34",
|                     "cases": {
|                         "id": 9,
|                         "add_time": "2019-12-18T15:18:31.722287",
|                         "test_name": null,
|                         "assertion": "[{'name': '3213', 'comparetor': 'LSS', 'value': '3131'}]",
|                         "creator": null,
|                         "desc": null
|                     },
|                     "interfaces": {
|                         "id": 8,
|                         "add_time": "2019-12-18T15:18:31.722287",
|                         "interface_name": "第三大学",
|                         "url": "32131231",
|                         "method": "post",
|                         "headers": "{\"Accept\":\"3123131\"}",
|                         "params": "{\"31312\":\"31312\"}",
|                         "creator": null,
|                         "project": null,
|                         "desc": null
|                     }
|                 }
|             ],
|             "db_check": []
|         },
|         {
|             "id": 8,
|             "add_time": "2019-12-18T15:06:58",
|             "test_name": "313131",
|             "assertion": "[{'name': '3213', 'comparetor': 'LSS', 'value': '3131'}]",
|             "creator": {
|                 "id": 1,
|                 "add_time": "2019-12-18T15:18:31.729286",
|                 "account": null,
|                 "password": null,
|                 "nick_name": null,
|                 "head_url": null,
|                 "address": null,
|                 "desc": null,
|                 "gender": null
|             },
|             "desc": "休息休息",
|             "api": [
|                 {
|                     "id": 11,
|                     "add_time": "2019-12-18T15:06:58",
|                     "cases": {
|                         "id": 8,
|                         "add_time": "2019-12-18T15:18:31.830997",
|                         "test_name": null,
|                         "assertion": "[{'name': '3213', 'comparetor': 'LSS', 'value': '3131'}]",
|                         "creator": null,
|                         "desc": null
|                     },
|                     "interfaces": {
|                         "id": 8,
|                         "add_time": "2019-12-18T15:18:31.830997",
|                         "interface_name": "第三大学",
|                         "url": "32131231",
|                         "method": "post",
|                         "headers": "{\"Accept\":\"3123131\"}",
|                         "params": "{\"31312\":\"31312\"}",
|                         "creator": null,
|                         "project": null,
|                         "desc": null
|                     }
|                 }
|             ],
|             "db_check": []
|         },
|         {
|             "id": 7,
|             "add_time": "2019-12-18T14:23:58",
|             "test_name": "为单位实现",
|             "assertion": "[{'name': '213', 'comparetor': 'LSS', 'value': '32131'}, {'name': '上线', 'comparetor': 'GEQ', 'value': '12331'}]",
|             "creator": {
|                 "id": 1,
|                 "add_time": "2019-12-18T15:18:31.834982",
|                 "account": null,
|                 "password": null,
|                 "nick_name": null,
|                 "head_url": null,
|                 "address": null,
|                 "desc": null,
|                 "gender": null
|             },
|             "desc": "嘻嘻嘻",
|             "api": [
|                 {
|                     "id": 9,
|                     "add_time": "2019-12-18T14:23:58",
|                     "cases": {
|                         "id": 7,
|                         "add_time": "2019-12-18T15:18:31.839000",
|                         "test_name": null,
|                         "assertion": "[{'name': '213', 'comparetor': 'LSS', 'value': '32131'}, {'name': '上线', 'comparetor': 'GEQ', 'value': '12331'}]",
|                         "creator": null,
|                         "desc": null
|                     },
|                     "interfaces": {
|                         "id": 9,
|                         "add_time": "2019-12-18T15:18:31.839000",
|                         "interface_name": "打打",
|                         "url": "32131231",
|                         "method": "post",
|                         "headers": "{\"Accept\":\"3123131\",\"Accept-Charset\":\"32123213221\"}",
|                         "params": "{\"3131\":\"3122313\",\"31312\":\"31312\"}",
|                         "creator": null,
|                         "project": null,
|                         "desc": null
|                     }
|                 },
|                 {
|                     "id": 10,
|                     "add_time": "2019-12-18T14:23:58",
|                     "cases": {
|                         "id": 7,
|                         "add_time": "2019-12-18T15:18:31.839000",
|                         "test_name": null,
|                         "assertion": "[{'name': '213', 'comparetor': 'LSS', 'value': '32131'}, {'name': '上线', 'comparetor': 'GEQ', 'value': '12331'}]",
|                         "creator": null,
|                         "desc": null
|                     },
|                     "interfaces": {
|                         "id": 8,
|                         "add_time": "2019-12-18T15:18:31.839000",
|                         "interface_name": "第三大学",
|                         "url": "32131231",
|                         "method": "post",
|                         "headers": "{\"Accept\":\"3123131\"}",
|                         "params": "{\"31312\":\"31312\"}",
|                         "creator": null,
|                         "project": null,
|                         "desc": null
|                     }
|                 }
|             ],
|             "db_check": []
|         },
|         {
|             "id": 5,
|             "add_time": "2019-12-17T15:05:49",
|             "test_name": "休息嘻嘻嘻嘻222222嘻休息嘻",
|             "assertion": "1231",
|             "creator": {
|                 "id": 1,
|                 "add_time": "2019-12-18T15:18:31.843003",
|                 "account": null,
|                 "password": null,
|                 "nick_name": null,
|                 "head_url": null,
|                 "address": null,
|                 "desc": null,
|                 "gender": null
|             },
|             "desc": "11111",
|             "api": [
|                 {
|                     "id": 5,
|                     "add_time": "2019-12-17T15:05:49",
|                     "cases": {
|                         "id": 5,
|                         "add_time": "2019-12-18T15:18:31.845961",
|                         "test_name": null,
|                         "assertion": "1231",
|                         "creator": null,
|                         "desc": null
|                     },
|                     "interfaces": {
|                         "id": 8,
|                         "add_time": "2019-12-18T15:18:31.845961",
|                         "interface_name": "第三大学",
|                         "url": "32131231",
|                         "method": "post",
|                         "headers": "{\"Accept\":\"3123131\"}",
|                         "params": "{\"31312\":\"31312\"}",
|                         "creator": null,
|                         "project": null,
|                         "desc": null
|                     }
|                 },
|                 {
|                     "id": 6,
|                     "add_time": "2019-12-17T15:05:49",
|                     "cases": {
|                         "id": 5,
|                         "add_time": "2019-12-18T15:18:31.845961",
|                         "test_name": null,
|                         "assertion": "1231",
|                         "creator": null,
|                         "desc": null
|                     },
|                     "interfaces": {
|                         "id": 9,
|                         "add_time": "2019-12-18T15:18:31.845961",
|                         "interface_name": "打打",
|                         "url": "32131231",
|                         "method": "post",
|                         "headers": "{\"Accept\":\"3123131\",\"Accept-Charset\":\"32123213221\"}",
|                         "params": "{\"3131\":\"3122313\",\"31312\":\"31312\"}",
|                         "creator": null,
|                         "project": null,
|                         "desc": null
|                     }
|                 }
|             ],
|             "db_check": []
|         },
|         {
|             "id": 3,
|             "add_time": "2019-12-17T14:50:11",
|             "test_name": "休息休息嘻",
|             "assertion": "1231",
|             "creator": {
|                 "id": 1,
|                 "add_time": "2019-12-18T15:18:31.848970",
|                 "account": null,
|                 "password": null,
|                 "nick_name": null,
|                 "head_url": null,
|                 "address": null,
|                 "desc": null,
|                 "gender": null
|             },
|             "desc": "11111",
|             "api": [
|                 {
|                     "id": 1,
|                     "add_time": "2019-12-17T14:50:11",
|                     "cases": {
|                         "id": 3,
|                         "add_time": "2019-12-18T15:18:31.850969",
|                         "test_name": null,
|                         "assertion": "1231",
|                         "creator": null,
|                         "desc": null
|                     },
|                     "interfaces": {
|                         "id": 8,
|                         "add_time": "2019-12-18T15:18:31.850969",
|                         "interface_name": "第三大学",
|                         "url": "32131231",
|                         "method": "post",
|                         "headers": "{\"Accept\":\"3123131\"}",
|                         "params": "{\"31312\":\"31312\"}",
|                         "creator": null,
|                         "project": null,
|                         "desc": null
|                     }
|                 },
|                 {
|                     "id": 2,
|                     "add_time": "2019-12-17T14:50:11",
|                     "cases": {
|                         "id": 3,
|                         "add_time": "2019-12-18T15:18:31.850969",
|                         "test_name": null,
|                         "assertion": "1231",
|                         "creator": null,
|                         "desc": null
|                     },
|                     "interfaces": {
|                         "id": 9,
|                         "add_time": "2019-12-18T15:18:31.850969",
|                         "interface_name": "打打",
|                         "url": "32131231",
|                         "method": "post",
|                         "headers": "{\"Accept\":\"3123131\",\"Accept-Charset\":\"32123213221\"}",
|                         "params": "{\"3131\":\"3122313\",\"31312\":\"31312\"}",
|                         "creator": null,
|                         "project": null,
|                         "desc": null
|                     }
|                 }
|             ],
|             "db_check": []
|         },
|         {
|             "id": 2,
|             "add_time": "2019-12-17T14:49:21",
|             "test_name": "嘻2222嘻2嘻",
|             "assertion": "1231",
|             "creator": {
|                 "id": 1,
|                 "add_time": "2019-12-18T15:18:31.853939",
|                 "account": null,
|                 "password": null,
|                 "nick_name": null,
|                 "head_url": null,
|                 "address": null,
|                 "desc": null,
|                 "gender": null
|             },
|             "desc": "11111",
|             "api": [],
|             "db_check": []
|         },
|         {
|             "id": 1,
|             "add_time": "2019-12-17T14:48:38",
|             "test_name": "嘻222嘻2嘻",
|             "assertion": "1231",
|             "creator": {
|                 "id": 1,
|                 "add_time": "2019-12-18T15:18:31.861910",
|                 "account": null,
|                 "password": null,
|                 "nick_name": null,
|                 "head_url": null,
|                 "address": null,
|                 "desc": null,
|                 "gender": null
|             },
|             "desc": "11111",
|             "api": [],
|             "db_check": []
|         }
|     ]
| }
[2019-12-18 15:18:31] [INFO] [MainThread] [handlers.py:63] Request Infomations:
+-----Headers-----+
| Host            | 127.0.0.1:8084  
| Connection      | keep-alive      
| Accept          | application/json, text/plain, */* 
| Origin          | http://localhost:8080 
| Authorization   | eyJ0eXAiOiJKV1QiLCJhbGciOiJIUzI1NiJ9.eyJpZCI6MSwibmlja19uYW1lIjpudWxsLCJleHAiOjE1NzYyMjI3NTR9.KdwdPYH43DI8Qt2bY08dEz5fUhB-lnD5S3NCS2iF4fo 
| User-Agent      | Mozilla/5.0 (Windows NT 10.0; WOW64) AppleWebKit/537.36 (KHTML, like Gecko) Chrome/78.0.3904.87 Safari/537.36 
| Sec-Fetch-Site  | cross-site      
| Sec-Fetch-Mode  | cors            
| Referer         | http://localhost:8080/testCaseManage 
| Accept-Encoding | gzip, deflate, br 
| Accept-Language | zh-CN,zh;q=0.9  
| If-None-Match   | "f1557b601ffac132fc398f0a65443c04717859cd" 
+----Arguments----+
| 'currentPage'   | [b'1']          

[2019-12-18 15:18:32] [INFO] [MainThread] [handlers.py:44] Response Infomations:
+-----Headers-----+
| Content-Type    | application/json 

Body:
| {
|     "code": 1,
|     "msg": "用例数据查询成功!",
|     "data": [
|         {
|             "id": 10,
|             "add_time": "2019-12-18T15:12:56",
|             "test_name": "313131休息休息休息休息",
|             "assertion": "[{'name': '3213', 'comparetor': 'LSS', 'value': '3131'}]",
|             "creator": {
|                 "id": 1,
|                 "add_time": "2019-12-18T15:18:31.910781",
|                 "account": null,
|                 "password": null,
|                 "nick_name": null,
|                 "head_url": null,
|                 "address": null,
|                 "desc": null,
|                 "gender": null
|             },
|             "desc": "休息休息",
|             "api": [
|                 {
|                     "id": 13,
|                     "add_time": "2019-12-18T15:12:56",
|                     "cases": {
|                         "id": 10,
|                         "add_time": "2019-12-18T15:18:31.914805",
|                         "test_name": null,
|                         "assertion": "[{'name': '3213', 'comparetor': 'LSS', 'value': '3131'}]",
|                         "creator": null,
|                         "desc": null
|                     },
|                     "interfaces": {
|                         "id": 8,
|                         "add_time": "2019-12-18T15:18:31.914805",
|                         "interface_name": "第三大学",
|                         "url": "32131231",
|                         "method": "post",
|                         "headers": "{\"Accept\":\"3123131\"}",
|                         "params": "{\"31312\":\"31312\"}",
|                         "creator": null,
|                         "project": null,
|                         "desc": null
|                     }
|                 }
|             ],
|             "db_check": []
|         },
|         {
|             "id": 9,
|             "add_time": "2019-12-18T15:11:34",
|             "test_name": "313131休息休息",
|             "assertion": "[{'name': '3213', 'comparetor': 'LSS', 'value': '3131'}]",
|             "creator": {
|                 "id": 1,
|                 "add_time": "2019-12-18T15:18:31.917763",
|                 "account": null,
|                 "password": null,
|                 "nick_name": null,
|                 "head_url": null,
|                 "address": null,
|                 "desc": null,
|                 "gender": null
|             },
|             "desc": "休息休息",
|             "api": [
|                 {
|                     "id": 12,
|                     "add_time": "2019-12-18T15:11:34",
|                     "cases": {
|                         "id": 9,
|                         "add_time": "2019-12-18T15:18:31.922756",
|                         "test_name": null,
|                         "assertion": "[{'name': '3213', 'comparetor': 'LSS', 'value': '3131'}]",
|                         "creator": null,
|                         "desc": null
|                     },
|                     "interfaces": {
|                         "id": 8,
|                         "add_time": "2019-12-18T15:18:31.922756",
|                         "interface_name": "第三大学",
|                         "url": "32131231",
|                         "method": "post",
|                         "headers": "{\"Accept\":\"3123131\"}",
|                         "params": "{\"31312\":\"31312\"}",
|                         "creator": null,
|                         "project": null,
|                         "desc": null
|                     }
|                 }
|             ],
|             "db_check": []
|         },
|         {
|             "id": 8,
|             "add_time": "2019-12-18T15:06:58",
|             "test_name": "313131",
|             "assertion": "[{'name': '3213', 'comparetor': 'LSS', 'value': '3131'}]",
|             "creator": {
|                 "id": 1,
|                 "add_time": "2019-12-18T15:18:31.926742",
|                 "account": null,
|                 "password": null,
|                 "nick_name": null,
|                 "head_url": null,
|                 "address": null,
|                 "desc": null,
|                 "gender": null
|             },
|             "desc": "休息休息",
|             "api": [
|                 {
|                     "id": 11,
|                     "add_time": "2019-12-18T15:06:58",
|                     "cases": {
|                         "id": 8,
|                         "add_time": "2019-12-18T15:18:31.930729",
|                         "test_name": null,
|                         "assertion": "[{'name': '3213', 'comparetor': 'LSS', 'value': '3131'}]",
|                         "creator": null,
|                         "desc": null
|                     },
|                     "interfaces": {
|                         "id": 8,
|                         "add_time": "2019-12-18T15:18:31.930729",
|                         "interface_name": "第三大学",
|                         "url": "32131231",
|                         "method": "post",
|                         "headers": "{\"Accept\":\"3123131\"}",
|                         "params": "{\"31312\":\"31312\"}",
|                         "creator": null,
|                         "project": null,
|                         "desc": null
|                     }
|                 }
|             ],
|             "db_check": []
|         },
|         {
|             "id": 7,
|             "add_time": "2019-12-18T14:23:58",
|             "test_name": "为单位实现",
|             "assertion": "[{'name': '213', 'comparetor': 'LSS', 'value': '32131'}, {'name': '上线', 'comparetor': 'GEQ', 'value': '12331'}]",
|             "creator": {
|                 "id": 1,
|                 "add_time": "2019-12-18T15:18:31.934717",
|                 "account": null,
|                 "password": null,
|                 "nick_name": null,
|                 "head_url": null,
|                 "address": null,
|                 "desc": null,
|                 "gender": null
|             },
|             "desc": "嘻嘻嘻",
|             "api": [
|                 {
|                     "id": 9,
|                     "add_time": "2019-12-18T14:23:58",
|                     "cases": {
|                         "id": 7,
|                         "add_time": "2019-12-18T15:18:31.943696",
|                         "test_name": null,
|                         "assertion": "[{'name': '213', 'comparetor': 'LSS', 'value': '32131'}, {'name': '上线', 'comparetor': 'GEQ', 'value': '12331'}]",
|                         "creator": null,
|                         "desc": null
|                     },
|                     "interfaces": {
|                         "id": 9,
|                         "add_time": "2019-12-18T15:18:31.943696",
|                         "interface_name": "打打",
|                         "url": "32131231",
|                         "method": "post",
|                         "headers": "{\"Accept\":\"3123131\",\"Accept-Charset\":\"32123213221\"}",
|                         "params": "{\"3131\":\"3122313\",\"31312\":\"31312\"}",
|                         "creator": null,
|                         "project": null,
|                         "desc": null
|                     }
|                 },
|                 {
|                     "id": 10,
|                     "add_time": "2019-12-18T14:23:58",
|                     "cases": {
|                         "id": 7,
|                         "add_time": "2019-12-18T15:18:31.943696",
|                         "test_name": null,
|                         "assertion": "[{'name': '213', 'comparetor': 'LSS', 'value': '32131'}, {'name': '上线', 'comparetor': 'GEQ', 'value': '12331'}]",
|                         "creator": null,
|                         "desc": null
|                     },
|                     "interfaces": {
|                         "id": 8,
|                         "add_time": "2019-12-18T15:18:31.944702",
|                         "interface_name": "第三大学",
|                         "url": "32131231",
|                         "method": "post",
|                         "headers": "{\"Accept\":\"3123131\"}",
|                         "params": "{\"31312\":\"31312\"}",
|                         "creator": null,
|                         "project": null,
|                         "desc": null
|                     }
|                 }
|             ],
|             "db_check": []
|         },
|         {
|             "id": 5,
|             "add_time": "2019-12-17T15:05:49",
|             "test_name": "休息嘻嘻嘻嘻222222嘻休息嘻",
|             "assertion": "1231",
|             "creator": {
|                 "id": 1,
|                 "add_time": "2019-12-18T15:18:31.949678",
|                 "account": null,
|                 "password": null,
|                 "nick_name": null,
|                 "head_url": null,
|                 "address": null,
|                 "desc": null,
|                 "gender": null
|             },
|             "desc": "11111",
|             "api": [
|                 {
|                     "id": 5,
|                     "add_time": "2019-12-17T15:05:49",
|                     "cases": {
|                         "id": 5,
|                         "add_time": "2019-12-18T15:18:31.952669",
|                         "test_name": null,
|                         "assertion": "1231",
|                         "creator": null,
|                         "desc": null
|                     },
|                     "interfaces": {
|                         "id": 8,
|                         "add_time": "2019-12-18T15:18:31.952669",
|                         "interface_name": "第三大学",
|                         "url": "32131231",
|                         "method": "post",
|                         "headers": "{\"Accept\":\"3123131\"}",
|                         "params": "{\"31312\":\"31312\"}",
|                         "creator": null,
|                         "project": null,
|                         "desc": null
|                     }
|                 },
|                 {
|                     "id": 6,
|                     "add_time": "2019-12-17T15:05:49",
|                     "cases": {
|                         "id": 5,
|                         "add_time": "2019-12-18T15:18:31.952669",
|                         "test_name": null,
|                         "assertion": "1231",
|                         "creator": null,
|                         "desc": null
|                     },
|                     "interfaces": {
|                         "id": 9,
|                         "add_time": "2019-12-18T15:18:31.952669",
|                         "interface_name": "打打",
|                         "url": "32131231",
|                         "method": "post",
|                         "headers": "{\"Accept\":\"3123131\",\"Accept-Charset\":\"32123213221\"}",
|                         "params": "{\"3131\":\"3122313\",\"31312\":\"31312\"}",
|                         "creator": null,
|                         "project": null,
|                         "desc": null
|                     }
|                 }
|             ],
|             "db_check": []
|         },
|         {
|             "id": 3,
|             "add_time": "2019-12-17T14:50:11",
|             "test_name": "休息休息嘻",
|             "assertion": "1231",
|             "creator": {
|                 "id": 1,
|                 "add_time": "2019-12-18T15:18:31.960647",
|                 "account": null,
|                 "password": null,
|                 "nick_name": null,
|                 "head_url": null,
|                 "address": null,
|                 "desc": null,
|                 "gender": null
|             },
|             "desc": "11111",
|             "api": [
|                 {
|                     "id": 1,
|                     "add_time": "2019-12-17T14:50:11",
|                     "cases": {
|                         "id": 3,
|                         "add_time": "2019-12-18T15:18:31.963676",
|                         "test_name": null,
|                         "assertion": "1231",
|                         "creator": null,
|                         "desc": null
|                     },
|                     "interfaces": {
|                         "id": 8,
|                         "add_time": "2019-12-18T15:18:31.963676",
|                         "interface_name": "第三大学",
|                         "url": "32131231",
|                         "method": "post",
|                         "headers": "{\"Accept\":\"3123131\"}",
|                         "params": "{\"31312\":\"31312\"}",
|                         "creator": null,
|                         "project": null,
|                         "desc": null
|                     }
|                 },
|                 {
|                     "id": 2,
|                     "add_time": "2019-12-17T14:50:11",
|                     "cases": {
|                         "id": 3,
|                         "add_time": "2019-12-18T15:18:31.963676",
|                         "test_name": null,
|                         "assertion": "1231",
|                         "creator": null,
|                         "desc": null
|                     },
|                     "interfaces": {
|                         "id": 9,
|                         "add_time": "2019-12-18T15:18:31.963676",
|                         "interface_name": "打打",
|                         "url": "32131231",
|                         "method": "post",
|                         "headers": "{\"Accept\":\"3123131\",\"Accept-Charset\":\"32123213221\"}",
|                         "params": "{\"3131\":\"3122313\",\"31312\":\"31312\"}",
|                         "creator": null,
|                         "project": null,
|                         "desc": null
|                     }
|                 }
|             ],
|             "db_check": []
|         },
|         {
|             "id": 2,
|             "add_time": "2019-12-17T14:49:21",
|             "test_name": "嘻2222嘻2嘻",
|             "assertion": "1231",
|             "creator": {
|                 "id": 1,
|                 "add_time": "2019-12-18T15:18:31.965671",
|                 "account": null,
|                 "password": null,
|                 "nick_name": null,
|                 "head_url": null,
|                 "address": null,
|                 "desc": null,
|                 "gender": null
|             },
|             "desc": "11111",
|             "api": [],
|             "db_check": []
|         },
|         {
|             "id": 1,
|             "add_time": "2019-12-17T14:48:38",
|             "test_name": "嘻222嘻2嘻",
|             "assertion": "1231",
|             "creator": {
|                 "id": 1,
|                 "add_time": "2019-12-18T15:18:31.971622",
|                 "account": null,
|                 "password": null,
|                 "nick_name": null,
|                 "head_url": null,
|                 "address": null,
|                 "desc": null,
|                 "gender": null
|             },
|             "desc": "11111",
|             "api": [],
|             "db_check": []
|         }
|     ]
| }
[2019-12-18 15:18:34] [INFO] [MainThread] [handlers.py:63] Request Infomations:
+-----Headers-----+
| Host            | 127.0.0.1:8084  
| Connection      | keep-alive      
| Accept          | application/json, text/plain, */* 
| Origin          | http://localhost:8080 
| Authorization   | eyJ0eXAiOiJKV1QiLCJhbGciOiJIUzI1NiJ9.eyJpZCI6MSwibmlja19uYW1lIjpudWxsLCJleHAiOjE1NzYyMjI3NTR9.KdwdPYH43DI8Qt2bY08dEz5fUhB-lnD5S3NCS2iF4fo 
| User-Agent      | Mozilla/5.0 (Windows NT 10.0; WOW64) AppleWebKit/537.36 (KHTML, like Gecko) Chrome/78.0.3904.87 Safari/537.36 
| Sec-Fetch-Site  | cross-site      
| Sec-Fetch-Mode  | cors            
| Referer         | http://localhost:8080/testCaseManage 
| Accept-Encoding | gzip, deflate, br 
| Accept-Language | zh-CN,zh;q=0.9  
| If-None-Match   | "ab1ebbd8e07b2f49cec227aaa25a91a4fb249781" 

[2019-12-18 15:18:34] [INFO] [MainThread] [handlers.py:63] Request Infomations:
+-----Headers-----+
| Host            | 127.0.0.1:8084  
| Connection      | keep-alive      
| Accept          | application/json, text/plain, */* 
| Origin          | http://localhost:8080 
| Authorization   | eyJ0eXAiOiJKV1QiLCJhbGciOiJIUzI1NiJ9.eyJpZCI6MSwibmlja19uYW1lIjpudWxsLCJleHAiOjE1NzYyMjI3NTR9.KdwdPYH43DI8Qt2bY08dEz5fUhB-lnD5S3NCS2iF4fo 
| User-Agent      | Mozilla/5.0 (Windows NT 10.0; WOW64) AppleWebKit/537.36 (KHTML, like Gecko) Chrome/78.0.3904.87 Safari/537.36 
| Sec-Fetch-Site  | cross-site      
| Sec-Fetch-Mode  | cors            
| Referer         | http://localhost:8080/testCaseManage 
| Accept-Encoding | gzip, deflate, br 
| Accept-Language | zh-CN,zh;q=0.9  
| If-None-Match   | "4434dc7f63e77311299e5baab468e4e0600be9f5" 

[2019-12-18 15:18:34] [INFO] [MainThread] [handlers.py:44] Response Infomations:
+-----Headers-----+
| Content-Type    | application/json 

Body:
| {
|     "code": 1,
|     "msg": "接口数据查询成功!",
|     "data": [
|         {
|             "id": 8,
|             "add_time": "2019-12-05T20:16:55",
|             "interface_name": "第三大学",
|             "url": "32131231",
|             "method": "post",
|             "headers": "{\"Accept\":\"3123131\"}",
|             "params": "{\"31312\":\"31312\"}",
|             "creator": {
|                 "id": 1,
|                 "add_time": "2019-12-18T15:18:34.586228",
|                 "account": null,
|                 "password": null,
|                 "nick_name": null,
|                 "head_url": null,
|                 "address": null,
|                 "desc": null,
|                 "gender": null
|             },
|             "project": {
|                 "id": 8,
|                 "add_time": "2019-12-18T15:18:34.586228",
|                 "name": "嘻嘻嘻嘻嘻嘻嘻嘻",
|                 "env": null,
|                 "creator": null,
|                 "desc": null
|             },
|             "desc": "打打"
|         },
|         {
|             "id": 9,
|             "add_time": "2019-12-05T20:18:19",
|             "interface_name": "打打",
|             "url": "32131231",
|             "method": "post",
|             "headers": "{\"Accept\":\"3123131\",\"Accept-Charset\":\"32123213221\"}",
|             "params": "{\"3131\":\"3122313\",\"31312\":\"31312\"}",
|             "creator": {
|                 "id": 1,
|                 "add_time": "2019-12-18T15:18:34.586228",
|                 "account": null,
|                 "password": null,
|                 "nick_name": null,
|                 "head_url": null,
|                 "address": null,
|                 "desc": null,
|                 "gender": null
|             },
|             "project": {
|                 "id": 8,
|                 "add_time": "2019-12-18T15:18:34.586228",
|                 "name": "嘻嘻嘻嘻嘻嘻嘻嘻",
|                 "env": null,
|                 "creator": null,
|                 "desc": null
|             },
|             "desc": "打打"
|         },
|         {
|             "id": 10,
|             "add_time": "2019-12-05T20:16:55",
|             "interface_name": "李四",
|             "url": "32131231",
|             "method": "post",
|             "headers": "{\"Accept\":\"3123131\"}",
|             "params": "{\"31312\":\"31312\"}",
|             "creator": {
|                 "id": 1,
|                 "add_time": "2019-12-18T15:18:34.586228",
|                 "account": null,
|                 "password": null,
|                 "nick_name": null,
|                 "head_url": null,
|                 "address": null,
|                 "desc": null,
|                 "gender": null
|             },
|             "project": {
|                 "id": 8,
|                 "add_time": "2019-12-18T15:18:34.586228",
|                 "name": "嘻嘻嘻嘻嘻嘻嘻嘻",
|                 "env": null,
|                 "creator": null,
|                 "desc": null
|             },
|             "desc": "打打"
|         },
|         {
|             "id": 11,
|             "add_time": "2019-12-05T20:16:55",
|             "interface_name": "王五",
|             "url": "32131231",
|             "method": "post",
|             "headers": "{\"Accept\":\"3123131\"}",
|             "params": "{\"31312\":\"31312\"}",
|             "creator": {
|                 "id": 1,
|                 "add_time": "2019-12-18T15:18:34.587229",
|                 "account": null,
|                 "password": null,
|                 "nick_name": null,
|                 "head_url": null,
|                 "address": null,
|                 "desc": null,
|                 "gender": null
|             },
|             "project": {
|                 "id": 8,
|                 "add_time": "2019-12-18T15:18:34.587229",
|                 "name": "嘻嘻嘻嘻嘻嘻嘻嘻",
|                 "env": null,
|                 "creator": null,
|                 "desc": null
|             },
|             "desc": "打打"
|         },
|         {
|             "id": 12,
|             "add_time": "2019-12-13T17:13:01",
|             "interface_name": "31",
|             "url": "1",
|             "method": "POST",
|             "headers": "{}",
|             "params": "{}",
|             "creator": {
|                 "id": 1,
|                 "add_time": "2019-12-18T15:18:34.587229",
|                 "account": null,
|                 "password": null,
|                 "nick_name": null,
|                 "head_url": null,
|                 "address": null,
|                 "desc": null,
|                 "gender": null
|             },
|             "project": {
|                 "id": 8,
|                 "add_time": "2019-12-18T15:18:34.587229",
|                 "name": "嘻嘻嘻嘻嘻嘻嘻嘻",
|                 "env": null,
|                 "creator": null,
|                 "desc": null
|             },
|             "desc": "3131"
|         },
|         {
|             "id": 14,
|             "add_time": "2019-12-13T17:14:05",
|             "interface_name": "无敌",
|             "url": "213132",
|             "method": "POST",
|             "headers": "{}",
|             "params": "{}",
|             "creator": {
|                 "id": 1,
|                 "add_time": "2019-12-18T15:18:34.587229",
|                 "account": null,
|                 "password": null,
|                 "nick_name": null,
|                 "head_url": null,
|                 "address": null,
|                 "desc": null,
|                 "gender": null
|             },
|             "project": {
|                 "id": 8,
|                 "add_time": "2019-12-18T15:18:34.587229",
|                 "name": "嘻嘻嘻嘻嘻嘻嘻嘻",
|                 "env": null,
|                 "creator": null,
|                 "desc": null
|             },
|             "desc": "213"
|         },
|         {
|             "id": 13,
|             "add_time": "2019-12-13T17:13:32",
|             "interface_name": "3131",
|             "url": "3131",
|             "method": "get",
|             "headers": "{}",
|             "params": "=",
|             "creator": {
|                 "id": 1,
|                 "add_time": "2019-12-18T15:18:34.588238",
|                 "account": null,
|                 "password": null,
|                 "nick_name": null,
|                 "head_url": null,
|                 "address": null,
|                 "desc": null,
|                 "gender": null
|             },
|             "project": {
|                 "id": 7,
|                 "add_time": "2019-12-18T15:18:34.588238",
|                 "name": "12312",
|                 "env": null,
|                 "creator": null,
|                 "desc": null
|             },
|             "desc": "31"
|         }
|     ]
| }
[2019-12-18 15:18:34] [INFO] [MainThread] [handlers.py:44] Response Infomations:
+-----Headers-----+
| Content-Type    | application/json 

Body:
| {
|     "code": 1,
|     "msg": "数据库配置数据查询成功!",
|     "data": [
|         {
|             "id": 7,
|             "add_time": "2019-12-13T16:29:35",
|             "name": "sds",
|             "creator": {
|                 "id": 1,
|                 "add_time": "2019-12-18T15:18:34.621136",
|                 "account": null,
|                 "password": null,
|                 "nick_name": null,
|                 "head_url": null,
|                 "address": null,
|                 "desc": null,
|                 "gender": null
|             },
|             "db_type": "Google Fusion Tables",
|             "db_user": "31",
|             "db_password": "31",
|             "db_host": "31",
|             "db_port": 31,
|             "desc": "31"
|         },
|         {
|             "id": 6,
|             "add_time": "2019-12-11T20:47:00",
|             "name": "12321",
|             "creator": {
|                 "id": 1,
|                 "add_time": "2019-12-18T15:18:34.621136",
|                 "account": null,
|                 "password": null,
|                 "nick_name": null,
|                 "head_url": null,
|                 "address": null,
|                 "desc": null,
|                 "gender": null
|             },
|             "db_type": "MySQL",
|             "db_user": "312",
|             "db_password": "312",
|             "db_host": "31",
|             "db_port": 31,
|             "desc": "31"
|         },
|         {
|             "id": 5,
|             "add_time": "2019-12-11T20:46:41",
|             "name": "1321",
|             "creator": {
|                 "id": 1,
|                 "add_time": "2019-12-18T15:18:34.622136",
|                 "account": null,
|                 "password": null,
|                 "nick_name": null,
|                 "head_url": null,
|                 "address": null,
|                 "desc": null,
|                 "gender": null
|             },
|             "db_type": "Mysql",
|             "db_user": "3131",
|             "db_password": "3131",
|             "db_host": "31",
|             "db_port": 31,
|             "desc": "313"
|         },
|         {
|             "id": 4,
|             "add_time": "2019-12-05T15:15:11",
|             "name": "侧深V从",
|             "creator": {
|                 "id": 1,
|                 "add_time": "2019-12-18T15:18:34.622136",
|                 "account": null,
|                 "password": null,
|                 "nick_name": null,
|                 "head_url": null,
|                 "address": null,
|                 "desc": null,
|                 "gender": null
|             },
|             "db_type": "侧深V从",
|             "db_user": "侧深V从",
|             "db_password": "侧深V从",
|             "db_host": "侧深V从",
|             "db_port": 3306,
|             "desc": "侧深V从"
|         },
|         {
|             "id": 2,
|             "add_time": "2019-11-27T18:02:58",
|             "name": "3131",
|             "creator": {
|                 "id": 1,
|                 "add_time": "2019-12-18T15:18:34.623129",
|                 "account": null,
|                 "password": null,
|                 "nick_name": null,
|                 "head_url": null,
|                 "address": null,
|                 "desc": null,
|                 "gender": null
|             },
|             "db_type": "313",
|             "db_user": "31",
|             "db_password": "31",
|             "db_host": "31",
|             "db_port": 31,
|             "desc": "31"
|         }
|     ]
| }
[2019-12-18 15:18:50] [INFO] [MainThread] [handlers.py:63] Request Infomations:
+-----Headers-----+
| Host            | 127.0.0.1:8084  
| Connection      | keep-alive      
| Content-Length  | 133             
| Accept          | application/json, text/plain, */* 
| Origin          | http://localhost:8080 
| Authorization   | eyJ0eXAiOiJKV1QiLCJhbGciOiJIUzI1NiJ9.eyJpZCI6MSwibmlja19uYW1lIjpudWxsLCJleHAiOjE1NzYyMjI3NTR9.KdwdPYH43DI8Qt2bY08dEz5fUhB-lnD5S3NCS2iF4fo 
| User-Agent      | Mozilla/5.0 (Windows NT 10.0; WOW64) AppleWebKit/537.36 (KHTML, like Gecko) Chrome/78.0.3904.87 Safari/537.36 
| Content-Type    | application/json;charset=UTF-8 
| Sec-Fetch-Site  | cross-site      
| Sec-Fetch-Mode  | cors            
| Referer         | http://localhost:8080/testCaseManage 
| Accept-Encoding | gzip, deflate, br 
| Accept-Language | zh-CN,zh;q=0.9  
+----Arguments----+
| 'test_name'     | '1231231'       
| 'assertion'     | [{'name': '3131', 'comparetor': 'GTR', 'value': '3131'}] 
| 'interfaces'    | [9]             
| 'db_check'      | []              
| 'desc'          | '23131'         

[2019-12-18 15:18:50] [INFO] [MainThread] [handlers.py:44] Response Infomations:
+-----Headers-----+
| Content-Type    | application/json 

Body:
| {
|     "code": 1,
|     "msg": "用例创建成功!",
|     "data": {
|         "caseId": 11
|     }
| }
[2019-12-18 15:18:50] [INFO] [MainThread] [handlers.py:63] Request Infomations:
+-----Headers-----+
| Host            | 127.0.0.1:8084  
| Connection      | keep-alive      
| Accept          | application/json, text/plain, */* 
| Origin          | http://localhost:8080 
| Authorization   | eyJ0eXAiOiJKV1QiLCJhbGciOiJIUzI1NiJ9.eyJpZCI6MSwibmlja19uYW1lIjpudWxsLCJleHAiOjE1NzYyMjI3NTR9.KdwdPYH43DI8Qt2bY08dEz5fUhB-lnD5S3NCS2iF4fo 
| User-Agent      | Mozilla/5.0 (Windows NT 10.0; WOW64) AppleWebKit/537.36 (KHTML, like Gecko) Chrome/78.0.3904.87 Safari/537.36 
| Sec-Fetch-Site  | cross-site      
| Sec-Fetch-Mode  | cors            
| Referer         | http://localhost:8080/testCaseManage 
| Accept-Encoding | gzip, deflate, br 
| Accept-Language | zh-CN,zh;q=0.9  
| If-None-Match   | "1289da27a6d9b2154da8c9c2c6ca72879c9e60f0" 
+----Arguments----+
| 'currentPage'   | [b'1']          

[2019-12-18 15:18:50] [INFO] [MainThread] [handlers.py:44] Response Infomations:
+-----Headers-----+
| Content-Type    | application/json 

Body:
| {
|     "code": 1,
|     "msg": "用例数据查询成功!",
|     "data": [
|         {
|             "id": 11,
|             "add_time": "2019-12-18T15:18:51",
|             "test_name": "1231231",
|             "assertion": "[{'name': '3131', 'comparetor': 'GTR', 'value': '3131'}]",
|             "creator": {
|                 "id": 1,
|                 "add_time": "2019-12-18T15:18:50.742446",
|                 "account": null,
|                 "password": null,
|                 "nick_name": null,
|                 "head_url": null,
|                 "address": null,
|                 "desc": null,
|                 "gender": null
|             },
|             "desc": "23131",
|             "api": [
|                 {
|                     "id": 14,
|                     "add_time": "2019-12-18T15:18:51",
|                     "cases": {
|                         "id": 11,
|                         "add_time": "2019-12-18T15:18:50.746432",
|                         "test_name": null,
|                         "assertion": "[{'name': '3131', 'comparetor': 'GTR', 'value': '3131'}]",
|                         "creator": null,
|                         "desc": null
|                     },
|                     "interfaces": {
|                         "id": 9,
|                         "add_time": "2019-12-18T15:18:50.746432",
|                         "interface_name": "打打",
|                         "url": "32131231",
|                         "method": "post",
|                         "headers": "{\"Accept\":\"3123131\",\"Accept-Charset\":\"32123213221\"}",
|                         "params": "{\"3131\":\"3122313\",\"31312\":\"31312\"}",
|                         "creator": null,
|                         "project": null,
|                         "desc": null
|                     }
|                 }
|             ],
|             "db_check": []
|         },
|         {
|             "id": 10,
|             "add_time": "2019-12-18T15:12:56",
|             "test_name": "313131休息休息休息休息",
|             "assertion": "[{'name': '3213', 'comparetor': 'LSS', 'value': '3131'}]",
|             "creator": {
|                 "id": 1,
|                 "add_time": "2019-12-18T15:18:50.849161",
|                 "account": null,
|                 "password": null,
|                 "nick_name": null,
|                 "head_url": null,
|                 "address": null,
|                 "desc": null,
|                 "gender": null
|             },
|             "desc": "休息休息",
|             "api": [
|                 {
|                     "id": 13,
|                     "add_time": "2019-12-18T15:12:56",
|                     "cases": {
|                         "id": 10,
|                         "add_time": "2019-12-18T15:18:50.854133",
|                         "test_name": null,
|                         "assertion": "[{'name': '3213', 'comparetor': 'LSS', 'value': '3131'}]",
|                         "creator": null,
|                         "desc": null
|                     },
|                     "interfaces": {
|                         "id": 8,
|                         "add_time": "2019-12-18T15:18:50.854133",
|                         "interface_name": "第三大学",
|                         "url": "32131231",
|                         "method": "post",
|                         "headers": "{\"Accept\":\"3123131\"}",
|                         "params": "{\"31312\":\"31312\"}",
|                         "creator": null,
|                         "project": null,
|                         "desc": null
|                     }
|                 }
|             ],
|             "db_check": []
|         },
|         {
|             "id": 9,
|             "add_time": "2019-12-18T15:11:34",
|             "test_name": "313131休息休息",
|             "assertion": "[{'name': '3213', 'comparetor': 'LSS', 'value': '3131'}]",
|             "creator": {
|                 "id": 1,
|                 "add_time": "2019-12-18T15:18:50.857159",
|                 "account": null,
|                 "password": null,
|                 "nick_name": null,
|                 "head_url": null,
|                 "address": null,
|                 "desc": null,
|                 "gender": null
|             },
|             "desc": "休息休息",
|             "api": [
|                 {
|                     "id": 12,
|                     "add_time": "2019-12-18T15:11:34",
|                     "cases": {
|                         "id": 9,
|                         "add_time": "2019-12-18T15:18:50.863113",
|                         "test_name": null,
|                         "assertion": "[{'name': '3213', 'comparetor': 'LSS', 'value': '3131'}]",
|                         "creator": null,
|                         "desc": null
|                     },
|                     "interfaces": {
|                         "id": 8,
|                         "add_time": "2019-12-18T15:18:50.863113",
|                         "interface_name": "第三大学",
|                         "url": "32131231",
|                         "method": "post",
|                         "headers": "{\"Accept\":\"3123131\"}",
|                         "params": "{\"31312\":\"31312\"}",
|                         "creator": null,
|                         "project": null,
|                         "desc": null
|                     }
|                 }
|             ],
|             "db_check": []
|         },
|         {
|             "id": 8,
|             "add_time": "2019-12-18T15:06:58",
|             "test_name": "313131",
|             "assertion": "[{'name': '3213', 'comparetor': 'LSS', 'value': '3131'}]",
|             "creator": {
|                 "id": 1,
|                 "add_time": "2019-12-18T15:18:50.871090",
|                 "account": null,
|                 "password": null,
|                 "nick_name": null,
|                 "head_url": null,
|                 "address": null,
|                 "desc": null,
|                 "gender": null
|             },
|             "desc": "休息休息",
|             "api": [
|                 {
|                     "id": 11,
|                     "add_time": "2019-12-18T15:06:58",
|                     "cases": {
|                         "id": 8,
|                         "add_time": "2019-12-18T15:18:50.874119",
|                         "test_name": null,
|                         "assertion": "[{'name': '3213', 'comparetor': 'LSS', 'value': '3131'}]",
|                         "creator": null,
|                         "desc": null
|                     },
|                     "interfaces": {
|                         "id": 8,
|                         "add_time": "2019-12-18T15:18:50.874119",
|                         "interface_name": "第三大学",
|                         "url": "32131231",
|                         "method": "post",
|                         "headers": "{\"Accept\":\"3123131\"}",
|                         "params": "{\"31312\":\"31312\"}",
|                         "creator": null,
|                         "project": null,
|                         "desc": null
|                     }
|                 }
|             ],
|             "db_check": []
|         },
|         {
|             "id": 7,
|             "add_time": "2019-12-18T14:23:58",
|             "test_name": "为单位实现",
|             "assertion": "[{'name': '213', 'comparetor': 'LSS', 'value': '32131'}, {'name': '上线', 'comparetor': 'GEQ', 'value': '12331'}]",
|             "creator": {
|                 "id": 1,
|                 "add_time": "2019-12-18T15:18:50.883065",
|                 "account": null,
|                 "password": null,
|                 "nick_name": null,
|                 "head_url": null,
|                 "address": null,
|                 "desc": null,
|                 "gender": null
|             },
|             "desc": "嘻嘻嘻",
|             "api": [
|                 {
|                     "id": 9,
|                     "add_time": "2019-12-18T14:23:58",
|                     "cases": {
|                         "id": 7,
|                         "add_time": "2019-12-18T15:18:50.888044",
|                         "test_name": null,
|                         "assertion": "[{'name': '213', 'comparetor': 'LSS', 'value': '32131'}, {'name': '上线', 'comparetor': 'GEQ', 'value': '12331'}]",
|                         "creator": null,
|                         "desc": null
|                     },
|                     "interfaces": {
|                         "id": 9,
|                         "add_time": "2019-12-18T15:18:50.888044",
|                         "interface_name": "打打",
|                         "url": "32131231",
|                         "method": "post",
|                         "headers": "{\"Accept\":\"3123131\",\"Accept-Charset\":\"32123213221\"}",
|                         "params": "{\"3131\":\"3122313\",\"31312\":\"31312\"}",
|                         "creator": null,
|                         "project": null,
|                         "desc": null
|                     }
|                 },
|                 {
|                     "id": 10,
|                     "add_time": "2019-12-18T14:23:58",
|                     "cases": {
|                         "id": 7,
|                         "add_time": "2019-12-18T15:18:50.888044",
|                         "test_name": null,
|                         "assertion": "[{'name': '213', 'comparetor': 'LSS', 'value': '32131'}, {'name': '上线', 'comparetor': 'GEQ', 'value': '12331'}]",
|                         "creator": null,
|                         "desc": null
|                     },
|                     "interfaces": {
|                         "id": 8,
|                         "add_time": "2019-12-18T15:18:50.888044",
|                         "interface_name": "第三大学",
|                         "url": "32131231",
|                         "method": "post",
|                         "headers": "{\"Accept\":\"3123131\"}",
|                         "params": "{\"31312\":\"31312\"}",
|                         "creator": null,
|                         "project": null,
|                         "desc": null
|                     }
|                 }
|             ],
|             "db_check": []
|         },
|         {
|             "id": 5,
|             "add_time": "2019-12-17T15:05:49",
|             "test_name": "休息嘻嘻嘻嘻222222嘻休息嘻",
|             "assertion": "1231",
|             "creator": {
|                 "id": 1,
|                 "add_time": "2019-12-18T15:18:50.896021",
|                 "account": null,
|                 "password": null,
|                 "nick_name": null,
|                 "head_url": null,
|                 "address": null,
|                 "desc": null,
|                 "gender": null
|             },
|             "desc": "11111",
|             "api": [
|                 {
|                     "id": 5,
|                     "add_time": "2019-12-17T15:05:49",
|                     "cases": {
|                         "id": 5,
|                         "add_time": "2019-12-18T15:18:50.903003",
|                         "test_name": null,
|                         "assertion": "1231",
|                         "creator": null,
|                         "desc": null
|                     },
|                     "interfaces": {
|                         "id": 8,
|                         "add_time": "2019-12-18T15:18:50.903003",
|                         "interface_name": "第三大学",
|                         "url": "32131231",
|                         "method": "post",
|                         "headers": "{\"Accept\":\"3123131\"}",
|                         "params": "{\"31312\":\"31312\"}",
|                         "creator": null,
|                         "project": null,
|                         "desc": null
|                     }
|                 },
|                 {
|                     "id": 6,
|                     "add_time": "2019-12-17T15:05:49",
|                     "cases": {
|                         "id": 5,
|                         "add_time": "2019-12-18T15:18:50.903003",
|                         "test_name": null,
|                         "assertion": "1231",
|                         "creator": null,
|                         "desc": null
|                     },
|                     "interfaces": {
|                         "id": 9,
|                         "add_time": "2019-12-18T15:18:50.903003",
|                         "interface_name": "打打",
|                         "url": "32131231",
|                         "method": "post",
|                         "headers": "{\"Accept\":\"3123131\",\"Accept-Charset\":\"32123213221\"}",
|                         "params": "{\"3131\":\"3122313\",\"31312\":\"31312\"}",
|                         "creator": null,
|                         "project": null,
|                         "desc": null
|                     }
|                 }
|             ],
|             "db_check": []
|         },
|         {
|             "id": 3,
|             "add_time": "2019-12-17T14:50:11",
|             "test_name": "休息休息嘻",
|             "assertion": "1231",
|             "creator": {
|                 "id": 1,
|                 "add_time": "2019-12-18T15:18:50.905993",
|                 "account": null,
|                 "password": null,
|                 "nick_name": null,
|                 "head_url": null,
|                 "address": null,
|                 "desc": null,
|                 "gender": null
|             },
|             "desc": "11111",
|             "api": [
|                 {
|                     "id": 1,
|                     "add_time": "2019-12-17T14:50:11",
|                     "cases": {
|                         "id": 3,
|                         "add_time": "2019-12-18T15:18:50.913974",
|                         "test_name": null,
|                         "assertion": "1231",
|                         "creator": null,
|                         "desc": null
|                     },
|                     "interfaces": {
|                         "id": 8,
|                         "add_time": "2019-12-18T15:18:50.913974",
|                         "interface_name": "第三大学",
|                         "url": "32131231",
|                         "method": "post",
|                         "headers": "{\"Accept\":\"3123131\"}",
|                         "params": "{\"31312\":\"31312\"}",
|                         "creator": null,
|                         "project": null,
|                         "desc": null
|                     }
|                 },
|                 {
|                     "id": 2,
|                     "add_time": "2019-12-17T14:50:11",
|                     "cases": {
|                         "id": 3,
|                         "add_time": "2019-12-18T15:18:50.913974",
|                         "test_name": null,
|                         "assertion": "1231",
|                         "creator": null,
|                         "desc": null
|                     },
|                     "interfaces": {
|                         "id": 9,
|                         "add_time": "2019-12-18T15:18:50.913974",
|                         "interface_name": "打打",
|                         "url": "32131231",
|                         "method": "post",
|                         "headers": "{\"Accept\":\"3123131\",\"Accept-Charset\":\"32123213221\"}",
|                         "params": "{\"3131\":\"3122313\",\"31312\":\"31312\"}",
|                         "creator": null,
|                         "project": null,
|                         "desc": null
|                     }
|                 }
|             ],
|             "db_check": []
|         },
|         {
|             "id": 2,
|             "add_time": "2019-12-17T14:49:21",
|             "test_name": "嘻2222嘻2嘻",
|             "assertion": "1231",
|             "creator": {
|                 "id": 1,
|                 "add_time": "2019-12-18T15:18:50.919956",
|                 "account": null,
|                 "password": null,
|                 "nick_name": null,
|                 "head_url": null,
|                 "address": null,
|                 "desc": null,
|                 "gender": null
|             },
|             "desc": "11111",
|             "api": [],
|             "db_check": []
|         },
|         {
|             "id": 1,
|             "add_time": "2019-12-17T14:48:38",
|             "test_name": "嘻222嘻2嘻",
|             "assertion": "1231",
|             "creator": {
|                 "id": 1,
|                 "add_time": "2019-12-18T15:18:50.931933",
|                 "account": null,
|                 "password": null,
|                 "nick_name": null,
|                 "head_url": null,
|                 "address": null,
|                 "desc": null,
|                 "gender": null
|             },
|             "desc": "11111",
|             "api": [],
|             "db_check": []
|         }
|     ]
| }
