[2019-11-29 18:09:33] [INFO] [MainThread] [handlers.py:63] Request Infomations:
+-----Headers-----+
| Connection      | close           
| Host            | 127.0.0.1:65292 
| Content-Length  | 63              
| Content-Type    | application/x-www-form-urlencoded 
| Accept-Encoding | gzip            
+----Arguments----+
| 'account'       | '106826@163.com' 
| 'code'          | ''              
| 'password'      | '123456'        

[2019-11-29 18:09:33] [INFO] [MainThread] [handlers.py:44] Response Infomations:
+-----Headers-----+
| Content-Type    | application/json 

Body:
| {
|     "code": 10090,
|     "msg": {
|         "code": [
|             "请输入验证码"
|         ]
|     },
|     "data": null
| }
[2019-11-29 18:09:33] [INFO] [MainThread] [handlers.py:63] Request Infomations:
+-----Headers-----+
| Connection      | close           
| Host            | 127.0.0.1:65296 
| Content-Length  | 29              
| Content-Type    | application/x-www-form-urlencoded 
| Accept-Encoding | gzip            
+----Arguments----+
| 'account'       | '106826@163.com' 

[2019-11-29 18:09:33] [INFO] [MainThread] [handlers.py:44] Response Infomations:
+-----Headers-----+
| Content-Type    | application/json 

Body:
| {
|     "code": 1,
|     "msg": "验证码已发送，请注意接收",
|     "data": {
|         "account": "106826@163.com",
|         "VerCode": "5529"
|     }
| }
