[2019-12-13 19:18:24] [INFO] [MainThread] [handlers.py:63] Request Infomations:
+-----Headers-----+
| Content-Type    | application/json 
| Authorization   | eyJ0eXAiOiJKV1QiLCJhbGciOiJIUzI1NiJ9.eyJpZCI6MSwibmlja19uYW1lIjpudWxsLCJleHAiOjE1NzYyMjI3NTR9.KdwdPYH43DI8Qt2bY08dEz5fUhB-lnD5S3NCS2iF4fo 
| User-Agent      | PostmanRuntime/7.20.1 
| Accept          | */*             
| Cache-Control   | no-cache        
| Postman-Token   | da28cc9d-c1af-488f-97ce-e4283c567b69 
| Host            | 127.0.0.1:8084  
| Accept-Encoding | gzip, deflate   
| Content-Length  | 141             
| Connection      | keep-alive      
+----Arguments----+
| 'test_name'     | '无2221'         
| 'interfaces'    | [8, 9]          
| 'assertion'     | '12313'         
| 'db'            | 2               
| 'check_db'      | '123'           
| 'desc'          | '21q313132'     

[2019-12-13 19:18:24] [INFO] [MainThread] [handlers.py:44] Response Infomations:
+-----Headers-----+
| Content-Type    | application/json 

Body:
| {
|     "code": 1,
|     "msg": "用例数据查询成功!",
|     "data": [
|         {
|             "id": 3,
|             "add_time": "2019-12-13T19:00:33",
|             "test_name": "无2221",
|             "assertion": "12313",
|             "db": {
|                 "id": 2,
|                 "add_time": "2019-12-13T19:18:24.475271",
|                 "name": "3131",
|                 "creator": null,
|                 "db_type": "313",
|                 "db_user": "31",
|                 "db_password": "31",
|                 "db_host": "31",
|                 "db_port": 31,
|                 "desc": null
|             },
|             "check_db": "123",
|             "creator": {
|                 "id": 1,
|                 "add_time": "2019-12-13T19:18:24.475271",
|                 "account": null,
|                 "password": null,
|                 "nick_name": null,
|                 "head_url": null,
|                 "address": null,
|                 "desc": null,
|                 "gender": null
|             },
|             "desc": "21q313132"
|         },
|         {
|             "id": 2,
|             "add_time": "2019-12-13T18:59:40",
|             "test_name": "无1",
|             "assertion": "12313",
|             "db": {
|                 "id": 2,
|                 "add_time": "2019-12-13T19:18:24.483221",
|                 "name": "3131",
|                 "creator": null,
|                 "db_type": "313",
|                 "db_user": "31",
|                 "db_password": "31",
|                 "db_host": "31",
|                 "db_port": 31,
|                 "desc": null
|             },
|             "check_db": "123",
|             "creator": {
|                 "id": 1,
|                 "add_time": "2019-12-13T19:18:24.483221",
|                 "account": null,
|                 "password": null,
|                 "nick_name": null,
|                 "head_url": null,
|                 "address": null,
|                 "desc": null,
|                 "gender": null
|             },
|             "desc": "21q313132"
|         },
|         {
|             "id": 1,
|             "add_time": "2019-12-13T18:29:16",
|             "test_name": "无嘻嘻嘻休息休息敌322222222222221",
|             "assertion": "12313",
|             "db": {
|                 "id": 2,
|                 "add_time": "2019-12-13T19:18:24.487208",
|                 "name": "3131",
|                 "creator": null,
|                 "db_type": "313",
|                 "db_user": "31",
|                 "db_password": "31",
|                 "db_host": "31",
|                 "db_port": 31,
|                 "desc": null
|             },
|             "check_db": "123",
|             "creator": {
|                 "id": 1,
|                 "add_time": "2019-12-13T19:18:24.487208",
|                 "account": null,
|                 "password": null,
|                 "nick_name": null,
|                 "head_url": null,
|                 "address": null,
|                 "desc": null,
|                 "gender": null
|             },
|             "desc": "21q313132"
|         }
|     ]
| }
