[2019-11-29 18:36:02] [INFO] [MainThread] [handlers.py:63] Request Infomations:
+-----Headers-----+
| Connection      | close           
| Host            | 127.0.0.1:50545 
| Content-Length  | 51              
| Content-Type    | application/x-www-form-urlencoded 
| Accept-Encoding | gzip            
+----Arguments----+
| 'account'       | '123456@163.com' 
| 'password'      | '123456'        

[2019-11-29 18:36:03] [INFO] [MainThread] [handlers.py:44] Response Infomations:
+-----Headers-----+
| Content-Type    | application/json 

Body:
| {
|     "code": 1,
|     "msg": "登陆成功",
|     "data": {
|         "id": 1,
|         "nick_name": "123456@163.com",
|         "token": "eyJ0eXAiOiJKV1QiLCJhbGciOiJIUzI1NiJ9.eyJpZCI6MSwibmlja19uYW1lIjpudWxsLCJleHAiOjE1NzUwMjM3NjN9.8V321AehLqGU7-n_NFSQmH13sCrHAgiFxix-tjb7064"
|     }
| }
[2019-11-29 18:36:03] [INFO] [MainThread] [handlers.py:63] Request Infomations:
+-----Headers-----+
| Connection      | close           
| Host            | 127.0.0.1:50550 
| Content-Length  | 29              
| Content-Type    | application/x-www-form-urlencoded 
| Accept-Encoding | gzip            
+----Arguments----+
| 'account'       | '175048@163.com' 

[2019-11-29 18:36:03] [INFO] [MainThread] [handlers.py:44] Response Infomations:
+-----Headers-----+
| Content-Type    | application/json 

Body:
| {
|     "code": 1,
|     "msg": "验证码已发送，请注意接收",
|     "data": {
|         "account": "175048@163.com",
|         "VerCode": "3634"
|     }
| }
