[2019-12-20 17:12:57] [INFO] [MainThread] [handlers.py:63] Request Infomations:
+-----Headers-----+
| Authorization   | eyJ0eXAiOiJKV1QiLCJhbGciOiJIUzI1NiJ9.eyJpZCI6MSwibmlja19uYW1lIjpudWxsLCJleHAiOjE1NzY4MzI4MTV9.sQQNRJBoSPADTJuoFhLd7fMD0Jg2yjuDpjZ8v38nVQA 
| Content-Type    | application/json 
| User-Agent      | PostmanRuntime/7.20.1 
| Accept          | */*             
| Cache-Control   | no-cache        
| Postman-Token   | b61fcbca-98a0-4301-91f3-0b304b34fbac 
| Host            | 127.0.0.1:8084  
| Accept-Encoding | gzip, deflate   
| Content-Length  | 80              
| Connection      | keep-alive      
+----Arguments----+
| 'name'          | '测试'            
| 'params_type'   | 1               
| 'params'        | '1312222222222222222222222' 

[2019-12-20 17:12:57] [INFO] [MainThread] [handlers.py:44] Response Infomations:
+-----Headers-----+
| Content-Type    | application/json 

Body:
| {
|     "code": 1,
|     "msg": "公共参数创建成功!",
|     "data": {
|         "paramsId": 1
|     }
| }
[2019-12-20 17:13:01] [INFO] [MainThread] [handlers.py:63] Request Infomations:
+-----Headers-----+
| Authorization   | eyJ0eXAiOiJKV1QiLCJhbGciOiJIUzI1NiJ9.eyJpZCI6MSwibmlja19uYW1lIjpudWxsLCJleHAiOjE1NzY4MzI4MTV9.sQQNRJBoSPADTJuoFhLd7fMD0Jg2yjuDpjZ8v38nVQA 
| Content-Type    | application/json 
| User-Agent      | PostmanRuntime/7.20.1 
| Accept          | */*             
| Cache-Control   | no-cache        
| Postman-Token   | 0929b4a2-8e60-42e5-9085-3295d4022efd 
| Host            | 127.0.0.1:8084  
| Accept-Encoding | gzip, deflate   
| Content-Length  | 80              
| Connection      | keep-alive      
+----Arguments----+
| 'name'          | '测试'            
| 'params_type'   | 1               
| 'params'        | '1312222222222222222222222' 

[2019-12-20 17:13:01] [INFO] [MainThread] [handlers.py:44] Response Infomations:
+-----Headers-----+
| Content-Type    | application/json 

Body:
| {
|     "code": 1,
|     "msg": "公共参数数据查询成功!",
|     "data": [
|         {
|             "id": 1,
|             "add_time": "2019-12-20T17:12:57",
|             "name": "测试",
|             "params_type": 1,
|             "params": "1312222222222222222222222",
|             "creator": {
|                 "id": 1,
|                 "add_time": "2019-12-20T17:13:01.570905",
|                 "account": null,
|                 "password": null,
|                 "nick_name": null,
|                 "head_url": null,
|                 "address": null,
|                 "desc": null,
|                 "gender": null
|             }
|         }
|     ]
| }
[2019-12-20 17:13:06] [INFO] [MainThread] [handlers.py:63] Request Infomations:
+-----Headers-----+
| Authorization   | eyJ0eXAiOiJKV1QiLCJhbGciOiJIUzI1NiJ9.eyJpZCI6MSwibmlja19uYW1lIjpudWxsLCJleHAiOjE1NzY4MzI4MTV9.sQQNRJBoSPADTJuoFhLd7fMD0Jg2yjuDpjZ8v38nVQA 
| Content-Type    | application/json 
| User-Agent      | PostmanRuntime/7.20.1 
| Accept          | */*             
| Cache-Control   | no-cache        
| Postman-Token   | 3651fedf-ab81-41c9-a034-e8d90a7a2ba5 
| Host            | 127.0.0.1:8084  
| Accept-Encoding | gzip, deflate   
| Content-Length  | 80              
| Connection      | keep-alive      
+----Arguments----+
| 'name'          | '测试'            
| 'params_type'   | 1               
| 'params'        | '1312222222222222222222222' 

[2019-12-20 17:13:06] [INFO] [MainThread] [handlers.py:44] Response Infomations:
+-----Headers-----+
| Content-Type    | text/plain      

Body:
| Traceback (most recent call last):
| 
[2019-12-20 17:13:17] [INFO] [MainThread] [handlers.py:63] Request Infomations:
+-----Headers-----+
| Authorization   | eyJ0eXAiOiJKV1QiLCJhbGciOiJIUzI1NiJ9.eyJpZCI6MSwibmlja19uYW1lIjpudWxsLCJleHAiOjE1NzY4MzI4MTV9.sQQNRJBoSPADTJuoFhLd7fMD0Jg2yjuDpjZ8v38nVQA 
| Content-Type    | application/json 
| User-Agent      | PostmanRuntime/7.20.1 
| Accept          | */*             
| Cache-Control   | no-cache        
| Postman-Token   | a0ad9de0-e217-4ed6-9afa-4041b8e8ecc5 
| Host            | 127.0.0.1:8084  
| Accept-Encoding | gzip, deflate   
| Content-Length  | 80              
| Connection      | keep-alive      
+----Arguments----+
| 'name'          | '测试'            
| 'params_type'   | 1               
| 'params'        | '1312222222222222222222222' 

[2019-12-20 17:13:17] [INFO] [MainThread] [handlers.py:44] Response Infomations:
+-----Headers-----+
| Content-Type    | application/json 

Body:
| {
|     "code": 1,
|     "msg": "公共参数更新成功!",
|     "data": {
|         "id": "1"
|     }
| }
[2019-12-20 17:13:22] [INFO] [MainThread] [handlers.py:63] Request Infomations:
+-----Headers-----+
| Authorization   | eyJ0eXAiOiJKV1QiLCJhbGciOiJIUzI1NiJ9.eyJpZCI6MSwibmlja19uYW1lIjpudWxsLCJleHAiOjE1NzY4MzI4MTV9.sQQNRJBoSPADTJuoFhLd7fMD0Jg2yjuDpjZ8v38nVQA 
| Content-Type    | application/json 
| User-Agent      | PostmanRuntime/7.20.1 
| Accept          | */*             
| Cache-Control   | no-cache        
| Postman-Token   | bb4354c4-0c4e-4294-93a5-b6a2ae878197 
| Host            | 127.0.0.1:8084  
| Accept-Encoding | gzip, deflate   
| Content-Length  | 80              
| Connection      | keep-alive      
+----Arguments----+
| 'name'          | '测试'            
| 'params_type'   | 1               
| 'params'        | '1312222222222222222222222' 

[2019-12-20 17:13:22] [INFO] [MainThread] [handlers.py:44] Response Infomations:
+-----Headers-----+
| Content-Type    | application/json 

Body:
| {
|     "code": 1,
|     "msg": "公共参数删除成功!",
|     "data": {
|         "id": "1"
|     }
| }
[2019-12-20 17:16:10] [INFO] [MainThread] [handlers.py:63] Request Infomations:
+-----Headers-----+
| Host            | 127.0.0.1:8084  
| Connection      | keep-alive      
| Accept          | application/json, text/plain, */* 
| Origin          | http://localhost:8080 
| Authorization   | eyJ0eXAiOiJKV1QiLCJhbGciOiJIUzI1NiJ9.eyJpZCI6MSwibmlja19uYW1lIjpudWxsLCJleHAiOjE1NzY4MzI4MTV9.sQQNRJBoSPADTJuoFhLd7fMD0Jg2yjuDpjZ8v38nVQA 
| User-Agent      | Mozilla/5.0 (Windows NT 10.0; WOW64) AppleWebKit/537.36 (KHTML, like Gecko) Chrome/78.0.3904.87 Safari/537.36 
| Sec-Fetch-Site  | cross-site      
| Sec-Fetch-Mode  | cors            
| Referer         | http://localhost:8080/projectManage 
| Accept-Encoding | gzip, deflate, br 
| Accept-Language | zh-CN,zh;q=0.9  
| If-None-Match   | "08d5e2d277153fdfe414ed629ba8e130324fbebc" 
+----Arguments----+
| 'currentPage'   | [b'1']          

[2019-12-20 17:16:10] [INFO] [MainThread] [handlers.py:44] Response Infomations:
+-----Headers-----+
| Content-Type    | application/json 

Body:
| {
|     "code": 1,
|     "msg": "项目数据查询成功!",
|     "data": [
|         {
|             "id": 8,
|             "add_time": "2019-12-05T15:58:02",
|             "name": "嘻嘻嘻嘻嘻嘻嘻嘻",
|             "env": {
|                 "id": 12,
|                 "add_time": "2019-12-20T17:16:10.667036",
|                 "name": "3是是是",
|                 "creator": null,
|                 "host_address": "大萨达撒所多",
|                 "desc": null
|             },
|             "creator": {
|                 "id": 1,
|                 "add_time": "2019-12-20T17:16:10.667036",
|                 "account": null,
|                 "password": null,
|                 "nick_name": null,
|                 "head_url": null,
|                 "address": null,
|                 "desc": null,
|                 "gender": null
|             },
|             "desc": "213"
|         },
|         {
|             "id": 7,
|             "add_time": "2019-12-05T15:57:43",
|             "name": "12312",
|             "env": {
|                 "id": 8,
|                 "add_time": "2019-12-20T17:16:10.668006",
|                 "name": "谢谢谢谢",
|                 "creator": null,
|                 "host_address": "https://testapp.atzuche.com:7065",
|                 "desc": null
|             },
|             "creator": {
|                 "id": 1,
|                 "add_time": "2019-12-20T17:16:10.668006",
|                 "account": null,
|                 "password": null,
|                 "nick_name": null,
|                 "head_url": null,
|                 "address": null,
|                 "desc": null,
|                 "gender": null
|             },
|             "desc": "32131"
|         },
|         {
|             "id": 6,
|             "add_time": "2019-12-02T21:50:07",
|             "name": "生产",
|             "env": {
|                 "id": 13,
|                 "add_time": "2019-12-20T17:16:10.668006",
|                 "name": "潇洒些洒下",
|                 "creator": null,
|                 "host_address": "大师兄阿达萨达",
|                 "desc": null
|             },
|             "creator": {
|                 "id": 1,
|                 "add_time": "2019-12-20T17:16:10.668006",
|                 "account": null,
|                 "password": null,
|                 "nick_name": null,
|                 "head_url": null,
|                 "address": null,
|                 "desc": null,
|                 "gender": null
|             },
|             "desc": "12313"
|         },
|         {
|             "id": 5,
|             "add_time": "2019-11-27T16:41:03",
|             "name": "踩踩踩踩踩",
|             "env": {
|                 "id": 8,
|                 "add_time": "2019-12-20T17:16:10.668006",
|                 "name": "谢谢谢谢",
|                 "creator": null,
|                 "host_address": "https://testapp.atzuche.com:7065",
|                 "desc": null
|             },
|             "creator": {
|                 "id": 1,
|                 "add_time": "2019-12-20T17:16:10.668006",
|                 "account": null,
|                 "password": null,
|                 "nick_name": null,
|                 "head_url": null,
|                 "address": null,
|                 "desc": null,
|                 "gender": null
|             },
|             "desc": "23213"
|         },
|         {
|             "id": 4,
|             "add_time": "2019-11-27T16:18:15",
|             "name": "测试",
|             "env": {
|                 "id": 7,
|                 "add_time": "2019-12-20T17:16:10.668006",
|                 "name": "测试",
|                 "creator": null,
|                 "host_address": "http://127.0.0.1:8084",
|                 "desc": null
|             },
|             "creator": {
|                 "id": 1,
|                 "add_time": "2019-12-20T17:16:10.668006",
|                 "account": null,
|                 "password": null,
|                 "nick_name": null,
|                 "head_url": null,
|                 "address": null,
|                 "desc": null,
|                 "gender": null
|             },
|             "desc": "1其"
|         },
|         {
|             "id": 3,
|             "add_time": "2019-11-27T16:06:23",
|             "name": "嘻嘻嘻",
|             "env": {
|                 "id": 6,
|                 "add_time": "2019-12-20T17:16:10.668006",
|                 "name": "休息休息",
|                 "creator": null,
|                 "host_address": "xxxx",
|                 "desc": null
|             },
|             "creator": {
|                 "id": 1,
|                 "add_time": "2019-12-20T17:16:10.668006",
|                 "account": null,
|                 "password": null,
|                 "nick_name": null,
|                 "head_url": null,
|                 "address": null,
|                 "desc": null,
|                 "gender": null
|             },
|             "desc": "嘻嘻嘻"
|         },
|         {
|             "id": 2,
|             "add_time": "2019-11-27T15:50:44",
|             "name": "e31231",
|             "env": {
|                 "id": 4,
|                 "add_time": "2019-12-20T17:16:10.669004",
|                 "name": "made打打",
|                 "creator": null,
|                 "host_address": "eqeq",
|                 "desc": null
|             },
|             "creator": {
|                 "id": 1,
|                 "add_time": "2019-12-20T17:16:10.669004",
|                 "account": null,
|                 "password": null,
|                 "nick_name": null,
|                 "head_url": null,
|                 "address": null,
|                 "desc": null,
|                 "gender": null
|             },
|             "desc": "3131"
|         },
|         {
|             "id": 1,
|             "add_time": "2019-11-27T15:44:52",
|             "name": "3131",
|             "env": {
|                 "id": 5,
|                 "add_time": "2019-12-20T17:16:10.669004",
|                 "name": "远远",
|                 "creator": null,
|                 "host_address": "31",
|                 "desc": null
|             },
|             "creator": {
|                 "id": 1,
|                 "add_time": "2019-12-20T17:16:10.669004",
|                 "account": null,
|                 "password": null,
|                 "nick_name": null,
|                 "head_url": null,
|                 "address": null,
|                 "desc": null,
|                 "gender": null
|             },
|             "desc": "1231"
|         }
|     ]
| }
[2019-12-20 17:16:10] [INFO] [MainThread] [handlers.py:63] Request Infomations:
+-----Headers-----+
| Host            | 127.0.0.1:8084  
| Connection      | keep-alive      
| Accept          | application/json, text/plain, */* 
| Origin          | http://localhost:8080 
| Authorization   | eyJ0eXAiOiJKV1QiLCJhbGciOiJIUzI1NiJ9.eyJpZCI6MSwibmlja19uYW1lIjpudWxsLCJleHAiOjE1NzY4MzI4MTV9.sQQNRJBoSPADTJuoFhLd7fMD0Jg2yjuDpjZ8v38nVQA 
| User-Agent      | Mozilla/5.0 (Windows NT 10.0; WOW64) AppleWebKit/537.36 (KHTML, like Gecko) Chrome/78.0.3904.87 Safari/537.36 
| Sec-Fetch-Site  | cross-site      
| Sec-Fetch-Mode  | cors            
| Referer         | http://localhost:8080/projectManage 
| Accept-Encoding | gzip, deflate, br 
| Accept-Language | zh-CN,zh;q=0.9  
| If-None-Match   | "9b701521278113fb1b27ccb0c5906874c1abd012" 
+----Arguments----+
| 'currentPage'   | [b'1']          

[2019-12-20 17:16:10] [INFO] [MainThread] [handlers.py:44] Response Infomations:
+-----Headers-----+
| Content-Type    | application/json 

Body:
| {
|     "code": 1,
|     "msg": "项目数据查询成功!",
|     "data": [
|         {
|             "id": 8,
|             "add_time": "2019-12-05T15:58:02",
|             "name": "嘻嘻嘻嘻嘻嘻嘻嘻",
|             "env": {
|                 "id": 12,
|                 "add_time": "2019-12-20T17:16:10.704908",
|                 "name": "3是是是",
|                 "creator": null,
|                 "host_address": "大萨达撒所多",
|                 "desc": null
|             },
|             "creator": {
|                 "id": 1,
|                 "add_time": "2019-12-20T17:16:10.704908",
|                 "account": null,
|                 "password": null,
|                 "nick_name": null,
|                 "head_url": null,
|                 "address": null,
|                 "desc": null,
|                 "gender": null
|             },
|             "desc": "213"
|         },
|         {
|             "id": 7,
|             "add_time": "2019-12-05T15:57:43",
|             "name": "12312",
|             "env": {
|                 "id": 8,
|                 "add_time": "2019-12-20T17:16:10.704908",
|                 "name": "谢谢谢谢",
|                 "creator": null,
|                 "host_address": "https://testapp.atzuche.com:7065",
|                 "desc": null
|             },
|             "creator": {
|                 "id": 1,
|                 "add_time": "2019-12-20T17:16:10.704908",
|                 "account": null,
|                 "password": null,
|                 "nick_name": null,
|                 "head_url": null,
|                 "address": null,
|                 "desc": null,
|                 "gender": null
|             },
|             "desc": "32131"
|         },
|         {
|             "id": 6,
|             "add_time": "2019-12-02T21:50:07",
|             "name": "生产",
|             "env": {
|                 "id": 13,
|                 "add_time": "2019-12-20T17:16:10.705906",
|                 "name": "潇洒些洒下",
|                 "creator": null,
|                 "host_address": "大师兄阿达萨达",
|                 "desc": null
|             },
|             "creator": {
|                 "id": 1,
|                 "add_time": "2019-12-20T17:16:10.705906",
|                 "account": null,
|                 "password": null,
|                 "nick_name": null,
|                 "head_url": null,
|                 "address": null,
|                 "desc": null,
|                 "gender": null
|             },
|             "desc": "12313"
|         },
|         {
|             "id": 5,
|             "add_time": "2019-11-27T16:41:03",
|             "name": "踩踩踩踩踩",
|             "env": {
|                 "id": 8,
|                 "add_time": "2019-12-20T17:16:10.705906",
|                 "name": "谢谢谢谢",
|                 "creator": null,
|                 "host_address": "https://testapp.atzuche.com:7065",
|                 "desc": null
|             },
|             "creator": {
|                 "id": 1,
|                 "add_time": "2019-12-20T17:16:10.705906",
|                 "account": null,
|                 "password": null,
|                 "nick_name": null,
|                 "head_url": null,
|                 "address": null,
|                 "desc": null,
|                 "gender": null
|             },
|             "desc": "23213"
|         },
|         {
|             "id": 4,
|             "add_time": "2019-11-27T16:18:15",
|             "name": "测试",
|             "env": {
|                 "id": 7,
|                 "add_time": "2019-12-20T17:16:10.705906",
|                 "name": "测试",
|                 "creator": null,
|                 "host_address": "http://127.0.0.1:8084",
|                 "desc": null
|             },
|             "creator": {
|                 "id": 1,
|                 "add_time": "2019-12-20T17:16:10.705906",
|                 "account": null,
|                 "password": null,
|                 "nick_name": null,
|                 "head_url": null,
|                 "address": null,
|                 "desc": null,
|                 "gender": null
|             },
|             "desc": "1其"
|         },
|         {
|             "id": 3,
|             "add_time": "2019-11-27T16:06:23",
|             "name": "嘻嘻嘻",
|             "env": {
|                 "id": 6,
|                 "add_time": "2019-12-20T17:16:10.706902",
|                 "name": "休息休息",
|                 "creator": null,
|                 "host_address": "xxxx",
|                 "desc": null
|             },
|             "creator": {
|                 "id": 1,
|                 "add_time": "2019-12-20T17:16:10.706902",
|                 "account": null,
|                 "password": null,
|                 "nick_name": null,
|                 "head_url": null,
|                 "address": null,
|                 "desc": null,
|                 "gender": null
|             },
|             "desc": "嘻嘻嘻"
|         },
|         {
|             "id": 2,
|             "add_time": "2019-11-27T15:50:44",
|             "name": "e31231",
|             "env": {
|                 "id": 4,
|                 "add_time": "2019-12-20T17:16:10.706902",
|                 "name": "made打打",
|                 "creator": null,
|                 "host_address": "eqeq",
|                 "desc": null
|             },
|             "creator": {
|                 "id": 1,
|                 "add_time": "2019-12-20T17:16:10.706902",
|                 "account": null,
|                 "password": null,
|                 "nick_name": null,
|                 "head_url": null,
|                 "address": null,
|                 "desc": null,
|                 "gender": null
|             },
|             "desc": "3131"
|         },
|         {
|             "id": 1,
|             "add_time": "2019-11-27T15:44:52",
|             "name": "3131",
|             "env": {
|                 "id": 5,
|                 "add_time": "2019-12-20T17:16:10.706902",
|                 "name": "远远",
|                 "creator": null,
|                 "host_address": "31",
|                 "desc": null
|             },
|             "creator": {
|                 "id": 1,
|                 "add_time": "2019-12-20T17:16:10.706902",
|                 "account": null,
|                 "password": null,
|                 "nick_name": null,
|                 "head_url": null,
|                 "address": null,
|                 "desc": null,
|                 "gender": null
|             },
|             "desc": "1231"
|         }
|     ]
| }
[2019-12-20 17:16:21] [INFO] [MainThread] [handlers.py:63] Request Infomations:
+-----Headers-----+
| Host            | 127.0.0.1:8084  
| Connection      | keep-alive      
| Accept          | application/json, text/plain, */* 
| Origin          | http://localhost:8080 
| Authorization   | eyJ0eXAiOiJKV1QiLCJhbGciOiJIUzI1NiJ9.eyJpZCI6MSwibmlja19uYW1lIjpudWxsLCJleHAiOjE1NzY4MzI4MTV9.sQQNRJBoSPADTJuoFhLd7fMD0Jg2yjuDpjZ8v38nVQA 
| User-Agent      | Mozilla/5.0 (Windows NT 10.0; WOW64) AppleWebKit/537.36 (KHTML, like Gecko) Chrome/78.0.3904.87 Safari/537.36 
| Sec-Fetch-Site  | cross-site      
| Sec-Fetch-Mode  | cors            
| Referer         | http://localhost:8080/projectManage 
| Accept-Encoding | gzip, deflate, br 
| Accept-Language | zh-CN,zh;q=0.9  
| If-None-Match   | "fa3b0c2b716b7eecb58b069c2bef5c14dedd275b" 
+----Arguments----+
| 'currentPage'   | [b'1']          

[2019-12-20 17:16:21] [INFO] [MainThread] [handlers.py:44] Response Infomations:
+-----Headers-----+
| Content-Type    | application/json 

Body:
| {
|     "code": 1,
|     "msg": "项目数据查询成功!",
|     "data": [
|         {
|             "id": 8,
|             "add_time": "2019-12-05T15:58:02",
|             "name": "嘻嘻嘻嘻嘻嘻嘻嘻",
|             "env": {
|                 "id": 12,
|                 "add_time": "2019-12-20T17:16:21.502071",
|                 "name": "3是是是",
|                 "creator": null,
|                 "host_address": "大萨达撒所多",
|                 "desc": null
|             },
|             "creator": {
|                 "id": 1,
|                 "add_time": "2019-12-20T17:16:21.502071",
|                 "account": null,
|                 "password": null,
|                 "nick_name": null,
|                 "head_url": null,
|                 "address": null,
|                 "desc": null,
|                 "gender": null
|             },
|             "desc": "213"
|         },
|         {
|             "id": 7,
|             "add_time": "2019-12-05T15:57:43",
|             "name": "12312",
|             "env": {
|                 "id": 8,
|                 "add_time": "2019-12-20T17:16:21.503049",
|                 "name": "谢谢谢谢",
|                 "creator": null,
|                 "host_address": "https://testapp.atzuche.com:7065",
|                 "desc": null
|             },
|             "creator": {
|                 "id": 1,
|                 "add_time": "2019-12-20T17:16:21.503049",
|                 "account": null,
|                 "password": null,
|                 "nick_name": null,
|                 "head_url": null,
|                 "address": null,
|                 "desc": null,
|                 "gender": null
|             },
|             "desc": "32131"
|         },
|         {
|             "id": 6,
|             "add_time": "2019-12-02T21:50:07",
|             "name": "生产",
|             "env": {
|                 "id": 13,
|                 "add_time": "2019-12-20T17:16:21.503049",
|                 "name": "潇洒些洒下",
|                 "creator": null,
|                 "host_address": "大师兄阿达萨达",
|                 "desc": null
|             },
|             "creator": {
|                 "id": 1,
|                 "add_time": "2019-12-20T17:16:21.503049",
|                 "account": null,
|                 "password": null,
|                 "nick_name": null,
|                 "head_url": null,
|                 "address": null,
|                 "desc": null,
|                 "gender": null
|             },
|             "desc": "12313"
|         },
|         {
|             "id": 5,
|             "add_time": "2019-11-27T16:41:03",
|             "name": "踩踩踩踩踩",
|             "env": {
|                 "id": 8,
|                 "add_time": "2019-12-20T17:16:21.504046",
|                 "name": "谢谢谢谢",
|                 "creator": null,
|                 "host_address": "https://testapp.atzuche.com:7065",
|                 "desc": null
|             },
|             "creator": {
|                 "id": 1,
|                 "add_time": "2019-12-20T17:16:21.504046",
|                 "account": null,
|                 "password": null,
|                 "nick_name": null,
|                 "head_url": null,
|                 "address": null,
|                 "desc": null,
|                 "gender": null
|             },
|             "desc": "23213"
|         },
|         {
|             "id": 4,
|             "add_time": "2019-11-27T16:18:15",
|             "name": "测试",
|             "env": {
|                 "id": 7,
|                 "add_time": "2019-12-20T17:16:21.504046",
|                 "name": "测试",
|                 "creator": null,
|                 "host_address": "http://127.0.0.1:8084",
|                 "desc": null
|             },
|             "creator": {
|                 "id": 1,
|                 "add_time": "2019-12-20T17:16:21.504046",
|                 "account": null,
|                 "password": null,
|                 "nick_name": null,
|                 "head_url": null,
|                 "address": null,
|                 "desc": null,
|                 "gender": null
|             },
|             "desc": "1其"
|         },
|         {
|             "id": 3,
|             "add_time": "2019-11-27T16:06:23",
|             "name": "嘻嘻嘻",
|             "env": {
|                 "id": 6,
|                 "add_time": "2019-12-20T17:16:21.505044",
|                 "name": "休息休息",
|                 "creator": null,
|                 "host_address": "xxxx",
|                 "desc": null
|             },
|             "creator": {
|                 "id": 1,
|                 "add_time": "2019-12-20T17:16:21.505044",
|                 "account": null,
|                 "password": null,
|                 "nick_name": null,
|                 "head_url": null,
|                 "address": null,
|                 "desc": null,
|                 "gender": null
|             },
|             "desc": "嘻嘻嘻"
|         },
|         {
|             "id": 2,
|             "add_time": "2019-11-27T15:50:44",
|             "name": "e31231",
|             "env": {
|                 "id": 4,
|                 "add_time": "2019-12-20T17:16:21.505044",
|                 "name": "made打打",
|                 "creator": null,
|                 "host_address": "eqeq",
|                 "desc": null
|             },
|             "creator": {
|                 "id": 1,
|                 "add_time": "2019-12-20T17:16:21.505044",
|                 "account": null,
|                 "password": null,
|                 "nick_name": null,
|                 "head_url": null,
|                 "address": null,
|                 "desc": null,
|                 "gender": null
|             },
|             "desc": "3131"
|         },
|         {
|             "id": 1,
|             "add_time": "2019-11-27T15:44:52",
|             "name": "3131",
|             "env": {
|                 "id": 5,
|                 "add_time": "2019-12-20T17:16:21.506074",
|                 "name": "远远",
|                 "creator": null,
|                 "host_address": "31",
|                 "desc": null
|             },
|             "creator": {
|                 "id": 1,
|                 "add_time": "2019-12-20T17:16:21.506074",
|                 "account": null,
|                 "password": null,
|                 "nick_name": null,
|                 "head_url": null,
|                 "address": null,
|                 "desc": null,
|                 "gender": null
|             },
|             "desc": "1231"
|         }
|     ]
| }
[2019-12-20 17:16:21] [INFO] [MainThread] [handlers.py:63] Request Infomations:
+-----Headers-----+
| Host            | 127.0.0.1:8084  
| Connection      | keep-alive      
| Accept          | application/json, text/plain, */* 
| Origin          | http://localhost:8080 
| Authorization   | eyJ0eXAiOiJKV1QiLCJhbGciOiJIUzI1NiJ9.eyJpZCI6MSwibmlja19uYW1lIjpudWxsLCJleHAiOjE1NzY4MzI4MTV9.sQQNRJBoSPADTJuoFhLd7fMD0Jg2yjuDpjZ8v38nVQA 
| User-Agent      | Mozilla/5.0 (Windows NT 10.0; WOW64) AppleWebKit/537.36 (KHTML, like Gecko) Chrome/78.0.3904.87 Safari/537.36 
| Sec-Fetch-Site  | cross-site      
| Sec-Fetch-Mode  | cors            
| Referer         | http://localhost:8080/projectManage 
| Accept-Encoding | gzip, deflate, br 
| Accept-Language | zh-CN,zh;q=0.9  
| If-None-Match   | "aaa5cacc7c7f6556bf150ac8f6327954c093271e" 
+----Arguments----+
| 'currentPage'   | [b'1']          

[2019-12-20 17:16:21] [INFO] [MainThread] [handlers.py:44] Response Infomations:
+-----Headers-----+
| Content-Type    | application/json 

Body:
| {
|     "code": 1,
|     "msg": "项目数据查询成功!",
|     "data": [
|         {
|             "id": 8,
|             "add_time": "2019-12-05T15:58:02",
|             "name": "嘻嘻嘻嘻嘻嘻嘻嘻",
|             "env": {
|                 "id": 12,
|                 "add_time": "2019-12-20T17:16:21.540984",
|                 "name": "3是是是",
|                 "creator": null,
|                 "host_address": "大萨达撒所多",
|                 "desc": null
|             },
|             "creator": {
|                 "id": 1,
|                 "add_time": "2019-12-20T17:16:21.540984",
|                 "account": null,
|                 "password": null,
|                 "nick_name": null,
|                 "head_url": null,
|                 "address": null,
|                 "desc": null,
|                 "gender": null
|             },
|             "desc": "213"
|         },
|         {
|             "id": 7,
|             "add_time": "2019-12-05T15:57:43",
|             "name": "12312",
|             "env": {
|                 "id": 8,
|                 "add_time": "2019-12-20T17:16:21.540984",
|                 "name": "谢谢谢谢",
|                 "creator": null,
|                 "host_address": "https://testapp.atzuche.com:7065",
|                 "desc": null
|             },
|             "creator": {
|                 "id": 1,
|                 "add_time": "2019-12-20T17:16:21.540984",
|                 "account": null,
|                 "password": null,
|                 "nick_name": null,
|                 "head_url": null,
|                 "address": null,
|                 "desc": null,
|                 "gender": null
|             },
|             "desc": "32131"
|         },
|         {
|             "id": 6,
|             "add_time": "2019-12-02T21:50:07",
|             "name": "生产",
|             "env": {
|                 "id": 13,
|                 "add_time": "2019-12-20T17:16:21.540984",
|                 "name": "潇洒些洒下",
|                 "creator": null,
|                 "host_address": "大师兄阿达萨达",
|                 "desc": null
|             },
|             "creator": {
|                 "id": 1,
|                 "add_time": "2019-12-20T17:16:21.540984",
|                 "account": null,
|                 "password": null,
|                 "nick_name": null,
|                 "head_url": null,
|                 "address": null,
|                 "desc": null,
|                 "gender": null
|             },
|             "desc": "12313"
|         },
|         {
|             "id": 5,
|             "add_time": "2019-11-27T16:41:03",
|             "name": "踩踩踩踩踩",
|             "env": {
|                 "id": 8,
|                 "add_time": "2019-12-20T17:16:21.540984",
|                 "name": "谢谢谢谢",
|                 "creator": null,
|                 "host_address": "https://testapp.atzuche.com:7065",
|                 "desc": null
|             },
|             "creator": {
|                 "id": 1,
|                 "add_time": "2019-12-20T17:16:21.540984",
|                 "account": null,
|                 "password": null,
|                 "nick_name": null,
|                 "head_url": null,
|                 "address": null,
|                 "desc": null,
|                 "gender": null
|             },
|             "desc": "23213"
|         },
|         {
|             "id": 4,
|             "add_time": "2019-11-27T16:18:15",
|             "name": "测试",
|             "env": {
|                 "id": 7,
|                 "add_time": "2019-12-20T17:16:21.540984",
|                 "name": "测试",
|                 "creator": null,
|                 "host_address": "http://127.0.0.1:8084",
|                 "desc": null
|             },
|             "creator": {
|                 "id": 1,
|                 "add_time": "2019-12-20T17:16:21.540984",
|                 "account": null,
|                 "password": null,
|                 "nick_name": null,
|                 "head_url": null,
|                 "address": null,
|                 "desc": null,
|                 "gender": null
|             },
|             "desc": "1其"
|         },
|         {
|             "id": 3,
|             "add_time": "2019-11-27T16:06:23",
|             "name": "嘻嘻嘻",
|             "env": {
|                 "id": 6,
|                 "add_time": "2019-12-20T17:16:21.541985",
|                 "name": "休息休息",
|                 "creator": null,
|                 "host_address": "xxxx",
|                 "desc": null
|             },
|             "creator": {
|                 "id": 1,
|                 "add_time": "2019-12-20T17:16:21.541985",
|                 "account": null,
|                 "password": null,
|                 "nick_name": null,
|                 "head_url": null,
|                 "address": null,
|                 "desc": null,
|                 "gender": null
|             },
|             "desc": "嘻嘻嘻"
|         },
|         {
|             "id": 2,
|             "add_time": "2019-11-27T15:50:44",
|             "name": "e31231",
|             "env": {
|                 "id": 4,
|                 "add_time": "2019-12-20T17:16:21.541985",
|                 "name": "made打打",
|                 "creator": null,
|                 "host_address": "eqeq",
|                 "desc": null
|             },
|             "creator": {
|                 "id": 1,
|                 "add_time": "2019-12-20T17:16:21.541985",
|                 "account": null,
|                 "password": null,
|                 "nick_name": null,
|                 "head_url": null,
|                 "address": null,
|                 "desc": null,
|                 "gender": null
|             },
|             "desc": "3131"
|         },
|         {
|             "id": 1,
|             "add_time": "2019-11-27T15:44:52",
|             "name": "3131",
|             "env": {
|                 "id": 5,
|                 "add_time": "2019-12-20T17:16:21.541985",
|                 "name": "远远",
|                 "creator": null,
|                 "host_address": "31",
|                 "desc": null
|             },
|             "creator": {
|                 "id": 1,
|                 "add_time": "2019-12-20T17:16:21.541985",
|                 "account": null,
|                 "password": null,
|                 "nick_name": null,
|                 "head_url": null,
|                 "address": null,
|                 "desc": null,
|                 "gender": null
|             },
|             "desc": "1231"
|         }
|     ]
| }
[2019-12-20 17:16:23] [INFO] [MainThread] [handlers.py:63] Request Infomations:
+-----Headers-----+
| Host            | 127.0.0.1:8084  
| Connection      | keep-alive      
| Access-Control-Request-Method | GET             
| Origin          | http://localhost:8080 
| User-Agent      | Mozilla/5.0 (Windows NT 10.0; WOW64) AppleWebKit/537.36 (KHTML, like Gecko) Chrome/78.0.3904.87 Safari/537.36 
| Access-Control-Request-Headers | authorization   
| Accept          | */*             
| Sec-Fetch-Site  | cross-site      
| Sec-Fetch-Mode  | cors            
| Referer         | http://localhost:8080/testCaseManage 
| Accept-Encoding | gzip, deflate, br 
| Accept-Language | zh-CN,zh;q=0.9  
+----Arguments----+
| 'currentPage'   | [b'1']          

[2019-12-20 17:16:23] [INFO] [MainThread] [handlers.py:44] Response Infomations:
+-----Headers-----+
| Content-Type    | application/json 

Body:
| TestCasesHandler object has list index out of range
[2019-12-20 17:16:23] [INFO] [MainThread] [handlers.py:63] Request Infomations:
+-----Headers-----+
| Host            | 127.0.0.1:8084  
| Connection      | keep-alive      
| Access-Control-Request-Method | GET             
| Origin          | http://localhost:8080 
| User-Agent      | Mozilla/5.0 (Windows NT 10.0; WOW64) AppleWebKit/537.36 (KHTML, like Gecko) Chrome/78.0.3904.87 Safari/537.36 
| Access-Control-Request-Headers | authorization   
| Accept          | */*             
| Sec-Fetch-Site  | cross-site      
| Sec-Fetch-Mode  | cors            
| Referer         | http://localhost:8080/testCaseManage 
| Accept-Encoding | gzip, deflate, br 
| Accept-Language | zh-CN,zh;q=0.9  
+----Arguments----+
| 'currentPage'   | [b'1']          

[2019-12-20 17:16:23] [INFO] [MainThread] [handlers.py:44] Response Infomations:
+-----Headers-----+
| Content-Type    | application/json 

Body:
| TestCasesHandler object has list index out of range
[2019-12-20 17:16:23] [INFO] [MainThread] [handlers.py:63] Request Infomations:
+-----Headers-----+
| Host            | 127.0.0.1:8084  
| Connection      | keep-alive      
| Accept          | application/json, text/plain, */* 
| Origin          | http://localhost:8080 
| Authorization   | eyJ0eXAiOiJKV1QiLCJhbGciOiJIUzI1NiJ9.eyJpZCI6MSwibmlja19uYW1lIjpudWxsLCJleHAiOjE1NzY4MzI4MTV9.sQQNRJBoSPADTJuoFhLd7fMD0Jg2yjuDpjZ8v38nVQA 
| User-Agent      | Mozilla/5.0 (Windows NT 10.0; WOW64) AppleWebKit/537.36 (KHTML, like Gecko) Chrome/78.0.3904.87 Safari/537.36 
| Sec-Fetch-Site  | cross-site      
| Sec-Fetch-Mode  | cors            
| Referer         | http://localhost:8080/testCaseManage 
| Accept-Encoding | gzip, deflate, br 
| Accept-Language | zh-CN,zh;q=0.9  
+----Arguments----+
| 'currentPage'   | [b'1']          

[2019-12-20 17:16:24] [INFO] [MainThread] [handlers.py:44] Response Infomations:
+-----Headers-----+
| Content-Type    | application/json 

Body:
| {
|     "code": 1,
|     "msg": "用例数据查询成功!",
|     "data": [
|         {
|             "id": 33,
|             "add_time": "2019-12-18T17:40:36",
|             "test_name": "31312313131",
|             "assertion": "[{'name': '313', 'comparetor': 'LEQ', 'value': '3131'}]",
|             "creator": {
|                 "id": 1,
|                 "add_time": "2019-12-20T17:16:24.001797",
|                 "account": null,
|                 "password": null,
|                 "nick_name": null,
|                 "head_url": null,
|                 "address": null,
|                 "desc": null,
|                 "gender": null
|             },
|             "desc": "xxx",
|             "api": [
|                 {
|                     "id": 37,
|                     "add_time": "2019-12-18T17:40:36",
|                     "cases": {
|                         "id": 33,
|                         "add_time": "2019-12-20T17:16:24.020779",
|                         "test_name": null,
|                         "assertion": "[{'name': '313', 'comparetor': 'LEQ', 'value': '3131'}]",
|                         "creator": null,
|                         "desc": null
|                     },
|                     "interfaces": {
|                         "id": 8,
|                         "add_time": "2019-12-20T17:16:24.020779",
|                         "interface_name": "第三大学",
|                         "url": "32131231",
|                         "method": "post",
|                         "headers": "{\"Accept\":\"3123131\"}",
|                         "params": "{\"31312\":\"31312\"}",
|                         "creator": null,
|                         "project": null,
|                         "desc": null
|                     }
|                 },
|                 {
|                     "id": 38,
|                     "add_time": "2019-12-18T17:40:36",
|                     "cases": {
|                         "id": 33,
|                         "add_time": "2019-12-20T17:16:24.020779",
|                         "test_name": null,
|                         "assertion": "[{'name': '313', 'comparetor': 'LEQ', 'value': '3131'}]",
|                         "creator": null,
|                         "desc": null
|                     },
|                     "interfaces": {
|                         "id": 13,
|                         "add_time": "2019-12-20T17:16:24.020779",
|                         "interface_name": "3131",
|                         "url": "3131",
|                         "method": "get",
|                         "headers": "{}",
|                         "params": "=",
|                         "creator": null,
|                         "project": null,
|                         "desc": null
|                     }
|                 }
|             ],
|             "db_check": []
|         }
|     ]
| }
[2019-12-20 17:16:24] [INFO] [MainThread] [handlers.py:63] Request Infomations:
+-----Headers-----+
| Host            | 127.0.0.1:8084  
| Connection      | keep-alive      
| Accept          | application/json, text/plain, */* 
| Origin          | http://localhost:8080 
| Authorization   | eyJ0eXAiOiJKV1QiLCJhbGciOiJIUzI1NiJ9.eyJpZCI6MSwibmlja19uYW1lIjpudWxsLCJleHAiOjE1NzY4MzI4MTV9.sQQNRJBoSPADTJuoFhLd7fMD0Jg2yjuDpjZ8v38nVQA 
| User-Agent      | Mozilla/5.0 (Windows NT 10.0; WOW64) AppleWebKit/537.36 (KHTML, like Gecko) Chrome/78.0.3904.87 Safari/537.36 
| Sec-Fetch-Site  | cross-site      
| Sec-Fetch-Mode  | cors            
| Referer         | http://localhost:8080/testCaseManage 
| Accept-Encoding | gzip, deflate, br 
| Accept-Language | zh-CN,zh;q=0.9  
| If-None-Match   | "362062cd314cb5c5e4cc6aaca2b46b13e5dcc900" 
+----Arguments----+
| 'currentPage'   | [b'1']          

[2019-12-20 17:16:24] [INFO] [MainThread] [handlers.py:44] Response Infomations:
+-----Headers-----+
| Content-Type    | application/json 

Body:
| {
|     "code": 1,
|     "msg": "用例数据查询成功!",
|     "data": [
|         {
|             "id": 33,
|             "add_time": "2019-12-18T17:40:36",
|             "test_name": "31312313131",
|             "assertion": "[{'name': '313', 'comparetor': 'LEQ', 'value': '3131'}]",
|             "creator": {
|                 "id": 1,
|                 "add_time": "2019-12-20T17:16:24.066624",
|                 "account": null,
|                 "password": null,
|                 "nick_name": null,
|                 "head_url": null,
|                 "address": null,
|                 "desc": null,
|                 "gender": null
|             },
|             "desc": "xxx",
|             "api": [
|                 {
|                     "id": 37,
|                     "add_time": "2019-12-18T17:40:36",
|                     "cases": {
|                         "id": 33,
|                         "add_time": "2019-12-20T17:16:24.070614",
|                         "test_name": null,
|                         "assertion": "[{'name': '313', 'comparetor': 'LEQ', 'value': '3131'}]",
|                         "creator": null,
|                         "desc": null
|                     },
|                     "interfaces": {
|                         "id": 8,
|                         "add_time": "2019-12-20T17:16:24.070614",
|                         "interface_name": "第三大学",
|                         "url": "32131231",
|                         "method": "post",
|                         "headers": "{\"Accept\":\"3123131\"}",
|                         "params": "{\"31312\":\"31312\"}",
|                         "creator": null,
|                         "project": null,
|                         "desc": null
|                     }
|                 },
|                 {
|                     "id": 38,
|                     "add_time": "2019-12-18T17:40:36",
|                     "cases": {
|                         "id": 33,
|                         "add_time": "2019-12-20T17:16:24.071610",
|                         "test_name": null,
|                         "assertion": "[{'name': '313', 'comparetor': 'LEQ', 'value': '3131'}]",
|                         "creator": null,
|                         "desc": null
|                     },
|                     "interfaces": {
|                         "id": 13,
|                         "add_time": "2019-12-20T17:16:24.071610",
|                         "interface_name": "3131",
|                         "url": "3131",
|                         "method": "get",
|                         "headers": "{}",
|                         "params": "=",
|                         "creator": null,
|                         "project": null,
|                         "desc": null
|                     }
|                 }
|             ],
|             "db_check": []
|         }
|     ]
| }
[2019-12-20 17:16:24] [INFO] [MainThread] [handlers.py:63] Request Infomations:
+-----Headers-----+
| Host            | 127.0.0.1:8084  
| Connection      | keep-alive      
| Access-Control-Request-Method | GET             
| Origin          | http://localhost:8080 
| User-Agent      | Mozilla/5.0 (Windows NT 10.0; WOW64) AppleWebKit/537.36 (KHTML, like Gecko) Chrome/78.0.3904.87 Safari/537.36 
| Access-Control-Request-Headers | authorization   
| Accept          | */*             
| Sec-Fetch-Site  | cross-site      
| Sec-Fetch-Mode  | cors            
| Referer         | http://localhost:8080/interfacesManage 
| Accept-Encoding | gzip, deflate, br 
| Accept-Language | zh-CN,zh;q=0.9  
+----Arguments----+
| 'currentPage'   | [b'1']          

[2019-12-20 17:16:24] [INFO] [MainThread] [handlers.py:44] Response Infomations:
+-----Headers-----+
| Content-Type    | application/json 

Body:
| InterfacesHandler object has list index out of range
[2019-12-20 17:16:24] [INFO] [MainThread] [handlers.py:63] Request Infomations:
+-----Headers-----+
| Host            | 127.0.0.1:8084  
| Connection      | keep-alive      
| Access-Control-Request-Method | GET             
| Origin          | http://localhost:8080 
| User-Agent      | Mozilla/5.0 (Windows NT 10.0; WOW64) AppleWebKit/537.36 (KHTML, like Gecko) Chrome/78.0.3904.87 Safari/537.36 
| Access-Control-Request-Headers | authorization   
| Accept          | */*             
| Sec-Fetch-Site  | cross-site      
| Sec-Fetch-Mode  | cors            
| Referer         | http://localhost:8080/interfacesManage 
| Accept-Encoding | gzip, deflate, br 
| Accept-Language | zh-CN,zh;q=0.9  
+----Arguments----+
| 'currentPage'   | [b'1']          

[2019-12-20 17:16:24] [INFO] [MainThread] [handlers.py:44] Response Infomations:
+-----Headers-----+
| Content-Type    | application/json 

Body:
| InterfacesHandler object has list index out of range
[2019-12-20 17:16:24] [INFO] [MainThread] [handlers.py:63] Request Infomations:
+-----Headers-----+
| Host            | 127.0.0.1:8084  
| Connection      | keep-alive      
| Accept          | application/json, text/plain, */* 
| Origin          | http://localhost:8080 
| Authorization   | eyJ0eXAiOiJKV1QiLCJhbGciOiJIUzI1NiJ9.eyJpZCI6MSwibmlja19uYW1lIjpudWxsLCJleHAiOjE1NzY4MzI4MTV9.sQQNRJBoSPADTJuoFhLd7fMD0Jg2yjuDpjZ8v38nVQA 
| User-Agent      | Mozilla/5.0 (Windows NT 10.0; WOW64) AppleWebKit/537.36 (KHTML, like Gecko) Chrome/78.0.3904.87 Safari/537.36 
| Sec-Fetch-Site  | cross-site      
| Sec-Fetch-Mode  | cors            
| Referer         | http://localhost:8080/interfacesManage 
| Accept-Encoding | gzip, deflate, br 
| Accept-Language | zh-CN,zh;q=0.9  
+----Arguments----+
| 'currentPage'   | [b'1']          

[2019-12-20 17:16:24] [INFO] [MainThread] [handlers.py:44] Response Infomations:
+-----Headers-----+
| Content-Type    | application/json 

Body:
| {
|     "code": 1,
|     "msg": "接口数据查询成功!",
|     "data": [
|         {
|             "id": 8,
|             "add_time": "2019-12-05T20:16:55",
|             "interface_name": "第三大学",
|             "url": "32131231",
|             "method": "post",
|             "headers": "{\"Accept\":\"3123131\"}",
|             "params": "{\"31312\":\"31312\"}",
|             "creator": {
|                 "id": 1,
|                 "add_time": "2019-12-20T17:16:24.987855",
|                 "account": null,
|                 "password": null,
|                 "nick_name": null,
|                 "head_url": null,
|                 "address": null,
|                 "desc": null,
|                 "gender": null
|             },
|             "project": {
|                 "id": 8,
|                 "add_time": "2019-12-20T17:16:24.987855",
|                 "name": "嘻嘻嘻嘻嘻嘻嘻嘻",
|                 "env": null,
|                 "creator": null,
|                 "desc": null
|             },
|             "desc": "打打"
|         },
|         {
|             "id": 9,
|             "add_time": "2019-12-05T20:18:19",
|             "interface_name": "打打",
|             "url": "32131231",
|             "method": "post",
|             "headers": "{\"Accept\":\"3123131\",\"Accept-Charset\":\"32123213221\"}",
|             "params": "{\"3131\":\"3122313\",\"31312\":\"31312\"}",
|             "creator": {
|                 "id": 1,
|                 "add_time": "2019-12-20T17:16:24.987855",
|                 "account": null,
|                 "password": null,
|                 "nick_name": null,
|                 "head_url": null,
|                 "address": null,
|                 "desc": null,
|                 "gender": null
|             },
|             "project": {
|                 "id": 8,
|                 "add_time": "2019-12-20T17:16:24.987855",
|                 "name": "嘻嘻嘻嘻嘻嘻嘻嘻",
|                 "env": null,
|                 "creator": null,
|                 "desc": null
|             },
|             "desc": "打打"
|         },
|         {
|             "id": 10,
|             "add_time": "2019-12-05T20:16:55",
|             "interface_name": "李四",
|             "url": "32131231",
|             "method": "post",
|             "headers": "{\"Accept\":\"3123131\"}",
|             "params": "{\"31312\":\"31312\"}",
|             "creator": {
|                 "id": 1,
|                 "add_time": "2019-12-20T17:16:24.987855",
|                 "account": null,
|                 "password": null,
|                 "nick_name": null,
|                 "head_url": null,
|                 "address": null,
|                 "desc": null,
|                 "gender": null
|             },
|             "project": {
|                 "id": 8,
|                 "add_time": "2019-12-20T17:16:24.987855",
|                 "name": "嘻嘻嘻嘻嘻嘻嘻嘻",
|                 "env": null,
|                 "creator": null,
|                 "desc": null
|             },
|             "desc": "打打"
|         },
|         {
|             "id": 11,
|             "add_time": "2019-12-05T20:16:55",
|             "interface_name": "王五",
|             "url": "32131231",
|             "method": "post",
|             "headers": "{\"Accept\":\"3123131\"}",
|             "params": "{\"31312\":\"31312\"}",
|             "creator": {
|                 "id": 1,
|                 "add_time": "2019-12-20T17:16:24.987855",
|                 "account": null,
|                 "password": null,
|                 "nick_name": null,
|                 "head_url": null,
|                 "address": null,
|                 "desc": null,
|                 "gender": null
|             },
|             "project": {
|                 "id": 8,
|                 "add_time": "2019-12-20T17:16:24.987855",
|                 "name": "嘻嘻嘻嘻嘻嘻嘻嘻",
|                 "env": null,
|                 "creator": null,
|                 "desc": null
|             },
|             "desc": "打打"
|         },
|         {
|             "id": 12,
|             "add_time": "2019-12-13T17:13:01",
|             "interface_name": "31",
|             "url": "1",
|             "method": "POST",
|             "headers": "{}",
|             "params": "{}",
|             "creator": {
|                 "id": 1,
|                 "add_time": "2019-12-20T17:16:24.988822",
|                 "account": null,
|                 "password": null,
|                 "nick_name": null,
|                 "head_url": null,
|                 "address": null,
|                 "desc": null,
|                 "gender": null
|             },
|             "project": {
|                 "id": 8,
|                 "add_time": "2019-12-20T17:16:24.988822",
|                 "name": "嘻嘻嘻嘻嘻嘻嘻嘻",
|                 "env": null,
|                 "creator": null,
|                 "desc": null
|             },
|             "desc": "3131"
|         },
|         {
|             "id": 14,
|             "add_time": "2019-12-13T17:14:05",
|             "interface_name": "无敌",
|             "url": "213132",
|             "method": "POST",
|             "headers": "{}",
|             "params": "{}",
|             "creator": {
|                 "id": 1,
|                 "add_time": "2019-12-20T17:16:24.988822",
|                 "account": null,
|                 "password": null,
|                 "nick_name": null,
|                 "head_url": null,
|                 "address": null,
|                 "desc": null,
|                 "gender": null
|             },
|             "project": {
|                 "id": 8,
|                 "add_time": "2019-12-20T17:16:24.988822",
|                 "name": "嘻嘻嘻嘻嘻嘻嘻嘻",
|                 "env": null,
|                 "creator": null,
|                 "desc": null
|             },
|             "desc": "213"
|         },
|         {
|             "id": 13,
|             "add_time": "2019-12-13T17:13:32",
|             "interface_name": "3131",
|             "url": "3131",
|             "method": "get",
|             "headers": "{}",
|             "params": "=",
|             "creator": {
|                 "id": 1,
|                 "add_time": "2019-12-20T17:16:24.988822",
|                 "account": null,
|                 "password": null,
|                 "nick_name": null,
|                 "head_url": null,
|                 "address": null,
|                 "desc": null,
|                 "gender": null
|             },
|             "project": {
|                 "id": 7,
|                 "add_time": "2019-12-20T17:16:24.988822",
|                 "name": "12312",
|                 "env": null,
|                 "creator": null,
|                 "desc": null
|             },
|             "desc": "31"
|         }
|     ]
| }
[2019-12-20 17:16:25] [INFO] [MainThread] [handlers.py:63] Request Infomations:
+-----Headers-----+
| Host            | 127.0.0.1:8084  
| Connection      | keep-alive      
| Accept          | application/json, text/plain, */* 
| Origin          | http://localhost:8080 
| Authorization   | eyJ0eXAiOiJKV1QiLCJhbGciOiJIUzI1NiJ9.eyJpZCI6MSwibmlja19uYW1lIjpudWxsLCJleHAiOjE1NzY4MzI4MTV9.sQQNRJBoSPADTJuoFhLd7fMD0Jg2yjuDpjZ8v38nVQA 
| User-Agent      | Mozilla/5.0 (Windows NT 10.0; WOW64) AppleWebKit/537.36 (KHTML, like Gecko) Chrome/78.0.3904.87 Safari/537.36 
| Sec-Fetch-Site  | cross-site      
| Sec-Fetch-Mode  | cors            
| Referer         | http://localhost:8080/interfacesManage 
| Accept-Encoding | gzip, deflate, br 
| Accept-Language | zh-CN,zh;q=0.9  
| If-None-Match   | "56455b5c76287bce7ae98b42c6659ace856ffec9" 
+----Arguments----+
| 'currentPage'   | [b'1']          

[2019-12-20 17:16:25] [INFO] [MainThread] [handlers.py:44] Response Infomations:
+-----Headers-----+
| Content-Type    | application/json 

Body:
| {
|     "code": 1,
|     "msg": "接口数据查询成功!",
|     "data": [
|         {
|             "id": 8,
|             "add_time": "2019-12-05T20:16:55",
|             "interface_name": "第三大学",
|             "url": "32131231",
|             "method": "post",
|             "headers": "{\"Accept\":\"3123131\"}",
|             "params": "{\"31312\":\"31312\"}",
|             "creator": {
|                 "id": 1,
|                 "add_time": "2019-12-20T17:16:25.020747",
|                 "account": null,
|                 "password": null,
|                 "nick_name": null,
|                 "head_url": null,
|                 "address": null,
|                 "desc": null,
|                 "gender": null
|             },
|             "project": {
|                 "id": 8,
|                 "add_time": "2019-12-20T17:16:25.020747",
|                 "name": "嘻嘻嘻嘻嘻嘻嘻嘻",
|                 "env": null,
|                 "creator": null,
|                 "desc": null
|             },
|             "desc": "打打"
|         },
|         {
|             "id": 9,
|             "add_time": "2019-12-05T20:18:19",
|             "interface_name": "打打",
|             "url": "32131231",
|             "method": "post",
|             "headers": "{\"Accept\":\"3123131\",\"Accept-Charset\":\"32123213221\"}",
|             "params": "{\"3131\":\"3122313\",\"31312\":\"31312\"}",
|             "creator": {
|                 "id": 1,
|                 "add_time": "2019-12-20T17:16:25.020747",
|                 "account": null,
|                 "password": null,
|                 "nick_name": null,
|                 "head_url": null,
|                 "address": null,
|                 "desc": null,
|                 "gender": null
|             },
|             "project": {
|                 "id": 8,
|                 "add_time": "2019-12-20T17:16:25.020747",
|                 "name": "嘻嘻嘻嘻嘻嘻嘻嘻",
|                 "env": null,
|                 "creator": null,
|                 "desc": null
|             },
|             "desc": "打打"
|         },
|         {
|             "id": 10,
|             "add_time": "2019-12-05T20:16:55",
|             "interface_name": "李四",
|             "url": "32131231",
|             "method": "post",
|             "headers": "{\"Accept\":\"3123131\"}",
|             "params": "{\"31312\":\"31312\"}",
|             "creator": {
|                 "id": 1,
|                 "add_time": "2019-12-20T17:16:25.020747",
|                 "account": null,
|                 "password": null,
|                 "nick_name": null,
|                 "head_url": null,
|                 "address": null,
|                 "desc": null,
|                 "gender": null
|             },
|             "project": {
|                 "id": 8,
|                 "add_time": "2019-12-20T17:16:25.020747",
|                 "name": "嘻嘻嘻嘻嘻嘻嘻嘻",
|                 "env": null,
|                 "creator": null,
|                 "desc": null
|             },
|             "desc": "打打"
|         },
|         {
|             "id": 11,
|             "add_time": "2019-12-05T20:16:55",
|             "interface_name": "王五",
|             "url": "32131231",
|             "method": "post",
|             "headers": "{\"Accept\":\"3123131\"}",
|             "params": "{\"31312\":\"31312\"}",
|             "creator": {
|                 "id": 1,
|                 "add_time": "2019-12-20T17:16:25.021750",
|                 "account": null,
|                 "password": null,
|                 "nick_name": null,
|                 "head_url": null,
|                 "address": null,
|                 "desc": null,
|                 "gender": null
|             },
|             "project": {
|                 "id": 8,
|                 "add_time": "2019-12-20T17:16:25.021750",
|                 "name": "嘻嘻嘻嘻嘻嘻嘻嘻",
|                 "env": null,
|                 "creator": null,
|                 "desc": null
|             },
|             "desc": "打打"
|         },
|         {
|             "id": 12,
|             "add_time": "2019-12-13T17:13:01",
|             "interface_name": "31",
|             "url": "1",
|             "method": "POST",
|             "headers": "{}",
|             "params": "{}",
|             "creator": {
|                 "id": 1,
|                 "add_time": "2019-12-20T17:16:25.021750",
|                 "account": null,
|                 "password": null,
|                 "nick_name": null,
|                 "head_url": null,
|                 "address": null,
|                 "desc": null,
|                 "gender": null
|             },
|             "project": {
|                 "id": 8,
|                 "add_time": "2019-12-20T17:16:25.021750",
|                 "name": "嘻嘻嘻嘻嘻嘻嘻嘻",
|                 "env": null,
|                 "creator": null,
|                 "desc": null
|             },
|             "desc": "3131"
|         },
|         {
|             "id": 14,
|             "add_time": "2019-12-13T17:14:05",
|             "interface_name": "无敌",
|             "url": "213132",
|             "method": "POST",
|             "headers": "{}",
|             "params": "{}",
|             "creator": {
|                 "id": 1,
|                 "add_time": "2019-12-20T17:16:25.021750",
|                 "account": null,
|                 "password": null,
|                 "nick_name": null,
|                 "head_url": null,
|                 "address": null,
|                 "desc": null,
|                 "gender": null
|             },
|             "project": {
|                 "id": 8,
|                 "add_time": "2019-12-20T17:16:25.021750",
|                 "name": "嘻嘻嘻嘻嘻嘻嘻嘻",
|                 "env": null,
|                 "creator": null,
|                 "desc": null
|             },
|             "desc": "213"
|         },
|         {
|             "id": 13,
|             "add_time": "2019-12-13T17:13:32",
|             "interface_name": "3131",
|             "url": "3131",
|             "method": "get",
|             "headers": "{}",
|             "params": "=",
|             "creator": {
|                 "id": 1,
|                 "add_time": "2019-12-20T17:16:25.021750",
|                 "account": null,
|                 "password": null,
|                 "nick_name": null,
|                 "head_url": null,
|                 "address": null,
|                 "desc": null,
|                 "gender": null
|             },
|             "project": {
|                 "id": 7,
|                 "add_time": "2019-12-20T17:16:25.021750",
|                 "name": "12312",
|                 "env": null,
|                 "creator": null,
|                 "desc": null
|             },
|             "desc": "31"
|         }
|     ]
| }
[2019-12-20 17:16:29] [INFO] [MainThread] [handlers.py:63] Request Infomations:
+-----Headers-----+
| Host            | 127.0.0.1:8084  
| Connection      | keep-alive      
| Access-Control-Request-Method | GET             
| Origin          | http://localhost:8080 
| User-Agent      | Mozilla/5.0 (Windows NT 10.0; WOW64) AppleWebKit/537.36 (KHTML, like Gecko) Chrome/78.0.3904.87 Safari/537.36 
| Access-Control-Request-Headers | authorization   
| Accept          | */*             
| Sec-Fetch-Site  | cross-site      
| Sec-Fetch-Mode  | cors            
| Referer         | http://localhost:8080/interfacesManage 
| Accept-Encoding | gzip, deflate, br 
| Accept-Language | zh-CN,zh;q=0.9  

[2019-12-20 17:16:29] [INFO] [MainThread] [handlers.py:44] Response Infomations:
+-----Headers-----+
| Content-Type    | application/json 

Body:
| ProjectHandler object has list index out of range
[2019-12-20 17:16:29] [INFO] [MainThread] [handlers.py:63] Request Infomations:
+-----Headers-----+
| Host            | 127.0.0.1:8084  
| Connection      | keep-alive      
| Accept          | application/json, text/plain, */* 
| Origin          | http://localhost:8080 
| Authorization   | eyJ0eXAiOiJKV1QiLCJhbGciOiJIUzI1NiJ9.eyJpZCI6MSwibmlja19uYW1lIjpudWxsLCJleHAiOjE1NzY4MzI4MTV9.sQQNRJBoSPADTJuoFhLd7fMD0Jg2yjuDpjZ8v38nVQA 
| User-Agent      | Mozilla/5.0 (Windows NT 10.0; WOW64) AppleWebKit/537.36 (KHTML, like Gecko) Chrome/78.0.3904.87 Safari/537.36 
| Sec-Fetch-Site  | cross-site      
| Sec-Fetch-Mode  | cors            
| Referer         | http://localhost:8080/interfacesManage 
| Accept-Encoding | gzip, deflate, br 
| Accept-Language | zh-CN,zh;q=0.9  

[2019-12-20 17:16:29] [INFO] [MainThread] [handlers.py:44] Response Infomations:
+-----Headers-----+
| Content-Type    | application/json 

Body:
| {
|     "code": 1,
|     "msg": "项目数据查询成功!",
|     "data": [
|         {
|             "id": 8,
|             "add_time": "2019-12-05T15:58:02",
|             "name": "嘻嘻嘻嘻嘻嘻嘻嘻",
|             "env": {
|                 "id": 12,
|                 "add_time": "2019-12-20T17:16:29.479020",
|                 "name": "3是是是",
|                 "creator": null,
|                 "host_address": "大萨达撒所多",
|                 "desc": null
|             },
|             "creator": {
|                 "id": 1,
|                 "add_time": "2019-12-20T17:16:29.479020",
|                 "account": null,
|                 "password": null,
|                 "nick_name": null,
|                 "head_url": null,
|                 "address": null,
|                 "desc": null,
|                 "gender": null
|             },
|             "desc": "213"
|         },
|         {
|             "id": 7,
|             "add_time": "2019-12-05T15:57:43",
|             "name": "12312",
|             "env": {
|                 "id": 8,
|                 "add_time": "2019-12-20T17:16:29.479020",
|                 "name": "谢谢谢谢",
|                 "creator": null,
|                 "host_address": "https://testapp.atzuche.com:7065",
|                 "desc": null
|             },
|             "creator": {
|                 "id": 1,
|                 "add_time": "2019-12-20T17:16:29.479020",
|                 "account": null,
|                 "password": null,
|                 "nick_name": null,
|                 "head_url": null,
|                 "address": null,
|                 "desc": null,
|                 "gender": null
|             },
|             "desc": "32131"
|         },
|         {
|             "id": 6,
|             "add_time": "2019-12-02T21:50:07",
|             "name": "生产",
|             "env": {
|                 "id": 13,
|                 "add_time": "2019-12-20T17:16:29.479020",
|                 "name": "潇洒些洒下",
|                 "creator": null,
|                 "host_address": "大师兄阿达萨达",
|                 "desc": null
|             },
|             "creator": {
|                 "id": 1,
|                 "add_time": "2019-12-20T17:16:29.479020",
|                 "account": null,
|                 "password": null,
|                 "nick_name": null,
|                 "head_url": null,
|                 "address": null,
|                 "desc": null,
|                 "gender": null
|             },
|             "desc": "12313"
|         },
|         {
|             "id": 5,
|             "add_time": "2019-11-27T16:41:03",
|             "name": "踩踩踩踩踩",
|             "env": {
|                 "id": 8,
|                 "add_time": "2019-12-20T17:16:29.480033",
|                 "name": "谢谢谢谢",
|                 "creator": null,
|                 "host_address": "https://testapp.atzuche.com:7065",
|                 "desc": null
|             },
|             "creator": {
|                 "id": 1,
|                 "add_time": "2019-12-20T17:16:29.480033",
|                 "account": null,
|                 "password": null,
|                 "nick_name": null,
|                 "head_url": null,
|                 "address": null,
|                 "desc": null,
|                 "gender": null
|             },
|             "desc": "23213"
|         },
|         {
|             "id": 4,
|             "add_time": "2019-11-27T16:18:15",
|             "name": "测试",
|             "env": {
|                 "id": 7,
|                 "add_time": "2019-12-20T17:16:29.480033",
|                 "name": "测试",
|                 "creator": null,
|                 "host_address": "http://127.0.0.1:8084",
|                 "desc": null
|             },
|             "creator": {
|                 "id": 1,
|                 "add_time": "2019-12-20T17:16:29.480033",
|                 "account": null,
|                 "password": null,
|                 "nick_name": null,
|                 "head_url": null,
|                 "address": null,
|                 "desc": null,
|                 "gender": null
|             },
|             "desc": "1其"
|         },
|         {
|             "id": 3,
|             "add_time": "2019-11-27T16:06:23",
|             "name": "嘻嘻嘻",
|             "env": {
|                 "id": 6,
|                 "add_time": "2019-12-20T17:16:29.480033",
|                 "name": "休息休息",
|                 "creator": null,
|                 "host_address": "xxxx",
|                 "desc": null
|             },
|             "creator": {
|                 "id": 1,
|                 "add_time": "2019-12-20T17:16:29.480033",
|                 "account": null,
|                 "password": null,
|                 "nick_name": null,
|                 "head_url": null,
|                 "address": null,
|                 "desc": null,
|                 "gender": null
|             },
|             "desc": "嘻嘻嘻"
|         },
|         {
|             "id": 2,
|             "add_time": "2019-11-27T15:50:44",
|             "name": "e31231",
|             "env": {
|                 "id": 4,
|                 "add_time": "2019-12-20T17:16:29.480033",
|                 "name": "made打打",
|                 "creator": null,
|                 "host_address": "eqeq",
|                 "desc": null
|             },
|             "creator": {
|                 "id": 1,
|                 "add_time": "2019-12-20T17:16:29.480033",
|                 "account": null,
|                 "password": null,
|                 "nick_name": null,
|                 "head_url": null,
|                 "address": null,
|                 "desc": null,
|                 "gender": null
|             },
|             "desc": "3131"
|         },
|         {
|             "id": 1,
|             "add_time": "2019-11-27T15:44:52",
|             "name": "3131",
|             "env": {
|                 "id": 5,
|                 "add_time": "2019-12-20T17:16:29.481014",
|                 "name": "远远",
|                 "creator": null,
|                 "host_address": "31",
|                 "desc": null
|             },
|             "creator": {
|                 "id": 1,
|                 "add_time": "2019-12-20T17:16:29.481014",
|                 "account": null,
|                 "password": null,
|                 "nick_name": null,
|                 "head_url": null,
|                 "address": null,
|                 "desc": null,
|                 "gender": null
|             },
|             "desc": "1231"
|         }
|     ]
| }
[2019-12-20 17:16:34] [INFO] [MainThread] [handlers.py:63] Request Infomations:
+-----Headers-----+
| Host            | 127.0.0.1:8084  
| Connection      | keep-alive      
| Accept          | application/json, text/plain, */* 
| Origin          | http://localhost:8080 
| Authorization   | eyJ0eXAiOiJKV1QiLCJhbGciOiJIUzI1NiJ9.eyJpZCI6MSwibmlja19uYW1lIjpudWxsLCJleHAiOjE1NzY4MzI4MTV9.sQQNRJBoSPADTJuoFhLd7fMD0Jg2yjuDpjZ8v38nVQA 
| User-Agent      | Mozilla/5.0 (Windows NT 10.0; WOW64) AppleWebKit/537.36 (KHTML, like Gecko) Chrome/78.0.3904.87 Safari/537.36 
| Sec-Fetch-Site  | cross-site      
| Sec-Fetch-Mode  | cors            
| Referer         | http://localhost:8080/testCaseManage 
| Accept-Encoding | gzip, deflate, br 
| Accept-Language | zh-CN,zh;q=0.9  
| If-None-Match   | "ffc388024295ef98d3101bfde1f6c944bac03318" 
+----Arguments----+
| 'currentPage'   | [b'1']          

[2019-12-20 17:16:34] [INFO] [MainThread] [handlers.py:44] Response Infomations:
+-----Headers-----+
| Content-Type    | application/json 

Body:
| {
|     "code": 1,
|     "msg": "用例数据查询成功!",
|     "data": [
|         {
|             "id": 33,
|             "add_time": "2019-12-18T17:40:36",
|             "test_name": "31312313131",
|             "assertion": "[{'name': '313', 'comparetor': 'LEQ', 'value': '3131'}]",
|             "creator": {
|                 "id": 1,
|                 "add_time": "2019-12-20T17:16:34.481582",
|                 "account": null,
|                 "password": null,
|                 "nick_name": null,
|                 "head_url": null,
|                 "address": null,
|                 "desc": null,
|                 "gender": null
|             },
|             "desc": "xxx",
|             "api": [
|                 {
|                     "id": 37,
|                     "add_time": "2019-12-18T17:40:36",
|                     "cases": {
|                         "id": 33,
|                         "add_time": "2019-12-20T17:16:34.488587",
|                         "test_name": null,
|                         "assertion": "[{'name': '313', 'comparetor': 'LEQ', 'value': '3131'}]",
|                         "creator": null,
|                         "desc": null
|                     },
|                     "interfaces": {
|                         "id": 8,
|                         "add_time": "2019-12-20T17:16:34.488587",
|                         "interface_name": "第三大学",
|                         "url": "32131231",
|                         "method": "post",
|                         "headers": "{\"Accept\":\"3123131\"}",
|                         "params": "{\"31312\":\"31312\"}",
|                         "creator": null,
|                         "project": null,
|                         "desc": null
|                     }
|                 },
|                 {
|                     "id": 38,
|                     "add_time": "2019-12-18T17:40:36",
|                     "cases": {
|                         "id": 33,
|                         "add_time": "2019-12-20T17:16:34.489560",
|                         "test_name": null,
|                         "assertion": "[{'name': '313', 'comparetor': 'LEQ', 'value': '3131'}]",
|                         "creator": null,
|                         "desc": null
|                     },
|                     "interfaces": {
|                         "id": 13,
|                         "add_time": "2019-12-20T17:16:34.489560",
|                         "interface_name": "3131",
|                         "url": "3131",
|                         "method": "get",
|                         "headers": "{}",
|                         "params": "=",
|                         "creator": null,
|                         "project": null,
|                         "desc": null
|                     }
|                 }
|             ],
|             "db_check": []
|         }
|     ]
| }
[2019-12-20 17:16:34] [INFO] [MainThread] [handlers.py:63] Request Infomations:
+-----Headers-----+
| Host            | 127.0.0.1:8084  
| Connection      | keep-alive      
| Accept          | application/json, text/plain, */* 
| Origin          | http://localhost:8080 
| Authorization   | eyJ0eXAiOiJKV1QiLCJhbGciOiJIUzI1NiJ9.eyJpZCI6MSwibmlja19uYW1lIjpudWxsLCJleHAiOjE1NzY4MzI4MTV9.sQQNRJBoSPADTJuoFhLd7fMD0Jg2yjuDpjZ8v38nVQA 
| User-Agent      | Mozilla/5.0 (Windows NT 10.0; WOW64) AppleWebKit/537.36 (KHTML, like Gecko) Chrome/78.0.3904.87 Safari/537.36 
| Sec-Fetch-Site  | cross-site      
| Sec-Fetch-Mode  | cors            
| Referer         | http://localhost:8080/testCaseManage 
| Accept-Encoding | gzip, deflate, br 
| Accept-Language | zh-CN,zh;q=0.9  
| If-None-Match   | "3cfa8349b2dd5cdd54938e0a29470679a929772e" 
+----Arguments----+
| 'currentPage'   | [b'1']          

[2019-12-20 17:16:34] [INFO] [MainThread] [handlers.py:44] Response Infomations:
+-----Headers-----+
| Content-Type    | application/json 

Body:
| {
|     "code": 1,
|     "msg": "用例数据查询成功!",
|     "data": [
|         {
|             "id": 33,
|             "add_time": "2019-12-18T17:40:36",
|             "test_name": "31312313131",
|             "assertion": "[{'name': '313', 'comparetor': 'LEQ', 'value': '3131'}]",
|             "creator": {
|                 "id": 1,
|                 "add_time": "2019-12-20T17:16:34.517500",
|                 "account": null,
|                 "password": null,
|                 "nick_name": null,
|                 "head_url": null,
|                 "address": null,
|                 "desc": null,
|                 "gender": null
|             },
|             "desc": "xxx",
|             "api": [
|                 {
|                     "id": 37,
|                     "add_time": "2019-12-18T17:40:36",
|                     "cases": {
|                         "id": 33,
|                         "add_time": "2019-12-20T17:16:34.525480",
|                         "test_name": null,
|                         "assertion": "[{'name': '313', 'comparetor': 'LEQ', 'value': '3131'}]",
|                         "creator": null,
|                         "desc": null
|                     },
|                     "interfaces": {
|                         "id": 8,
|                         "add_time": "2019-12-20T17:16:34.525480",
|                         "interface_name": "第三大学",
|                         "url": "32131231",
|                         "method": "post",
|                         "headers": "{\"Accept\":\"3123131\"}",
|                         "params": "{\"31312\":\"31312\"}",
|                         "creator": null,
|                         "project": null,
|                         "desc": null
|                     }
|                 },
|                 {
|                     "id": 38,
|                     "add_time": "2019-12-18T17:40:36",
|                     "cases": {
|                         "id": 33,
|                         "add_time": "2019-12-20T17:16:34.526463",
|                         "test_name": null,
|                         "assertion": "[{'name': '313', 'comparetor': 'LEQ', 'value': '3131'}]",
|                         "creator": null,
|                         "desc": null
|                     },
|                     "interfaces": {
|                         "id": 13,
|                         "add_time": "2019-12-20T17:16:34.526463",
|                         "interface_name": "3131",
|                         "url": "3131",
|                         "method": "get",
|                         "headers": "{}",
|                         "params": "=",
|                         "creator": null,
|                         "project": null,
|                         "desc": null
|                     }
|                 }
|             ],
|             "db_check": []
|         }
|     ]
| }
[2019-12-20 17:16:35] [INFO] [MainThread] [handlers.py:63] Request Infomations:
+-----Headers-----+
| Host            | 127.0.0.1:8084  
| Connection      | keep-alive      
| Access-Control-Request-Method | GET             
| Origin          | http://localhost:8080 
| User-Agent      | Mozilla/5.0 (Windows NT 10.0; WOW64) AppleWebKit/537.36 (KHTML, like Gecko) Chrome/78.0.3904.87 Safari/537.36 
| Access-Control-Request-Headers | authorization   
| Accept          | */*             
| Sec-Fetch-Site  | cross-site      
| Sec-Fetch-Mode  | cors            
| Referer         | http://localhost:8080/testCaseManage 
| Accept-Encoding | gzip, deflate, br 
| Accept-Language | zh-CN,zh;q=0.9  

[2019-12-20 17:16:35] [INFO] [MainThread] [handlers.py:44] Response Infomations:
+-----Headers-----+
| Content-Type    | application/json 

Body:
| InterfacesHandler object has list index out of range
[2019-12-20 17:16:35] [INFO] [MainThread] [handlers.py:63] Request Infomations:
+-----Headers-----+
| Host            | 127.0.0.1:8084  
| Connection      | keep-alive      
| Access-Control-Request-Method | GET             
| Origin          | http://localhost:8080 
| User-Agent      | Mozilla/5.0 (Windows NT 10.0; WOW64) AppleWebKit/537.36 (KHTML, like Gecko) Chrome/78.0.3904.87 Safari/537.36 
| Access-Control-Request-Headers | authorization   
| Accept          | */*             
| Sec-Fetch-Site  | cross-site      
| Sec-Fetch-Mode  | cors            
| Referer         | http://localhost:8080/testCaseManage 
| Accept-Encoding | gzip, deflate, br 
| Accept-Language | zh-CN,zh;q=0.9  

[2019-12-20 17:16:35] [INFO] [MainThread] [handlers.py:44] Response Infomations:
+-----Headers-----+
| Content-Type    | application/json 

Body:
| DbSettingHandler object has list index out of range
[2019-12-20 17:16:35] [INFO] [MainThread] [handlers.py:63] Request Infomations:
+-----Headers-----+
| Host            | 127.0.0.1:8084  
| Connection      | keep-alive      
| Accept          | application/json, text/plain, */* 
| Origin          | http://localhost:8080 
| Authorization   | eyJ0eXAiOiJKV1QiLCJhbGciOiJIUzI1NiJ9.eyJpZCI6MSwibmlja19uYW1lIjpudWxsLCJleHAiOjE1NzY4MzI4MTV9.sQQNRJBoSPADTJuoFhLd7fMD0Jg2yjuDpjZ8v38nVQA 
| User-Agent      | Mozilla/5.0 (Windows NT 10.0; WOW64) AppleWebKit/537.36 (KHTML, like Gecko) Chrome/78.0.3904.87 Safari/537.36 
| Sec-Fetch-Site  | cross-site      
| Sec-Fetch-Mode  | cors            
| Referer         | http://localhost:8080/testCaseManage 
| Accept-Encoding | gzip, deflate, br 
| Accept-Language | zh-CN,zh;q=0.9  

[2019-12-20 17:16:35] [INFO] [MainThread] [handlers.py:63] Request Infomations:
+-----Headers-----+
| Host            | 127.0.0.1:8084  
| Connection      | keep-alive      
| Accept          | application/json, text/plain, */* 
| Origin          | http://localhost:8080 
| Authorization   | eyJ0eXAiOiJKV1QiLCJhbGciOiJIUzI1NiJ9.eyJpZCI6MSwibmlja19uYW1lIjpudWxsLCJleHAiOjE1NzY4MzI4MTV9.sQQNRJBoSPADTJuoFhLd7fMD0Jg2yjuDpjZ8v38nVQA 
| User-Agent      | Mozilla/5.0 (Windows NT 10.0; WOW64) AppleWebKit/537.36 (KHTML, like Gecko) Chrome/78.0.3904.87 Safari/537.36 
| Sec-Fetch-Site  | cross-site      
| Sec-Fetch-Mode  | cors            
| Referer         | http://localhost:8080/testCaseManage 
| Accept-Encoding | gzip, deflate, br 
| Accept-Language | zh-CN,zh;q=0.9  

[2019-12-20 17:16:35] [INFO] [MainThread] [handlers.py:44] Response Infomations:
+-----Headers-----+
| Content-Type    | application/json 

Body:
| {
|     "code": 1,
|     "msg": "接口数据查询成功!",
|     "data": [
|         {
|             "id": 8,
|             "add_time": "2019-12-05T20:16:55",
|             "interface_name": "第三大学",
|             "url": "32131231",
|             "method": "post",
|             "headers": "{\"Accept\":\"3123131\"}",
|             "params": "{\"31312\":\"31312\"}",
|             "creator": {
|                 "id": 1,
|                 "add_time": "2019-12-20T17:16:35.041870",
|                 "account": null,
|                 "password": null,
|                 "nick_name": null,
|                 "head_url": null,
|                 "address": null,
|                 "desc": null,
|                 "gender": null
|             },
|             "project": {
|                 "id": 8,
|                 "add_time": "2019-12-20T17:16:35.041870",
|                 "name": "嘻嘻嘻嘻嘻嘻嘻嘻",
|                 "env": null,
|                 "creator": null,
|                 "desc": null
|             },
|             "desc": "打打"
|         },
|         {
|             "id": 9,
|             "add_time": "2019-12-05T20:18:19",
|             "interface_name": "打打",
|             "url": "32131231",
|             "method": "post",
|             "headers": "{\"Accept\":\"3123131\",\"Accept-Charset\":\"32123213221\"}",
|             "params": "{\"3131\":\"3122313\",\"31312\":\"31312\"}",
|             "creator": {
|                 "id": 1,
|                 "add_time": "2019-12-20T17:16:35.041870",
|                 "account": null,
|                 "password": null,
|                 "nick_name": null,
|                 "head_url": null,
|                 "address": null,
|                 "desc": null,
|                 "gender": null
|             },
|             "project": {
|                 "id": 8,
|                 "add_time": "2019-12-20T17:16:35.041870",
|                 "name": "嘻嘻嘻嘻嘻嘻嘻嘻",
|                 "env": null,
|                 "creator": null,
|                 "desc": null
|             },
|             "desc": "打打"
|         },
|         {
|             "id": 10,
|             "add_time": "2019-12-05T20:16:55",
|             "interface_name": "李四",
|             "url": "32131231",
|             "method": "post",
|             "headers": "{\"Accept\":\"3123131\"}",
|             "params": "{\"31312\":\"31312\"}",
|             "creator": {
|                 "id": 1,
|                 "add_time": "2019-12-20T17:16:35.042869",
|                 "account": null,
|                 "password": null,
|                 "nick_name": null,
|                 "head_url": null,
|                 "address": null,
|                 "desc": null,
|                 "gender": null
|             },
|             "project": {
|                 "id": 8,
|                 "add_time": "2019-12-20T17:16:35.042869",
|                 "name": "嘻嘻嘻嘻嘻嘻嘻嘻",
|                 "env": null,
|                 "creator": null,
|                 "desc": null
|             },
|             "desc": "打打"
|         },
|         {
|             "id": 11,
|             "add_time": "2019-12-05T20:16:55",
|             "interface_name": "王五",
|             "url": "32131231",
|             "method": "post",
|             "headers": "{\"Accept\":\"3123131\"}",
|             "params": "{\"31312\":\"31312\"}",
|             "creator": {
|                 "id": 1,
|                 "add_time": "2019-12-20T17:16:35.042869",
|                 "account": null,
|                 "password": null,
|                 "nick_name": null,
|                 "head_url": null,
|                 "address": null,
|                 "desc": null,
|                 "gender": null
|             },
|             "project": {
|                 "id": 8,
|                 "add_time": "2019-12-20T17:16:35.042869",
|                 "name": "嘻嘻嘻嘻嘻嘻嘻嘻",
|                 "env": null,
|                 "creator": null,
|                 "desc": null
|             },
|             "desc": "打打"
|         },
|         {
|             "id": 12,
|             "add_time": "2019-12-13T17:13:01",
|             "interface_name": "31",
|             "url": "1",
|             "method": "POST",
|             "headers": "{}",
|             "params": "{}",
|             "creator": {
|                 "id": 1,
|                 "add_time": "2019-12-20T17:16:35.042869",
|                 "account": null,
|                 "password": null,
|                 "nick_name": null,
|                 "head_url": null,
|                 "address": null,
|                 "desc": null,
|                 "gender": null
|             },
|             "project": {
|                 "id": 8,
|                 "add_time": "2019-12-20T17:16:35.042869",
|                 "name": "嘻嘻嘻嘻嘻嘻嘻嘻",
|                 "env": null,
|                 "creator": null,
|                 "desc": null
|             },
|             "desc": "3131"
|         },
|         {
|             "id": 14,
|             "add_time": "2019-12-13T17:14:05",
|             "interface_name": "无敌",
|             "url": "213132",
|             "method": "POST",
|             "headers": "{}",
|             "params": "{}",
|             "creator": {
|                 "id": 1,
|                 "add_time": "2019-12-20T17:16:35.043898",
|                 "account": null,
|                 "password": null,
|                 "nick_name": null,
|                 "head_url": null,
|                 "address": null,
|                 "desc": null,
|                 "gender": null
|             },
|             "project": {
|                 "id": 8,
|                 "add_time": "2019-12-20T17:16:35.043898",
|                 "name": "嘻嘻嘻嘻嘻嘻嘻嘻",
|                 "env": null,
|                 "creator": null,
|                 "desc": null
|             },
|             "desc": "213"
|         },
|         {
|             "id": 13,
|             "add_time": "2019-12-13T17:13:32",
|             "interface_name": "3131",
|             "url": "3131",
|             "method": "get",
|             "headers": "{}",
|             "params": "=",
|             "creator": {
|                 "id": 1,
|                 "add_time": "2019-12-20T17:16:35.043898",
|                 "account": null,
|                 "password": null,
|                 "nick_name": null,
|                 "head_url": null,
|                 "address": null,
|                 "desc": null,
|                 "gender": null
|             },
|             "project": {
|                 "id": 7,
|                 "add_time": "2019-12-20T17:16:35.043898",
|                 "name": "12312",
|                 "env": null,
|                 "creator": null,
|                 "desc": null
|             },
|             "desc": "31"
|         }
|     ]
| }
[2019-12-20 17:16:35] [INFO] [MainThread] [handlers.py:44] Response Infomations:
+-----Headers-----+
| Content-Type    | application/json 

Body:
| {
|     "code": 1,
|     "msg": "数据库配置数据查询成功!",
|     "data": [
|         {
|             "id": 7,
|             "add_time": "2019-12-13T16:29:35",
|             "name": "sds",
|             "creator": {
|                 "id": 1,
|                 "add_time": "2019-12-20T17:16:35.087798",
|                 "account": null,
|                 "password": null,
|                 "nick_name": null,
|                 "head_url": null,
|                 "address": null,
|                 "desc": null,
|                 "gender": null
|             },
|             "db_type": "Google Fusion Tables",
|             "db_user": "31",
|             "db_password": "31",
|             "db_host": "31",
|             "db_port": 31,
|             "desc": "31"
|         },
|         {
|             "id": 6,
|             "add_time": "2019-12-11T20:47:00",
|             "name": "12321",
|             "creator": {
|                 "id": 1,
|                 "add_time": "2019-12-20T17:16:35.087798",
|                 "account": null,
|                 "password": null,
|                 "nick_name": null,
|                 "head_url": null,
|                 "address": null,
|                 "desc": null,
|                 "gender": null
|             },
|             "db_type": "MySQL",
|             "db_user": "312",
|             "db_password": "312",
|             "db_host": "31",
|             "db_port": 31,
|             "desc": "31"
|         },
|         {
|             "id": 5,
|             "add_time": "2019-12-11T20:46:41",
|             "name": "1321",
|             "creator": {
|                 "id": 1,
|                 "add_time": "2019-12-20T17:16:35.087798",
|                 "account": null,
|                 "password": null,
|                 "nick_name": null,
|                 "head_url": null,
|                 "address": null,
|                 "desc": null,
|                 "gender": null
|             },
|             "db_type": "Mysql",
|             "db_user": "3131",
|             "db_password": "3131",
|             "db_host": "31",
|             "db_port": 31,
|             "desc": "313"
|         },
|         {
|             "id": 4,
|             "add_time": "2019-12-05T15:15:11",
|             "name": "侧深V从",
|             "creator": {
|                 "id": 1,
|                 "add_time": "2019-12-20T17:16:35.088794",
|                 "account": null,
|                 "password": null,
|                 "nick_name": null,
|                 "head_url": null,
|                 "address": null,
|                 "desc": null,
|                 "gender": null
|             },
|             "db_type": "侧深V从",
|             "db_user": "侧深V从",
|             "db_password": "侧深V从",
|             "db_host": "侧深V从",
|             "db_port": 3306,
|             "desc": "侧深V从"
|         },
|         {
|             "id": 2,
|             "add_time": "2019-11-27T18:02:58",
|             "name": "3131",
|             "creator": {
|                 "id": 1,
|                 "add_time": "2019-12-20T17:16:35.088794",
|                 "account": null,
|                 "password": null,
|                 "nick_name": null,
|                 "head_url": null,
|                 "address": null,
|                 "desc": null,
|                 "gender": null
|             },
|             "db_type": "313",
|             "db_user": "31",
|             "db_password": "31",
|             "db_host": "31",
|             "db_port": 31,
|             "desc": "31"
|         }
|     ]
| }
