[2019-12-23 14:06:39] [INFO] [MainThread] [handlers.py:63] Request Infomations:
+-----Headers-----+
| Authorization   | eyJ0eXAiOiJKV1QiLCJhbGciOiJIUzI1NiJ9.eyJpZCI6MSwibmlja19uYW1lIjpudWxsLCJleHAiOjE1NzY4MzI4MTV9.sQQNRJBoSPADTJuoFhLd7fMD0Jg2yjuDpjZ8v38nVQA 
| Content-Type    | application/json 
| User-Agent      | PostmanRuntime/7.21.0 
| Accept          | */*             
| Cache-Control   | no-cache        
| Postman-Token   | de1d332d-9839-413c-9d84-ec41cd72f3b6 
| Host            | 127.0.0.1:8084  
| Accept-Encoding | gzip, deflate   
| Content-Length  | 80              
| Connection      | keep-alive      
+----Arguments----+
| 'name'          | '≤‚ ‘'            
| 'params_type'   | 1               
| 'params'        | '1312222222222222222222222' 

[2019-12-23 14:06:40] [INFO] [MainThread] [handlers.py:44] Response Infomations:
+-----Headers-----+
| Content-Type    | application/json 

Body:
| {
|     "code": 1,
|     "msg": null,
|     "data": {
|         "paramsId": 2
|     }
| }
